{"timestamp": "2025-05-15T12:41:23.302175Z", "level": "DEBUG", "instance": "@EDU_ArabicBot", "action": "UPDATE", "update": "{\"update_id\": 431473777, \"message\": {\"message_id\": 998, \"from\": {\"id\": 5700964012, \"is_bot\": false, \"first_name\": \"Abduvohid Abdujalilov\", \"username\": \"abduvohid_dev\", \"language_code\": \"en\"}, \"chat\": {\"id\": 5700964012, \"first_name\": \"Abduvohid Abdujalilov\", \"username\": \"abduvohid_dev\", \"type\": \"private\"}, \"date\": 1747312883, \"text\": \"https://youtu.be/ykKL5c3Orqg?si=jbiEhGi5GxZ8thXb\", \"entities\": [{\"offset\": 0, \"length\": 48, \"type\": \"url\"}], \"link_preview_options\": {\"url\": \"https://youtu.be/ykKL5c3Orqg?si=jbiEhGi5GxZ8thXb\"}}}"}
{"timestamp": "2025-05-15T12:41:23.324021Z", "level": "INFO", "instance": "@EDU_ArabicBot", "action": "ACCOUNT_CREATED", "account_id": 1, "chat_id": 5700964012, "user_id": 5700964012}
{"timestamp": "2025-05-15T12:41:23.498020Z", "level": "INFO", "instance": "@EDU_ArabicBot", "action": "YOUTUBE_LINK", "chat_id": 5700964012, "user_id": 5700964012, "link": "https://youtu.be/ykKL5c3Orqg?si=jbiEhGi5GxZ8thXb"}
{"timestamp": "2025-05-15T12:41:25.198870Z", "level": "DEBUG", "instance": "@EDU_ArabicBot", "action": "UPDATE", "update": "{\"update_id\": 431473778, \"callback_query\": {\"id\": \"6038709916834487485\", \"from\": {\"id\": 5700964012, \"is_bot\": false, \"first_name\": \"Abduvohid Abdujalilov\", \"username\": \"abduvohid_dev\", \"language_code\": \"en\"}, \"message\": {\"message_id\": 999, \"from\": {\"id\": 8098660158, \"is_bot\": true, \"first_name\": \"EduArabic\", \"username\": \"EDU_ArabicBot\"}, \"chat\": {\"id\": 5700964012, \"first_name\": \"Abduvohid Abdujalilov\", \"username\": \"abduvohid_dev\", \"type\": \"private\"}, \"date\": 1747312883, \"photo\": [{\"file_id\": \"AgACAgQAAxkDAAID52gl4POxZs9yURbTdeBb54JmZbB6AAL1tzEbzvg0UU-nRhlPbLT8AQADAgADcwADNgQ\", \"file_unique_id\": \"AQAD9bcxG874NFF4\", \"file_size\": 1438, \"width\": 90, \"height\": 67}, {\"file_id\": \"AgACAgQAAxkDAAID52gl4POxZs9yURbTdeBb54JmZbB6AAL1tzEbzvg0UU-nRhlPbLT8AQADAgADbQADNgQ\", \"file_unique_id\": \"AQAD9bcxG874NFFy\", \"file_size\": 18030, \"width\": 320, \"height\": 240}, {\"file_id\": \"AgACAgQAAxkDAAID52gl4POxZs9yURbTdeBb54JmZbB6AAL1tzEbzvg0UU-nRhlPbLT8AQADAgADeAADNgQ\", \"file_unique_id\": \"AQAD9bcxG874NFF9\", \"file_size\": 45137, \"width\": 640, \"height\": 480}], \"reply_markup\": {\"inline_keyboard\": [[{\"text\": \"\\ud83c\\udf9e Video\", \"callback_data\": \"youtube_video_download_ykKL5c3Orqg\"}, {\"text\": \"\\ud83c\\udfa7 Audio\", \"callback_data\": \"track_download_ykKL5c3Orqg\"}]]}}, \"chat_instance\": \"1528666451426664229\", \"data\": \"youtube_video_download_ykKL5c3Orqg\"}}"}
{"timestamp": "2025-05-15T12:42:04.453192Z", "level": "DEBUG", "instance": "@EDU_ArabicBot", "action": "UPDATE", "update": "{\"update_id\": 431473779, \"message\": {\"message_id\": 1000, \"from\": {\"id\": 5700964012, \"is_bot\": false, \"first_name\": \"Abduvohid Abdujalilov\", \"username\": \"abduvohid_dev\", \"language_code\": \"en\"}, \"chat\": {\"id\": 5700964012, \"first_name\": \"Abduvohid Abdujalilov\", \"username\": \"abduvohid_dev\", \"type\": \"private\"}, \"date\": 1747312924, \"text\": \"https://youtu.be/NgRG86Rwexw?si=QIMNeA05LT2XJAJs\", \"entities\": [{\"offset\": 0, \"length\": 48, \"type\": \"url\"}], \"link_preview_options\": {\"url\": \"https://youtu.be/NgRG86Rwexw?si=QIMNeA05LT2XJAJs\"}}}"}
{"timestamp": "2025-05-15T12:42:04.788660Z", "level": "ERROR", "instance": "@EDU_ArabicBot", "action": "YOUTUBE_LINK_FAILED", "chat_id": 5700964012, "user_id": 5700964012, "link": "https://youtu.be/NgRG86Rwexw?si=QIMNeA05LT2XJAJs", "stack_trace": "Traceback (most recent call last):\n  File \"/home/mediabot/features/youtube/handlers.py\", line 89, in _youtube_link\n    await context.bot.send_photo(chat_id, f\"https://i.ytimg.com/vi/{video_id}/sddefault.jpg\", reply_markup=reply_markup)\n  File \"/usr/local/lib/python3.12/site-packages/telegram/ext/_extbot.py\", line 2865, in send_photo\n    return await super().send_photo(\n           ^^^^^^^^^^^^^^^^^^^^^^^^^\n  File \"/usr/local/lib/python3.12/site-packages/telegram/_bot.py\", line 542, in decorator\n    result = await func(self, *args, **kwargs)\n             ^^^^^^^^^^^^^^^^^^^^^^^^^^^^^^^^^\n  File \"/usr/local/lib/python3.12/site-packages/telegram/_bot.py\", line 1379, in send_photo\n    return await self._send_message(\n           ^^^^^^^^^^^^^^^^^^^^^^^^^\n  File \"/usr/local/lib/python3.12/site-packages/telegram/ext/_extbot.py\", line 581, in _send_message\n    result = await super()._send_message(\n             ^^^^^^^^^^^^^^^^^^^^^^^^^^^^\n  File \"/usr/local/lib/python3.12/site-packages/telegram/_bot.py\", line 736, in _send_message\n    result = await self._post(\n             ^^^^^^^^^^^^^^^^^\n  File \"/usr/local/lib/python3.12/site-packages/telegram/_bot.py\", line 630, in _post\n    return await self._do_post(\n           ^^^^^^^^^^^^^^^^^^^^\n  File \"/usr/local/lib/python3.12/site-packages/telegram/ext/_extbot.py\", line 347, in _do_post\n    return await super()._do_post(\n           ^^^^^^^^^^^^^^^^^^^^^^^\n  File \"/usr/local/lib/python3.12/site-packages/telegram/_bot.py\", line 658, in _do_post\n    return await request.post(\n           ^^^^^^^^^^^^^^^^^^^\n  File \"/usr/local/lib/python3.12/site-packages/telegram/request/_baserequest.py\", line 200, in post\n    result = await self._request_wrapper(\n             ^^^^^^^^^^^^^^^^^^^^^^^^^^^^\n  File \"/usr/local/lib/python3.12/site-packages/telegram/request/_baserequest.py\", line 379, in _request_wrapper\n    raise BadRequest(message)\ntelegram.error.BadRequest: Wrong type of the web page content\n"}
{"timestamp": "2025-05-15T12:44:11.364030Z", "level": "DEBUG", "instance": "@EDU_ArabicBot", "action": "UPDATE", "update": "{\"update_id\": 431473780, \"message\": {\"message_id\": 1002, \"from\": {\"id\": 5700964012, \"is_bot\": false, \"first_name\": \"Abduvohid Abdujalilov\", \"username\": \"abduvohid_dev\", \"language_code\": \"en\"}, \"chat\": {\"id\": 5700964012, \"first_name\": \"Abduvohid Abdujalilov\", \"username\": \"abduvohid_dev\", \"type\": \"private\"}, \"date\": 1747313051, \"text\": \"https://youtu.be/ykKL5c3Orqg?si=jbiEhGi5GxZ8thXb\", \"entities\": [{\"offset\": 0, \"length\": 48, \"type\": \"url\"}], \"link_preview_options\": {\"url\": \"https://youtu.be/ykKL5c3Orqg?si=jbiEhGi5GxZ8thXb\"}}}"}
{"timestamp": "2025-05-15T12:44:11.606212Z", "level": "INFO", "instance": "@EDU_ArabicBot", "action": "YOUTUBE_LINK", "chat_id": 5700964012, "user_id": 5700964012, "link": "https://youtu.be/ykKL5c3Orqg?si=jbiEhGi5GxZ8thXb"}
{"timestamp": "2025-05-15T12:47:53.002248Z", "level": "DEBUG", "instance": "@EDU_ArabicBot", "action": "UPDATE", "update": "{\"update_id\": 431473781, \"message\": {\"message_id\": 1004, \"from\": {\"id\": 5700964012, \"is_bot\": false, \"first_name\": \"Abduvohid Abdujalilov\", \"username\": \"abduvohid_dev\", \"language_code\": \"en\"}, \"chat\": {\"id\": 5700964012, \"first_name\": \"Abduvohid Abdujalilov\", \"username\": \"abduvohid_dev\", \"type\": \"private\"}, \"date\": 1747313272, \"text\": \"https://youtube.com/shorts/gokqotvspBM?si=3o4xfn89mykUpbW6\", \"entities\": [{\"offset\": 0, \"length\": 58, \"type\": \"url\"}], \"link_preview_options\": {\"url\": \"https://youtube.com/shorts/gokqotvspBM?si=3o4xfn89mykUpbW6\"}}}"}
{"timestamp": "2025-05-15T12:48:51.338197Z", "level": "ERROR", "instance": "@EDU_ArabicBot", "action": "YOUTUBE_VIDEO_FAILED", "chat_id": 5700964012, "user_id": 5700964012, "id": "gokqotvspBM", "stack_trace": "Traceback (most recent call last):\n  File \"/home/mediabot/features/youtube/model.py\", line 30, in download_telegram\n    return (json_response[\"file_id\"], json_response[\"recognize_result\"],)\n            ~~~~~~~~~~~~~^^^^^^^^^^^\nKeyError: 'file_id'\n\nDuring handling of the above exception, another exception occurred:\n\nTraceback (most recent call last):\n  File \"/home/mediabot/features/youtube/model.py\", line 30, in download_telegram\n    return (json_response[\"file_id\"], json_response[\"recognize_result\"],)\n            ~~~~~~~~~~~~~^^^^^^^^^^^\nKeyError: 'file_id'\n\nDuring handling of the above exception, another exception occurred:\n\nTraceback (most recent call last):\n  File \"/home/mediabot/features/youtube/model.py\", line 30, in download_telegram\n    return (json_response[\"file_id\"], json_response[\"recognize_result\"],)\n            ~~~~~~~~~~~~~^^^^^^^^^^^\nKeyError: 'file_id'\n\nDuring handling of the above exception, another exception occurred:\n\nTraceback (most recent call last):\n  File \"/home/mediabot/features/youtube/model.py\", line 30, in download_telegram\n    return (json_response[\"file_id\"], json_response[\"recognize_result\"],)\n            ~~~~~~~~~~~~~^^^^^^^^^^^\nKeyError: 'file_id'\n\nDuring handling of the above exception, another exception occurred:\n\nTraceback (most recent call last):\n  File \"/home/mediabot/features/youtube/handlers.py\", line 116, in _youtube_video_download\n    (file_id, recognize_result,) = await YouTube.download_telegram(id, context.instance.token, recognize=recognize)\n                                   ^^^^^^^^^^^^^^^^^^^^^^^^^^^^^^^^^^^^^^^^^^^^^^^^^^^^^^^^^^^^^^^^^^^^^^^^^^^^^^^^\n  File \"/home/mediabot/features/youtube/model.py\", line 33, in download_telegram\n    return await YouTube.download_telegram(id, telegram_bot_token, recognize, attempt + 1)\n           ^^^^^^^^^^^^^^^^^^^^^^^^^^^^^^^^^^^^^^^^^^^^^^^^^^^^^^^^^^^^^^^^^^^^^^^^^^^^^^^\n  File \"/home/mediabot/features/youtube/model.py\", line 33, in download_telegram\n    return await YouTube.download_telegram(id, telegram_bot_token, recognize, attempt + 1)\n           ^^^^^^^^^^^^^^^^^^^^^^^^^^^^^^^^^^^^^^^^^^^^^^^^^^^^^^^^^^^^^^^^^^^^^^^^^^^^^^^\n  File \"/home/mediabot/features/youtube/model.py\", line 33, in download_telegram\n    return await YouTube.download_telegram(id, telegram_bot_token, recognize, attempt + 1)\n           ^^^^^^^^^^^^^^^^^^^^^^^^^^^^^^^^^^^^^^^^^^^^^^^^^^^^^^^^^^^^^^^^^^^^^^^^^^^^^^^\n  File \"/home/mediabot/features/youtube/model.py\", line 34, in download_telegram\n    raise Exception(\"Max attempts reached\")\nException: Max attempts reached\n"}
{"timestamp": "2025-05-15T12:48:51.485112Z", "level": "INFO", "instance": "@EDU_ArabicBot", "action": "YOUTUBE_LINK", "chat_id": 5700964012, "user_id": 5700964012, "link": "https://youtube.com/shorts/gokqotvspBM?si=3o4xfn89mykUpbW6"}
{"timestamp": "2025-05-15T13:30:49.371636Z", "level": "DEBUG", "instance": "@EDU_ArabicBot", "action": "UPDATE", "update": "{\"update_id\": 431473782, \"message\": {\"message_id\": 1007, \"from\": {\"id\": 5700964012, \"is_bot\": false, \"first_name\": \"Abduvohid Abdujalilov\", \"username\": \"abduvohid_dev\", \"language_code\": \"uz\"}, \"chat\": {\"id\": 5700964012, \"first_name\": \"Abduvohid Abdujalilov\", \"username\": \"abduvohid_dev\", \"type\": \"private\"}, \"date\": 1747315849, \"text\": \"https://youtube.com/shorts/gokqotvspBM?si=3o4xfn89mykUpbW6\", \"entities\": [{\"offset\": 0, \"length\": 58, \"type\": \"url\"}], \"link_preview_options\": {\"url\": \"https://youtube.com/shorts/gokqotvspBM?si=3o4xfn89mykUpbW6\"}}}"}
{"timestamp": "2025-05-15T13:32:13.378352Z", "level": "ERROR", "instance": "@EDU_ArabicBot", "action": "YOUTUBE_VIDEO_FAILED", "chat_id": 5700964012, "user_id": 5700964012, "id": "gokqotvspBM", "stack_trace": "Traceback (most recent call last):\n  File \"/home/mediabot/features/youtube/model.py\", line 30, in download_telegram\n    return (json_response[\"file_id\"], json_response[\"recognize_result\"],)\n            ~~~~~~~~~~~~~^^^^^^^^^^^\nKeyError: 'file_id'\n\nDuring handling of the above exception, another exception occurred:\n\nTraceback (most recent call last):\n  File \"/home/mediabot/features/youtube/model.py\", line 30, in download_telegram\n    return (json_response[\"file_id\"], json_response[\"recognize_result\"],)\n            ~~~~~~~~~~~~~^^^^^^^^^^^\nKeyError: 'file_id'\n\nDuring handling of the above exception, another exception occurred:\n\nTraceback (most recent call last):\n  File \"/home/mediabot/features/youtube/model.py\", line 30, in download_telegram\n    return (json_response[\"file_id\"], json_response[\"recognize_result\"],)\n            ~~~~~~~~~~~~~^^^^^^^^^^^\nKeyError: 'file_id'\n\nDuring handling of the above exception, another exception occurred:\n\nTraceback (most recent call last):\n  File \"/home/mediabot/features/youtube/model.py\", line 30, in download_telegram\n    return (json_response[\"file_id\"], json_response[\"recognize_result\"],)\n            ~~~~~~~~~~~~~^^^^^^^^^^^\nKeyError: 'file_id'\n\nDuring handling of the above exception, another exception occurred:\n\nTraceback (most recent call last):\n  File \"/home/mediabot/features/youtube/handlers.py\", line 116, in _youtube_video_download\n    (file_id, recognize_result,) = await YouTube.download_telegram(id, context.instance.token, recognize=recognize)\n                                   ^^^^^^^^^^^^^^^^^^^^^^^^^^^^^^^^^^^^^^^^^^^^^^^^^^^^^^^^^^^^^^^^^^^^^^^^^^^^^^^^\n  File \"/home/mediabot/features/youtube/model.py\", line 33, in download_telegram\n    return await YouTube.download_telegram(id, telegram_bot_token, recognize, attempt + 1)\n           ^^^^^^^^^^^^^^^^^^^^^^^^^^^^^^^^^^^^^^^^^^^^^^^^^^^^^^^^^^^^^^^^^^^^^^^^^^^^^^^\n  File \"/home/mediabot/features/youtube/model.py\", line 33, in download_telegram\n    return await YouTube.download_telegram(id, telegram_bot_token, recognize, attempt + 1)\n           ^^^^^^^^^^^^^^^^^^^^^^^^^^^^^^^^^^^^^^^^^^^^^^^^^^^^^^^^^^^^^^^^^^^^^^^^^^^^^^^\n  File \"/home/mediabot/features/youtube/model.py\", line 33, in download_telegram\n    return await YouTube.download_telegram(id, telegram_bot_token, recognize, attempt + 1)\n           ^^^^^^^^^^^^^^^^^^^^^^^^^^^^^^^^^^^^^^^^^^^^^^^^^^^^^^^^^^^^^^^^^^^^^^^^^^^^^^^\n  File \"/home/mediabot/features/youtube/model.py\", line 34, in download_telegram\n    raise Exception(\"Max attempts reached\")\nException: Max attempts reached\n"}
{"timestamp": "2025-05-15T13:32:13.520420Z", "level": "INFO", "instance": "@EDU_ArabicBot", "action": "YOUTUBE_LINK", "chat_id": 5700964012, "user_id": 5700964012, "link": "https://youtube.com/shorts/gokqotvspBM?si=3o4xfn89mykUpbW6"}
{"timestamp": "2025-05-15T13:33:19.354695Z", "level": "DEBUG", "instance": "@EDU_ArabicBot", "action": "UPDATE", "update": "{\"update_id\": 431473783, \"message\": {\"message_id\": 1010, \"from\": {\"id\": 5700964012, \"is_bot\": false, \"first_name\": \"Abduvohid Abdujalilov\", \"username\": \"abduvohid_dev\", \"language_code\": \"uz\"}, \"chat\": {\"id\": 5700964012, \"first_name\": \"Abduvohid Abdujalilov\", \"username\": \"abduvohid_dev\", \"type\": \"private\"}, \"date\": 1747315999, \"text\": \"https://youtube.com/shorts/gokqotvspBM?si=3o4xfn89mykUpbW6\", \"entities\": [{\"offset\": 0, \"length\": 58, \"type\": \"url\"}], \"link_preview_options\": {\"url\": \"https://youtube.com/shorts/gokqotvspBM?si=3o4xfn89mykUpbW6\"}}}"}
{"timestamp": "2025-05-15T13:39:02.476333Z", "level": "DEBUG", "instance": "@EDU_ArabicBot", "action": "UPDATE", "update": "{\"update_id\": 431473784, \"message\": {\"message_id\": 1014, \"from\": {\"id\": 5700964012, \"is_bot\": false, \"first_name\": \"Abduvohid Abdujalilov\", \"username\": \"abduvohid_dev\", \"language_code\": \"uz\"}, \"chat\": {\"id\": 5700964012, \"first_name\": \"Abduvohid Abdujalilov\", \"username\": \"abduvohid_dev\", \"type\": \"private\"}, \"date\": 1747316342, \"text\": \"https://youtube.com/shorts/gokqotvspBM?si=3o4xfn89mykUpbW6\", \"entities\": [{\"offset\": 0, \"length\": 58, \"type\": \"url\"}], \"link_preview_options\": {\"url\": \"https://youtube.com/shorts/gokqotvspBM?si=3o4xfn89mykUpbW6\"}}}"}
{"timestamp": "2025-05-15T13:39:45.954896Z", "level": "ERROR", "instance": "@EDU_ArabicBot", "action": "YOUTUBE_VIDEO_FAILED", "chat_id": 5700964012, "user_id": 5700964012, "id": "gokqotvspBM", "stack_trace": "Traceback (most recent call last):\n  File \"/home/mediabot/features/youtube/model.py\", line 32, in download_telegram\n    return (json_response[\"file_id\"], json_response[\"recognize_result\"],)\n            ~~~~~~~~~~~~~^^^^^^^^^^^\nKeyError: 'file_id'\n\nDuring handling of the above exception, another exception occurred:\n\nTraceback (most recent call last):\n  File \"/home/mediabot/features/youtube/model.py\", line 32, in download_telegram\n    return (json_response[\"file_id\"], json_response[\"recognize_result\"],)\n            ~~~~~~~~~~~~~^^^^^^^^^^^\nKeyError: 'file_id'\n\nDuring handling of the above exception, another exception occurred:\n\nTraceback (most recent call last):\n  File \"/home/mediabot/features/youtube/model.py\", line 32, in download_telegram\n    return (json_response[\"file_id\"], json_response[\"recognize_result\"],)\n            ~~~~~~~~~~~~~^^^^^^^^^^^\nKeyError: 'file_id'\n\nDuring handling of the above exception, another exception occurred:\n\nTraceback (most recent call last):\n  File \"/home/mediabot/features/youtube/model.py\", line 32, in download_telegram\n    return (json_response[\"file_id\"], json_response[\"recognize_result\"],)\n            ~~~~~~~~~~~~~^^^^^^^^^^^\nKeyError: 'file_id'\n\nDuring handling of the above exception, another exception occurred:\n\nTraceback (most recent call last):\n  File \"/home/mediabot/features/youtube/handlers.py\", line 116, in _youtube_video_download\n    (file_id, recognize_result,) = await YouTube.download_telegram(id, context.instance.token, recognize=recognize)\n                                   ^^^^^^^^^^^^^^^^^^^^^^^^^^^^^^^^^^^^^^^^^^^^^^^^^^^^^^^^^^^^^^^^^^^^^^^^^^^^^^^^\n  File \"/home/mediabot/features/youtube/model.py\", line 35, in download_telegram\n    return await YouTube.download_telegram(id, telegram_bot_token, recognize, attempt + 1)\n           ^^^^^^^^^^^^^^^^^^^^^^^^^^^^^^^^^^^^^^^^^^^^^^^^^^^^^^^^^^^^^^^^^^^^^^^^^^^^^^^\n  File \"/home/mediabot/features/youtube/model.py\", line 35, in download_telegram\n    return await YouTube.download_telegram(id, telegram_bot_token, recognize, attempt + 1)\n           ^^^^^^^^^^^^^^^^^^^^^^^^^^^^^^^^^^^^^^^^^^^^^^^^^^^^^^^^^^^^^^^^^^^^^^^^^^^^^^^\n  File \"/home/mediabot/features/youtube/model.py\", line 35, in download_telegram\n    return await YouTube.download_telegram(id, telegram_bot_token, recognize, attempt + 1)\n           ^^^^^^^^^^^^^^^^^^^^^^^^^^^^^^^^^^^^^^^^^^^^^^^^^^^^^^^^^^^^^^^^^^^^^^^^^^^^^^^\n  File \"/home/mediabot/features/youtube/model.py\", line 36, in download_telegram\n    raise Exception(\"Max attempts reached\")\nException: Max attempts reached\n"}
{"timestamp": "2025-05-15T13:39:46.142142Z", "level": "INFO", "instance": "@EDU_ArabicBot", "action": "YOUTUBE_LINK", "chat_id": 5700964012, "user_id": 5700964012, "link": "https://youtube.com/shorts/gokqotvspBM?si=3o4xfn89mykUpbW6"}
{"timestamp": "2025-05-15T13:42:14.981690Z", "level": "DEBUG", "instance": "@EDU_ArabicBot", "action": "UPDATE", "update": "{\"update_id\": 431473785, \"message\": {\"message_id\": 1018, \"from\": {\"id\": 5700964012, \"is_bot\": false, \"first_name\": \"Abduvohid Abdujalilov\", \"username\": \"abduvohid_dev\", \"language_code\": \"en\"}, \"chat\": {\"id\": 5700964012, \"first_name\": \"Abduvohid Abdujalilov\", \"username\": \"abduvohid_dev\", \"type\": \"private\"}, \"date\": 1747316535, \"text\": \"https://youtube.com/shorts/gokqotvspBM?si=3o4xfn89mykUpbW6\", \"entities\": [{\"offset\": 0, \"length\": 58, \"type\": \"url\"}], \"link_preview_options\": {\"url\": \"https://youtube.com/shorts/gokqotvspBM?si=3o4xfn89mykUpbW6\"}}}"}
{"timestamp": "2025-05-15T13:43:11.363559Z", "level": "ERROR", "instance": "@EDU_ArabicBot", "action": "YOUTUBE_VIDEO_FAILED", "chat_id": 5700964012, "user_id": 5700964012, "id": "gokqotvspBM", "stack_trace": "Traceback (most recent call last):\n  File \"/home/mediabot/features/youtube/model.py\", line 32, in download_telegram\n    return (json_response[\"file_id\"], json_response[\"recognize_result\"],)\n            ~~~~~~~~~~~~~^^^^^^^^^^^\nKeyError: 'file_id'\n\nDuring handling of the above exception, another exception occurred:\n\nTraceback (most recent call last):\n  File \"/home/mediabot/features/youtube/model.py\", line 32, in download_telegram\n    return (json_response[\"file_id\"], json_response[\"recognize_result\"],)\n            ~~~~~~~~~~~~~^^^^^^^^^^^\nKeyError: 'file_id'\n\nDuring handling of the above exception, another exception occurred:\n\nTraceback (most recent call last):\n  File \"/home/mediabot/features/youtube/model.py\", line 32, in download_telegram\n    return (json_response[\"file_id\"], json_response[\"recognize_result\"],)\n            ~~~~~~~~~~~~~^^^^^^^^^^^\nKeyError: 'file_id'\n\nDuring handling of the above exception, another exception occurred:\n\nTraceback (most recent call last):\n  File \"/home/mediabot/features/youtube/model.py\", line 32, in download_telegram\n    return (json_response[\"file_id\"], json_response[\"recognize_result\"],)\n            ~~~~~~~~~~~~~^^^^^^^^^^^\nKeyError: 'file_id'\n\nDuring handling of the above exception, another exception occurred:\n\nTraceback (most recent call last):\n  File \"/home/mediabot/features/youtube/handlers.py\", line 116, in _youtube_video_download\n    (file_id, recognize_result,) = await YouTube.download_telegram(id, context.instance.token, recognize=recognize)\n                                   ^^^^^^^^^^^^^^^^^^^^^^^^^^^^^^^^^^^^^^^^^^^^^^^^^^^^^^^^^^^^^^^^^^^^^^^^^^^^^^^^\n  File \"/home/mediabot/features/youtube/model.py\", line 35, in download_telegram\n    return await YouTube.download_telegram(id, telegram_bot_token, recognize, attempt + 1)\n           ^^^^^^^^^^^^^^^^^^^^^^^^^^^^^^^^^^^^^^^^^^^^^^^^^^^^^^^^^^^^^^^^^^^^^^^^^^^^^^^\n  File \"/home/mediabot/features/youtube/model.py\", line 35, in download_telegram\n    return await YouTube.download_telegram(id, telegram_bot_token, recognize, attempt + 1)\n           ^^^^^^^^^^^^^^^^^^^^^^^^^^^^^^^^^^^^^^^^^^^^^^^^^^^^^^^^^^^^^^^^^^^^^^^^^^^^^^^\n  File \"/home/mediabot/features/youtube/model.py\", line 35, in download_telegram\n    return await YouTube.download_telegram(id, telegram_bot_token, recognize, attempt + 1)\n           ^^^^^^^^^^^^^^^^^^^^^^^^^^^^^^^^^^^^^^^^^^^^^^^^^^^^^^^^^^^^^^^^^^^^^^^^^^^^^^^\n  File \"/home/mediabot/features/youtube/model.py\", line 36, in download_telegram\n    raise Exception(\"Max attempts reached\")\nException: Max attempts reached\n"}
{"timestamp": "2025-05-15T13:43:11.515793Z", "level": "INFO", "instance": "@EDU_ArabicBot", "action": "YOUTUBE_LINK", "chat_id": 5700964012, "user_id": 5700964012, "link": "https://youtube.com/shorts/gokqotvspBM?si=3o4xfn89mykUpbW6"}
{"timestamp": "2025-05-15T13:46:17.856862Z", "level": "DEBUG", "instance": "@EDU_ArabicBot", "action": "UPDATE", "update": "{\"update_id\": 431473787, \"message\": {\"message_id\": 1022, \"from\": {\"id\": 5700964012, \"is_bot\": false, \"first_name\": \"Abduvohid Abdujalilov\", \"username\": \"abduvohid_dev\", \"language_code\": \"en\"}, \"chat\": {\"id\": 5700964012, \"first_name\": \"Abduvohid Abdujalilov\", \"username\": \"abduvohid_dev\", \"type\": \"private\"}, \"date\": 1747316778, \"text\": \"https://youtu.be/ykKL5c3Orqg?si=jbiEhGi5GxZ8thXb\", \"entities\": [{\"offset\": 0, \"length\": 48, \"type\": \"url\"}], \"link_preview_options\": {\"url\": \"https://youtu.be/ykKL5c3Orqg?si=jbiEhGi5GxZ8thXb\"}}}"}
{"timestamp": "2025-05-15T13:46:18.072123Z", "level": "INFO", "instance": "@EDU_ArabicBot", "action": "YOUTUBE_LINK", "chat_id": 5700964012, "user_id": 5700964012, "link": "https://youtu.be/ykKL5c3Orqg?si=jbiEhGi5GxZ8thXb"}
{"timestamp": "2025-05-15T13:46:20.741427Z", "level": "DEBUG", "instance": "@EDU_ArabicBot", "action": "UPDATE", "update": "{\"update_id\": 431473788, \"callback_query\": {\"id\": \"6038709914608906467\", \"from\": {\"id\": 5700964012, \"is_bot\": false, \"first_name\": \"Abduvohid Abdujalilov\", \"username\": \"abduvohid_dev\", \"language_code\": \"en\"}, \"message\": {\"message_id\": 1023, \"from\": {\"id\": 8098660158, \"is_bot\": true, \"first_name\": \"EduArabic\", \"username\": \"EDU_ArabicBot\"}, \"chat\": {\"id\": 5700964012, \"first_name\": \"Abduvohid Abdujalilov\", \"username\": \"abduvohid_dev\", \"type\": \"private\"}, \"date\": 1747316778, \"photo\": [{\"file_id\": \"AgACAgQAAxkDAAID_2gl8CphZvsHTtlQnWzBRtKl74AjAAL1tzEbzvg0UU-nRhlPbLT8AQADAgADcwADNgQ\", \"file_unique_id\": \"AQAD9bcxG874NFF4\", \"file_size\": 1438, \"width\": 90, \"height\": 67}, {\"file_id\": \"AgACAgQAAxkDAAID_2gl8CphZvsHTtlQnWzBRtKl74AjAAL1tzEbzvg0UU-nRhlPbLT8AQADAgADbQADNgQ\", \"file_unique_id\": \"AQAD9bcxG874NFFy\", \"file_size\": 18030, \"width\": 320, \"height\": 240}, {\"file_id\": \"AgACAgQAAxkDAAID_2gl8CphZvsHTtlQnWzBRtKl74AjAAL1tzEbzvg0UU-nRhlPbLT8AQADAgADeAADNgQ\", \"file_unique_id\": \"AQAD9bcxG874NFF9\", \"file_size\": 45137, \"width\": 640, \"height\": 480}], \"reply_markup\": {\"inline_keyboard\": [[{\"text\": \"\\ud83c\\udf9e Video\", \"callback_data\": \"youtube_video_download_ykKL5c3Orqg\"}, {\"text\": \"\\ud83c\\udfa7 Audio\", \"callback_data\": \"track_download_ykKL5c3Orqg\"}]]}}, \"chat_instance\": \"1528666451426664229\", \"data\": \"youtube_video_download_ykKL5c3Orqg\"}}"}
{"timestamp": "2025-05-15T13:46:41.497306Z", "level": "DEBUG", "instance": "@EDU_ArabicBot", "action": "UPDATE", "update": "{\"update_id\": 431473789, \"message\": {\"message_id\": 1024, \"from\": {\"id\": 5700964012, \"is_bot\": false, \"first_name\": \"Abduvohid Abdujalilov\", \"username\": \"abduvohid_dev\", \"language_code\": \"en\"}, \"chat\": {\"id\": 5700964012, \"first_name\": \"Abduvohid Abdujalilov\", \"username\": \"abduvohid_dev\", \"type\": \"private\"}, \"date\": 1747316801, \"text\": \"https://youtu.be/ykKL5c3Orqg?si=jbiEhGi5GxZ8thXb\", \"entities\": [{\"offset\": 0, \"length\": 48, \"type\": \"url\"}], \"link_preview_options\": {\"url\": \"https://youtu.be/ykKL5c3Orqg?si=jbiEhGi5GxZ8thXb\"}}}"}
{"timestamp": "2025-05-15T13:46:41.653955Z", "level": "INFO", "instance": "@EDU_ArabicBot", "action": "YOUTUBE_LINK", "chat_id": 5700964012, "user_id": 5700964012, "link": "https://youtu.be/ykKL5c3Orqg?si=jbiEhGi5GxZ8thXb"}
{"timestamp": "2025-05-15T13:57:04.127516Z", "level": "DEBUG", "instance": "@EDU_ArabicBot", "action": "UPDATE", "update": "{\"update_id\": 431473790, \"message\": {\"message_id\": 1026, \"from\": {\"id\": 5700964012, \"is_bot\": false, \"first_name\": \"Abduvohid Abdujalilov\", \"username\": \"abduvohid_dev\", \"language_code\": \"en\"}, \"chat\": {\"id\": 5700964012, \"first_name\": \"Abduvohid Abdujalilov\", \"username\": \"abduvohid_dev\", \"type\": \"private\"}, \"date\": 1747317424, \"text\": \"https://youtu.be/ykKL5c3Orqg?si=jbiEhGi5GxZ8thXb\", \"entities\": [{\"offset\": 0, \"length\": 48, \"type\": \"url\"}], \"link_preview_options\": {\"url\": \"https://youtu.be/ykKL5c3Orqg?si=jbiEhGi5GxZ8thXb\"}}}"}
{"timestamp": "2025-05-15T13:57:04.297311Z", "level": "INFO", "instance": "@EDU_ArabicBot", "action": "YOUTUBE_LINK", "chat_id": 5700964012, "user_id": 5700964012, "link": "https://youtu.be/ykKL5c3Orqg?si=jbiEhGi5GxZ8thXb"}
{"timestamp": "2025-05-15T13:57:09.130736Z", "level": "DEBUG", "instance": "@EDU_ArabicBot", "action": "UPDATE", "update": "{\"update_id\": 431473791, \"callback_query\": {\"id\": \"6038709913892765978\", \"from\": {\"id\": 5700964012, \"is_bot\": false, \"first_name\": \"Abduvohid Abdujalilov\", \"username\": \"abduvohid_dev\", \"language_code\": \"en\"}, \"message\": {\"message_id\": 1027, \"from\": {\"id\": 8098660158, \"is_bot\": true, \"first_name\": \"EduArabic\", \"username\": \"EDU_ArabicBot\"}, \"chat\": {\"id\": 5700964012, \"first_name\": \"Abduvohid Abdujalilov\", \"username\": \"abduvohid_dev\", \"type\": \"private\"}, \"date\": 1747317424, \"photo\": [{\"file_id\": \"AgACAgQAAxkDAAID_2gl8CphZvsHTtlQnWzBRtKl74AjAAL1tzEbzvg0UU-nRhlPbLT8AQADAgADcwADNgQ\", \"file_unique_id\": \"AQAD9bcxG874NFF4\", \"file_size\": 1438, \"width\": 90, \"height\": 67}, {\"file_id\": \"AgACAgQAAxkDAAID_2gl8CphZvsHTtlQnWzBRtKl74AjAAL1tzEbzvg0UU-nRhlPbLT8AQADAgADbQADNgQ\", \"file_unique_id\": \"AQAD9bcxG874NFFy\", \"file_size\": 18030, \"width\": 320, \"height\": 240}, {\"file_id\": \"AgACAgQAAxkDAAID_2gl8CphZvsHTtlQnWzBRtKl74AjAAL1tzEbzvg0UU-nRhlPbLT8AQADAgADeAADNgQ\", \"file_unique_id\": \"AQAD9bcxG874NFF9\", \"file_size\": 45137, \"width\": 640, \"height\": 480}], \"reply_markup\": {\"inline_keyboard\": [[{\"text\": \"\\ud83c\\udf9e Video\", \"callback_data\": \"youtube_video_download_ykKL5c3Orqg\"}, {\"text\": \"\\ud83c\\udfa7 Audio\", \"callback_data\": \"track_download_ykKL5c3Orqg\"}]]}}, \"chat_instance\": \"1528666451426664229\", \"data\": \"youtube_video_download_ykKL5c3Orqg\"}}"}
{"timestamp": "2025-05-15T13:59:23.533307Z", "level": "DEBUG", "instance": "@EDU_ArabicBot", "action": "UPDATE", "update": "{\"update_id\": 431473792, \"message\": {\"message_id\": 1028, \"from\": {\"id\": 5700964012, \"is_bot\": false, \"first_name\": \"Abduvohid Abdujalilov\", \"username\": \"abduvohid_dev\", \"language_code\": \"en\"}, \"chat\": {\"id\": 5700964012, \"first_name\": \"Abduvohid Abdujalilov\", \"username\": \"abduvohid_dev\", \"type\": \"private\"}, \"date\": 1747317563, \"text\": \"https://youtu.be/ykKL5c3Orqg?si=jbiEhGi5GxZ8thXb\", \"entities\": [{\"offset\": 0, \"length\": 48, \"type\": \"url\"}], \"link_preview_options\": {\"url\": \"https://youtu.be/ykKL5c3Orqg?si=jbiEhGi5GxZ8thXb\"}}}"}
{"timestamp": "2025-05-15T13:59:23.708454Z", "level": "INFO", "instance": "@EDU_ArabicBot", "action": "YOUTUBE_LINK", "chat_id": 5700964012, "user_id": 5700964012, "link": "https://youtu.be/ykKL5c3Orqg?si=jbiEhGi5GxZ8thXb"}
{"timestamp": "2025-05-15T13:59:26.385910Z", "level": "DEBUG", "instance": "@EDU_ArabicBot", "action": "UPDATE", "update": "{\"update_id\": 431473793, \"callback_query\": {\"id\": \"6038709914082025125\", \"from\": {\"id\": 5700964012, \"is_bot\": false, \"first_name\": \"Abduvohid Abdujalilov\", \"username\": \"abduvohid_dev\", \"language_code\": \"en\"}, \"message\": {\"message_id\": 1029, \"from\": {\"id\": 8098660158, \"is_bot\": true, \"first_name\": \"EduArabic\", \"username\": \"EDU_ArabicBot\"}, \"chat\": {\"id\": 5700964012, \"first_name\": \"Abduvohid Abdujalilov\", \"username\": \"abduvohid_dev\", \"type\": \"private\"}, \"date\": 1747317563, \"photo\": [{\"file_id\": \"AgACAgQAAxkDAAID_2gl8CphZvsHTtlQnWzBRtKl74AjAAL1tzEbzvg0UU-nRhlPbLT8AQADAgADcwADNgQ\", \"file_unique_id\": \"AQAD9bcxG874NFF4\", \"file_size\": 1438, \"width\": 90, \"height\": 67}, {\"file_id\": \"AgACAgQAAxkDAAID_2gl8CphZvsHTtlQnWzBRtKl74AjAAL1tzEbzvg0UU-nRhlPbLT8AQADAgADbQADNgQ\", \"file_unique_id\": \"AQAD9bcxG874NFFy\", \"file_size\": 18030, \"width\": 320, \"height\": 240}, {\"file_id\": \"AgACAgQAAxkDAAID_2gl8CphZvsHTtlQnWzBRtKl74AjAAL1tzEbzvg0UU-nRhlPbLT8AQADAgADeAADNgQ\", \"file_unique_id\": \"AQAD9bcxG874NFF9\", \"file_size\": 45137, \"width\": 640, \"height\": 480}], \"reply_markup\": {\"inline_keyboard\": [[{\"text\": \"\\ud83c\\udf9e Video\", \"callback_data\": \"youtube_video_download_ykKL5c3Orqg\"}, {\"text\": \"\\ud83c\\udfa7 Audio\", \"callback_data\": \"track_download_ykKL5c3Orqg\"}]]}}, \"chat_instance\": \"1528666451426664229\", \"data\": \"youtube_video_download_ykKL5c3Orqg\"}}"}
{"timestamp": "2025-05-15T14:00:37.056481Z", "level": "DEBUG", "instance": "@EDU_ArabicBot", "action": "UPDATE", "update": "{\"update_id\": 431473794, \"message\": {\"message_id\": 1030, \"from\": {\"id\": 5700964012, \"is_bot\": false, \"first_name\": \"Abduvohid Abdujalilov\", \"username\": \"abduvohid_dev\", \"language_code\": \"en\"}, \"chat\": {\"id\": 5700964012, \"first_name\": \"Abduvohid Abdujalilov\", \"username\": \"abduvohid_dev\", \"type\": \"private\"}, \"date\": 1747317637, \"text\": \"https://youtu.be/ykKL5c3Orqg?si=jbiEhGi5GxZ8thXb\", \"entities\": [{\"offset\": 0, \"length\": 48, \"type\": \"url\"}], \"link_preview_options\": {\"url\": \"https://youtu.be/ykKL5c3Orqg?si=jbiEhGi5GxZ8thXb\"}}}"}
{"timestamp": "2025-05-15T14:00:37.236504Z", "level": "INFO", "instance": "@EDU_ArabicBot", "action": "YOUTUBE_LINK", "chat_id": 5700964012, "user_id": 5700964012, "link": "https://youtu.be/ykKL5c3Orqg?si=jbiEhGi5GxZ8thXb"}
{"timestamp": "2025-05-15T14:00:39.150626Z", "level": "DEBUG", "instance": "@EDU_ArabicBot", "action": "UPDATE", "update": "{\"update_id\": 431473795, \"callback_query\": {\"id\": \"6038709914726971886\", \"from\": {\"id\": 5700964012, \"is_bot\": false, \"first_name\": \"Abduvohid Abdujalilov\", \"username\": \"abduvohid_dev\", \"language_code\": \"en\"}, \"message\": {\"message_id\": 1031, \"from\": {\"id\": 8098660158, \"is_bot\": true, \"first_name\": \"EduArabic\", \"username\": \"EDU_ArabicBot\"}, \"chat\": {\"id\": 5700964012, \"first_name\": \"Abduvohid Abdujalilov\", \"username\": \"abduvohid_dev\", \"type\": \"private\"}, \"date\": 1747317637, \"photo\": [{\"file_id\": \"AgACAgQAAxkDAAIEB2gl84VR_B8oPn6Z-Z_wE1Re6H8GAAL1tzEbzvg0UU-nRhlPbLT8AQADAgADcwADNgQ\", \"file_unique_id\": \"AQAD9bcxG874NFF4\", \"file_size\": 1438, \"width\": 90, \"height\": 67}, {\"file_id\": \"AgACAgQAAxkDAAIEB2gl84VR_B8oPn6Z-Z_wE1Re6H8GAAL1tzEbzvg0UU-nRhlPbLT8AQADAgADbQADNgQ\", \"file_unique_id\": \"AQAD9bcxG874NFFy\", \"file_size\": 18030, \"width\": 320, \"height\": 240}, {\"file_id\": \"AgACAgQAAxkDAAIEB2gl84VR_B8oPn6Z-Z_wE1Re6H8GAAL1tzEbzvg0UU-nRhlPbLT8AQADAgADeAADNgQ\", \"file_unique_id\": \"AQAD9bcxG874NFF9\", \"file_size\": 45137, \"width\": 640, \"height\": 480}], \"reply_markup\": {\"inline_keyboard\": [[{\"text\": \"\\ud83c\\udf9e Video\", \"callback_data\": \"youtube_video_download_ykKL5c3Orqg\"}, {\"text\": \"\\ud83c\\udfa7 Audio\", \"callback_data\": \"track_download_ykKL5c3Orqg\"}]]}}, \"chat_instance\": \"1528666451426664229\", \"data\": \"youtube_video_download_ykKL5c3Orqg\"}}"}
{"timestamp": "2025-05-15T14:01:01.658344Z", "level": "DEBUG", "instance": "@EDU_ArabicBot", "action": "UPDATE", "update": "{\"update_id\": 431473796, \"message\": {\"message_id\": 1032, \"from\": {\"id\": 5700964012, \"is_bot\": false, \"first_name\": \"Abduvohid Abdujalilov\", \"username\": \"abduvohid_dev\", \"language_code\": \"en\"}, \"chat\": {\"id\": 5700964012, \"first_name\": \"Abduvohid Abdujalilov\", \"username\": \"abduvohid_dev\", \"type\": \"private\"}, \"date\": 1747317661, \"text\": \"https://youtu.be/ykKL5c3Orqg?si=jbiEhGi5GxZ8thXb\", \"entities\": [{\"offset\": 0, \"length\": 48, \"type\": \"url\"}], \"link_preview_options\": {\"url\": \"https://youtu.be/ykKL5c3Orqg?si=jbiEhGi5GxZ8thXb\"}}}"}
{"timestamp": "2025-05-15T14:01:01.973191Z", "level": "INFO", "instance": "@EDU_ArabicBot", "action": "YOUTUBE_LINK", "chat_id": 5700964012, "user_id": 5700964012, "link": "https://youtu.be/ykKL5c3Orqg?si=jbiEhGi5GxZ8thXb"}
{"timestamp": "2025-05-15T14:01:04.490011Z", "level": "DEBUG", "instance": "@EDU_ArabicBot", "action": "UPDATE", "update": "{\"update_id\": 431473797, \"callback_query\": {\"id\": \"6038709914975594857\", \"from\": {\"id\": 5700964012, \"is_bot\": false, \"first_name\": \"Abduvohid Abdujalilov\", \"username\": \"abduvohid_dev\", \"language_code\": \"en\"}, \"message\": {\"message_id\": 1033, \"from\": {\"id\": 8098660158, \"is_bot\": true, \"first_name\": \"EduArabic\", \"username\": \"EDU_ArabicBot\"}, \"chat\": {\"id\": 5700964012, \"first_name\": \"Abduvohid Abdujalilov\", \"username\": \"abduvohid_dev\", \"type\": \"private\"}, \"date\": 1747317662, \"photo\": [{\"file_id\": \"AgACAgQAAxkDAAIEB2gl84VR_B8oPn6Z-Z_wE1Re6H8GAAL1tzEbzvg0UU-nRhlPbLT8AQADAgADcwADNgQ\", \"file_unique_id\": \"AQAD9bcxG874NFF4\", \"file_size\": 1438, \"width\": 90, \"height\": 67}, {\"file_id\": \"AgACAgQAAxkDAAIEB2gl84VR_B8oPn6Z-Z_wE1Re6H8GAAL1tzEbzvg0UU-nRhlPbLT8AQADAgADbQADNgQ\", \"file_unique_id\": \"AQAD9bcxG874NFFy\", \"file_size\": 18030, \"width\": 320, \"height\": 240}, {\"file_id\": \"AgACAgQAAxkDAAIEB2gl84VR_B8oPn6Z-Z_wE1Re6H8GAAL1tzEbzvg0UU-nRhlPbLT8AQADAgADeAADNgQ\", \"file_unique_id\": \"AQAD9bcxG874NFF9\", \"file_size\": 45137, \"width\": 640, \"height\": 480}], \"reply_markup\": {\"inline_keyboard\": [[{\"text\": \"\\ud83c\\udf9e Video\", \"callback_data\": \"youtube_video_download_ykKL5c3Orqg\"}, {\"text\": \"\\ud83c\\udfa7 Audio\", \"callback_data\": \"track_download_ykKL5c3Orqg\"}]]}}, \"chat_instance\": \"1528666451426664229\", \"data\": \"youtube_video_download_ykKL5c3Orqg\"}}"}
{"timestamp": "2025-05-15T14:01:13.492685Z", "level": "DEBUG", "instance": "@EDU_ArabicBot", "action": "UPDATE", "update": "{\"update_id\": 431473798, \"callback_query\": {\"id\": \"6038709915921749579\", \"from\": {\"id\": 5700964012, \"is_bot\": false, \"first_name\": \"Abduvohid Abdujalilov\", \"username\": \"abduvohid_dev\", \"language_code\": \"en\"}, \"message\": {\"message_id\": 1033, \"from\": {\"id\": 8098660158, \"is_bot\": true, \"first_name\": \"EduArabic\", \"username\": \"EDU_ArabicBot\"}, \"chat\": {\"id\": 5700964012, \"first_name\": \"Abduvohid Abdujalilov\", \"username\": \"abduvohid_dev\", \"type\": \"private\"}, \"date\": 1747317662, \"photo\": [{\"file_id\": \"AgACAgQAAxkDAAIEB2gl84VR_B8oPn6Z-Z_wE1Re6H8GAAL1tzEbzvg0UU-nRhlPbLT8AQADAgADcwADNgQ\", \"file_unique_id\": \"AQAD9bcxG874NFF4\", \"file_size\": 1438, \"width\": 90, \"height\": 67}, {\"file_id\": \"AgACAgQAAxkDAAIEB2gl84VR_B8oPn6Z-Z_wE1Re6H8GAAL1tzEbzvg0UU-nRhlPbLT8AQADAgADbQADNgQ\", \"file_unique_id\": \"AQAD9bcxG874NFFy\", \"file_size\": 18030, \"width\": 320, \"height\": 240}, {\"file_id\": \"AgACAgQAAxkDAAIEB2gl84VR_B8oPn6Z-Z_wE1Re6H8GAAL1tzEbzvg0UU-nRhlPbLT8AQADAgADeAADNgQ\", \"file_unique_id\": \"AQAD9bcxG874NFF9\", \"file_size\": 45137, \"width\": 640, \"height\": 480}], \"reply_markup\": {\"inline_keyboard\": [[{\"text\": \"\\ud83c\\udf9e Video\", \"callback_data\": \"youtube_video_download_ykKL5c3Orqg\"}, {\"text\": \"\\ud83c\\udfa7 Audio\", \"callback_data\": \"track_download_ykKL5c3Orqg\"}]]}}, \"chat_instance\": \"1528666451426664229\", \"data\": \"track_download_ykKL5c3Orqg\"}}"}
{"timestamp": "2025-05-15T14:09:40.664317Z", "level": "DEBUG", "instance": "@EDU_ArabicBot", "action": "UPDATE", "update": "{\"update_id\": 431473799, \"message\": {\"message_id\": 1034, \"from\": {\"id\": 5700964012, \"is_bot\": false, \"first_name\": \"Abduvohid Abdujalilov\", \"username\": \"abduvohid_dev\", \"language_code\": \"en\"}, \"chat\": {\"id\": 5700964012, \"first_name\": \"Abduvohid Abdujalilov\", \"username\": \"abduvohid_dev\", \"type\": \"private\"}, \"date\": 1747318180, \"text\": \"https://youtu.be/ykKL5c3Orqg?si=jbiEhGi5GxZ8thXb\", \"entities\": [{\"offset\": 0, \"length\": 48, \"type\": \"url\"}], \"link_preview_options\": {\"url\": \"https://youtu.be/ykKL5c3Orqg?si=jbiEhGi5GxZ8thXb\"}}}"}
{"timestamp": "2025-05-15T14:09:40.845333Z", "level": "INFO", "instance": "@EDU_ArabicBot", "action": "YOUTUBE_LINK", "chat_id": 5700964012, "user_id": 5700964012, "link": "https://youtu.be/ykKL5c3Orqg?si=jbiEhGi5GxZ8thXb"}
{"timestamp": "2025-05-15T14:09:43.684134Z", "level": "DEBUG", "instance": "@EDU_ArabicBot", "action": "UPDATE", "update": "{\"update_id\": 431473800, \"callback_query\": {\"id\": \"6038709915865599979\", \"from\": {\"id\": 5700964012, \"is_bot\": false, \"first_name\": \"Abduvohid Abdujalilov\", \"username\": \"abduvohid_dev\", \"language_code\": \"en\"}, \"message\": {\"message_id\": 1035, \"from\": {\"id\": 8098660158, \"is_bot\": true, \"first_name\": \"EduArabic\", \"username\": \"EDU_ArabicBot\"}, \"chat\": {\"id\": 5700964012, \"first_name\": \"Abduvohid Abdujalilov\", \"username\": \"abduvohid_dev\", \"type\": \"private\"}, \"date\": 1747318180, \"photo\": [{\"file_id\": \"AgACAgQAAxkDAAIEC2gl9aSKF56krxZOZXF-vh5F4VB1AAL1tzEbzvg0UU-nRhlPbLT8AQADAgADcwADNgQ\", \"file_unique_id\": \"AQAD9bcxG874NFF4\", \"file_size\": 1438, \"width\": 90, \"height\": 67}, {\"file_id\": \"AgACAgQAAxkDAAIEC2gl9aSKF56krxZOZXF-vh5F4VB1AAL1tzEbzvg0UU-nRhlPbLT8AQADAgADbQADNgQ\", \"file_unique_id\": \"AQAD9bcxG874NFFy\", \"file_size\": 18030, \"width\": 320, \"height\": 240}, {\"file_id\": \"AgACAgQAAxkDAAIEC2gl9aSKF56krxZOZXF-vh5F4VB1AAL1tzEbzvg0UU-nRhlPbLT8AQADAgADeAADNgQ\", \"file_unique_id\": \"AQAD9bcxG874NFF9\", \"file_size\": 45137, \"width\": 640, \"height\": 480}], \"reply_markup\": {\"inline_keyboard\": [[{\"text\": \"\\ud83c\\udf9e Video\", \"callback_data\": \"youtube_video_download_ykKL5c3Orqg\"}, {\"text\": \"\\ud83c\\udfa7 Audio\", \"callback_data\": \"track_download_ykKL5c3Orqg\"}]]}}, \"chat_instance\": \"1528666451426664229\", \"data\": \"youtube_video_download_ykKL5c3Orqg\"}}"}
{"timestamp": "2025-05-15T14:09:44.843219Z", "level": "DEBUG", "instance": "@EDU_ArabicBot", "action": "UPDATE", "update": "{\"update_id\": 431473801, \"callback_query\": {\"id\": \"6038709914648266390\", \"from\": {\"id\": 5700964012, \"is_bot\": false, \"first_name\": \"Abduvohid Abdujalilov\", \"username\": \"abduvohid_dev\", \"language_code\": \"en\"}, \"message\": {\"message_id\": 1035, \"from\": {\"id\": 8098660158, \"is_bot\": true, \"first_name\": \"EduArabic\", \"username\": \"EDU_ArabicBot\"}, \"chat\": {\"id\": 5700964012, \"first_name\": \"Abduvohid Abdujalilov\", \"username\": \"abduvohid_dev\", \"type\": \"private\"}, \"date\": 1747318180, \"photo\": [{\"file_id\": \"AgACAgQAAxkDAAIEC2gl9aSKF56krxZOZXF-vh5F4VB1AAL1tzEbzvg0UU-nRhlPbLT8AQADAgADcwADNgQ\", \"file_unique_id\": \"AQAD9bcxG874NFF4\", \"file_size\": 1438, \"width\": 90, \"height\": 67}, {\"file_id\": \"AgACAgQAAxkDAAIEC2gl9aSKF56krxZOZXF-vh5F4VB1AAL1tzEbzvg0UU-nRhlPbLT8AQADAgADbQADNgQ\", \"file_unique_id\": \"AQAD9bcxG874NFFy\", \"file_size\": 18030, \"width\": 320, \"height\": 240}, {\"file_id\": \"AgACAgQAAxkDAAIEC2gl9aSKF56krxZOZXF-vh5F4VB1AAL1tzEbzvg0UU-nRhlPbLT8AQADAgADeAADNgQ\", \"file_unique_id\": \"AQAD9bcxG874NFF9\", \"file_size\": 45137, \"width\": 640, \"height\": 480}], \"reply_markup\": {\"inline_keyboard\": [[{\"text\": \"\\ud83c\\udf9e Video\", \"callback_data\": \"youtube_video_download_ykKL5c3Orqg\"}, {\"text\": \"\\ud83c\\udfa7 Audio\", \"callback_data\": \"track_download_ykKL5c3Orqg\"}]]}}, \"chat_instance\": \"1528666451426664229\", \"data\": \"track_download_ykKL5c3Orqg\"}}"}
{"timestamp": "2025-05-15T14:13:22.504122Z", "level": "DEBUG", "instance": "@EDU_ArabicBot", "action": "UPDATE", "update": "{\"update_id\": 431473811, \"message\": {\"message_id\": 1045, \"from\": {\"id\": 5700964012, \"is_bot\": false, \"first_name\": \"Abduvohid Abdujalilov\", \"username\": \"abduvohid_dev\", \"language_code\": \"en\"}, \"chat\": {\"id\": 5700964012, \"first_name\": \"Abduvohid Abdujalilov\", \"username\": \"abduvohid_dev\", \"type\": \"private\"}, \"date\": 1747318401, \"text\": \"https://youtu.be/ykKL5c3Orqg?si=jbiEhGi5GxZ8thXb\", \"entities\": [{\"offset\": 0, \"length\": 48, \"type\": \"url\"}], \"link_preview_options\": {\"url\": \"https://youtu.be/ykKL5c3Orqg?si=jbiEhGi5GxZ8thXb\"}}}"}
{"timestamp": "2025-05-15T14:13:22.710436Z", "level": "INFO", "instance": "@EDU_ArabicBot", "action": "YOUTUBE_LINK", "chat_id": 5700964012, "user_id": 5700964012, "link": "https://youtu.be/ykKL5c3Orqg?si=jbiEhGi5GxZ8thXb"}
{"timestamp": "2025-05-15T14:13:23.820978Z", "level": "DEBUG", "instance": "@EDU_ArabicBot", "action": "UPDATE", "update": "{\"update_id\": 431473812, \"message\": {\"message_id\": 1047, \"from\": {\"id\": 5700964012, \"is_bot\": false, \"first_name\": \"Abduvohid Abdujalilov\", \"username\": \"abduvohid_dev\", \"language_code\": \"en\"}, \"chat\": {\"id\": 5700964012, \"first_name\": \"Abduvohid Abdujalilov\", \"username\": \"abduvohid_dev\", \"type\": \"private\"}, \"date\": 1747318403, \"text\": \"https://youtu.be/ykKL5c3Orqg?si=jbiEhGi5GxZ8thXb\", \"entities\": [{\"offset\": 0, \"length\": 48, \"type\": \"url\"}], \"link_preview_options\": {\"url\": \"https://youtu.be/ykKL5c3Orqg?si=jbiEhGi5GxZ8thXb\"}}}"}
{"timestamp": "2025-05-15T14:13:24.082587Z", "level": "INFO", "instance": "@EDU_ArabicBot", "action": "YOUTUBE_LINK", "chat_id": 5700964012, "user_id": 5700964012, "link": "https://youtu.be/ykKL5c3Orqg?si=jbiEhGi5GxZ8thXb"}
{"timestamp": "2025-05-15T14:13:25.053026Z", "level": "DEBUG", "instance": "@EDU_ArabicBot", "action": "UPDATE", "update": "{\"update_id\": 431473813, \"message\": {\"message_id\": 1049, \"from\": {\"id\": 5700964012, \"is_bot\": false, \"first_name\": \"Abduvohid Abdujalilov\", \"username\": \"abduvohid_dev\", \"language_code\": \"en\"}, \"chat\": {\"id\": 5700964012, \"first_name\": \"Abduvohid Abdujalilov\", \"username\": \"abduvohid_dev\", \"type\": \"private\"}, \"date\": 1747318404, \"text\": \"https://youtu.be/ykKL5c3Orqg?si=jbiEhGi5GxZ8thXb\", \"entities\": [{\"offset\": 0, \"length\": 48, \"type\": \"url\"}], \"link_preview_options\": {\"url\": \"https://youtu.be/ykKL5c3Orqg?si=jbiEhGi5GxZ8thXb\"}}}"}
{"timestamp": "2025-05-15T14:13:25.377121Z", "level": "INFO", "instance": "@EDU_ArabicBot", "action": "YOUTUBE_LINK", "chat_id": 5700964012, "user_id": 5700964012, "link": "https://youtu.be/ykKL5c3Orqg?si=jbiEhGi5GxZ8thXb"}
{"timestamp": "2025-05-15T14:13:26.652080Z", "level": "DEBUG", "instance": "@EDU_ArabicBot", "action": "UPDATE", "update": "{\"update_id\": 431473814, \"callback_query\": {\"id\": \"6038709917566528721\", \"from\": {\"id\": 5700964012, \"is_bot\": false, \"first_name\": \"Abduvohid Abdujalilov\", \"username\": \"abduvohid_dev\", \"language_code\": \"en\"}, \"message\": {\"message_id\": 1050, \"from\": {\"id\": 8098660158, \"is_bot\": true, \"first_name\": \"EduArabic\", \"username\": \"EDU_ArabicBot\"}, \"chat\": {\"id\": 5700964012, \"first_name\": \"Abduvohid Abdujalilov\", \"username\": \"abduvohid_dev\", \"type\": \"private\"}, \"date\": 1747318405, \"photo\": [{\"file_id\": \"AgACAgQAAxkDAAIEFmgl9oLTTkrcR3JgZcVkWlnQwCLPAAL1tzEbzvg0UU-nRhlPbLT8AQADAgADcwADNgQ\", \"file_unique_id\": \"AQAD9bcxG874NFF4\", \"file_size\": 1438, \"width\": 90, \"height\": 67}, {\"file_id\": \"AgACAgQAAxkDAAIEFmgl9oLTTkrcR3JgZcVkWlnQwCLPAAL1tzEbzvg0UU-nRhlPbLT8AQADAgADbQADNgQ\", \"file_unique_id\": \"AQAD9bcxG874NFFy\", \"file_size\": 18030, \"width\": 320, \"height\": 240}, {\"file_id\": \"AgACAgQAAxkDAAIEFmgl9oLTTkrcR3JgZcVkWlnQwCLPAAL1tzEbzvg0UU-nRhlPbLT8AQADAgADeAADNgQ\", \"file_unique_id\": \"AQAD9bcxG874NFF9\", \"file_size\": 45137, \"width\": 640, \"height\": 480}], \"reply_markup\": {\"inline_keyboard\": [[{\"text\": \"\\ud83c\\udf9e Video\", \"callback_data\": \"youtube_video_download_ykKL5c3Orqg\"}, {\"text\": \"\\ud83c\\udfa7 Audio\", \"callback_data\": \"track_download_ykKL5c3Orqg\"}]]}}, \"chat_instance\": \"1528666451426664229\", \"data\": \"youtube_video_download_ykKL5c3Orqg\"}}"}
{"timestamp": "2025-05-15T14:13:28.071198Z", "level": "DEBUG", "instance": "@EDU_ArabicBot", "action": "UPDATE", "update": "{\"update_id\": 431473815, \"callback_query\": {\"id\": \"6038709915146838909\", \"from\": {\"id\": 5700964012, \"is_bot\": false, \"first_name\": \"Abduvohid Abdujalilov\", \"username\": \"abduvohid_dev\", \"language_code\": \"en\"}, \"message\": {\"message_id\": 1050, \"from\": {\"id\": 8098660158, \"is_bot\": true, \"first_name\": \"EduArabic\", \"username\": \"EDU_ArabicBot\"}, \"chat\": {\"id\": 5700964012, \"first_name\": \"Abduvohid Abdujalilov\", \"username\": \"abduvohid_dev\", \"type\": \"private\"}, \"date\": 1747318405, \"photo\": [{\"file_id\": \"AgACAgQAAxkDAAIEFmgl9oLTTkrcR3JgZcVkWlnQwCLPAAL1tzEbzvg0UU-nRhlPbLT8AQADAgADcwADNgQ\", \"file_unique_id\": \"AQAD9bcxG874NFF4\", \"file_size\": 1438, \"width\": 90, \"height\": 67}, {\"file_id\": \"AgACAgQAAxkDAAIEFmgl9oLTTkrcR3JgZcVkWlnQwCLPAAL1tzEbzvg0UU-nRhlPbLT8AQADAgADbQADNgQ\", \"file_unique_id\": \"AQAD9bcxG874NFFy\", \"file_size\": 18030, \"width\": 320, \"height\": 240}, {\"file_id\": \"AgACAgQAAxkDAAIEFmgl9oLTTkrcR3JgZcVkWlnQwCLPAAL1tzEbzvg0UU-nRhlPbLT8AQADAgADeAADNgQ\", \"file_unique_id\": \"AQAD9bcxG874NFF9\", \"file_size\": 45137, \"width\": 640, \"height\": 480}], \"reply_markup\": {\"inline_keyboard\": [[{\"text\": \"\\ud83c\\udf9e Video\", \"callback_data\": \"youtube_video_download_ykKL5c3Orqg\"}, {\"text\": \"\\ud83c\\udfa7 Audio\", \"callback_data\": \"track_download_ykKL5c3Orqg\"}]]}}, \"chat_instance\": \"1528666451426664229\", \"data\": \"track_download_ykKL5c3Orqg\"}}"}
{"timestamp": "2025-05-15T14:15:17.099225Z", "level": "DEBUG", "instance": "@EDU_ArabicBot", "action": "UPDATE", "update": "{\"update_id\": 431473816, \"message\": {\"message_id\": 1051, \"from\": {\"id\": 5700964012, \"is_bot\": false, \"first_name\": \"Abduvohid Abdujalilov\", \"username\": \"abduvohid_dev\", \"language_code\": \"en\"}, \"chat\": {\"id\": 5700964012, \"first_name\": \"Abduvohid Abdujalilov\", \"username\": \"abduvohid_dev\", \"type\": \"private\"}, \"date\": 1747318516, \"text\": \"https://youtu.be/ykKL5c3Orqg?si=jbiEhGi5GxZ8thXb\", \"entities\": [{\"offset\": 0, \"length\": 48, \"type\": \"url\"}], \"link_preview_options\": {\"url\": \"https://youtu.be/ykKL5c3Orqg?si=jbiEhGi5GxZ8thXb\"}}}"}
{"timestamp": "2025-05-15T14:15:17.315711Z", "level": "INFO", "instance": "@EDU_ArabicBot", "action": "YOUTUBE_LINK", "chat_id": 5700964012, "user_id": 5700964012, "link": "https://youtu.be/ykKL5c3Orqg?si=jbiEhGi5GxZ8thXb"}
{"timestamp": "2025-05-15T14:15:18.732814Z", "level": "DEBUG", "instance": "@EDU_ArabicBot", "action": "UPDATE", "update": "{\"update_id\": 431473817, \"callback_query\": {\"id\": \"6038709915390956172\", \"from\": {\"id\": 5700964012, \"is_bot\": false, \"first_name\": \"Abduvohid Abdujalilov\", \"username\": \"abduvohid_dev\", \"language_code\": \"en\"}, \"message\": {\"message_id\": 1052, \"from\": {\"id\": 8098660158, \"is_bot\": true, \"first_name\": \"EduArabic\", \"username\": \"EDU_ArabicBot\"}, \"chat\": {\"id\": 5700964012, \"first_name\": \"Abduvohid Abdujalilov\", \"username\": \"abduvohid_dev\", \"type\": \"private\"}, \"date\": 1747318517, \"photo\": [{\"file_id\": \"AgACAgQAAxkDAAIEHGgl9vUjiy2IBcpKPJCncxGkjUqxAAL1tzEbzvg0UU-nRhlPbLT8AQADAgADcwADNgQ\", \"file_unique_id\": \"AQAD9bcxG874NFF4\", \"file_size\": 1438, \"width\": 90, \"height\": 67}, {\"file_id\": \"AgACAgQAAxkDAAIEHGgl9vUjiy2IBcpKPJCncxGkjUqxAAL1tzEbzvg0UU-nRhlPbLT8AQADAgADbQADNgQ\", \"file_unique_id\": \"AQAD9bcxG874NFFy\", \"file_size\": 18030, \"width\": 320, \"height\": 240}, {\"file_id\": \"AgACAgQAAxkDAAIEHGgl9vUjiy2IBcpKPJCncxGkjUqxAAL1tzEbzvg0UU-nRhlPbLT8AQADAgADeAADNgQ\", \"file_unique_id\": \"AQAD9bcxG874NFF9\", \"file_size\": 45137, \"width\": 640, \"height\": 480}], \"reply_markup\": {\"inline_keyboard\": [[{\"text\": \"\\ud83c\\udf9e Video\", \"callback_data\": \"youtube_video_download_ykKL5c3Orqg\"}, {\"text\": \"\\ud83c\\udfa7 Audio\", \"callback_data\": \"track_download_ykKL5c3Orqg\"}]]}}, \"chat_instance\": \"1528666451426664229\", \"data\": \"youtube_video_download_ykKL5c3Orqg\"}}"}
{"timestamp": "2025-05-15T14:15:30.227021Z", "level": "DEBUG", "instance": "@EDU_ArabicBot", "action": "UPDATE", "update": "{\"update_id\": 431473818, \"message\": {\"message_id\": 1053, \"from\": {\"id\": 5700964012, \"is_bot\": false, \"first_name\": \"Abduvohid Abdujalilov\", \"username\": \"abduvohid_dev\", \"language_code\": \"en\"}, \"chat\": {\"id\": 5700964012, \"first_name\": \"Abduvohid Abdujalilov\", \"username\": \"abduvohid_dev\", \"type\": \"private\"}, \"date\": 1747318530, \"text\": \"https://youtu.be/ykKL5c3Orqg?si=jbiEhGi5GxZ8thXb\", \"entities\": [{\"offset\": 0, \"length\": 48, \"type\": \"url\"}], \"link_preview_options\": {\"url\": \"https://youtu.be/ykKL5c3Orqg?si=jbiEhGi5GxZ8thXb\"}}}"}
{"timestamp": "2025-05-15T14:15:30.484569Z", "level": "INFO", "instance": "@EDU_ArabicBot", "action": "YOUTUBE_LINK", "chat_id": 5700964012, "user_id": 5700964012, "link": "https://youtu.be/ykKL5c3Orqg?si=jbiEhGi5GxZ8thXb"}
{"timestamp": "2025-05-15T14:15:34.369746Z", "level": "DEBUG", "instance": "@EDU_ArabicBot", "action": "UPDATE", "update": "{\"update_id\": 431473819, \"callback_query\": {\"id\": \"6038709913766776994\", \"from\": {\"id\": 5700964012, \"is_bot\": false, \"first_name\": \"Abduvohid Abdujalilov\", \"username\": \"abduvohid_dev\", \"language_code\": \"en\"}, \"message\": {\"message_id\": 1054, \"from\": {\"id\": 8098660158, \"is_bot\": true, \"first_name\": \"EduArabic\", \"username\": \"EDU_ArabicBot\"}, \"chat\": {\"id\": 5700964012, \"first_name\": \"Abduvohid Abdujalilov\", \"username\": \"abduvohid_dev\", \"type\": \"private\"}, \"date\": 1747318530, \"photo\": [{\"file_id\": \"AgACAgQAAxkDAAIEHGgl9vUjiy2IBcpKPJCncxGkjUqxAAL1tzEbzvg0UU-nRhlPbLT8AQADAgADcwADNgQ\", \"file_unique_id\": \"AQAD9bcxG874NFF4\", \"file_size\": 1438, \"width\": 90, \"height\": 67}, {\"file_id\": \"AgACAgQAAxkDAAIEHGgl9vUjiy2IBcpKPJCncxGkjUqxAAL1tzEbzvg0UU-nRhlPbLT8AQADAgADbQADNgQ\", \"file_unique_id\": \"AQAD9bcxG874NFFy\", \"file_size\": 18030, \"width\": 320, \"height\": 240}, {\"file_id\": \"AgACAgQAAxkDAAIEHGgl9vUjiy2IBcpKPJCncxGkjUqxAAL1tzEbzvg0UU-nRhlPbLT8AQADAgADeAADNgQ\", \"file_unique_id\": \"AQAD9bcxG874NFF9\", \"file_size\": 45137, \"width\": 640, \"height\": 480}], \"reply_markup\": {\"inline_keyboard\": [[{\"text\": \"\\ud83c\\udf9e Video\", \"callback_data\": \"youtube_video_download_ykKL5c3Orqg\"}, {\"text\": \"\\ud83c\\udfa7 Audio\", \"callback_data\": \"track_download_ykKL5c3Orqg\"}]]}}, \"chat_instance\": \"1528666451426664229\", \"data\": \"youtube_video_download_ykKL5c3Orqg\"}}"}
{"timestamp": "2025-05-15T14:15:35.884935Z", "level": "DEBUG", "instance": "@EDU_ArabicBot", "action": "UPDATE", "update": "{\"update_id\": 431473820, \"callback_query\": {\"id\": \"6038709914567542137\", \"from\": {\"id\": 5700964012, \"is_bot\": false, \"first_name\": \"Abduvohid Abdujalilov\", \"username\": \"abduvohid_dev\", \"language_code\": \"en\"}, \"message\": {\"message_id\": 1054, \"from\": {\"id\": 8098660158, \"is_bot\": true, \"first_name\": \"EduArabic\", \"username\": \"EDU_ArabicBot\"}, \"chat\": {\"id\": 5700964012, \"first_name\": \"Abduvohid Abdujalilov\", \"username\": \"abduvohid_dev\", \"type\": \"private\"}, \"date\": 1747318530, \"photo\": [{\"file_id\": \"AgACAgQAAxkDAAIEHGgl9vUjiy2IBcpKPJCncxGkjUqxAAL1tzEbzvg0UU-nRhlPbLT8AQADAgADcwADNgQ\", \"file_unique_id\": \"AQAD9bcxG874NFF4\", \"file_size\": 1438, \"width\": 90, \"height\": 67}, {\"file_id\": \"AgACAgQAAxkDAAIEHGgl9vUjiy2IBcpKPJCncxGkjUqxAAL1tzEbzvg0UU-nRhlPbLT8AQADAgADbQADNgQ\", \"file_unique_id\": \"AQAD9bcxG874NFFy\", \"file_size\": 18030, \"width\": 320, \"height\": 240}, {\"file_id\": \"AgACAgQAAxkDAAIEHGgl9vUjiy2IBcpKPJCncxGkjUqxAAL1tzEbzvg0UU-nRhlPbLT8AQADAgADeAADNgQ\", \"file_unique_id\": \"AQAD9bcxG874NFF9\", \"file_size\": 45137, \"width\": 640, \"height\": 480}], \"reply_markup\": {\"inline_keyboard\": [[{\"text\": \"\\ud83c\\udf9e Video\", \"callback_data\": \"youtube_video_download_ykKL5c3Orqg\"}, {\"text\": \"\\ud83c\\udfa7 Audio\", \"callback_data\": \"track_download_ykKL5c3Orqg\"}]]}}, \"chat_instance\": \"1528666451426664229\", \"data\": \"track_download_ykKL5c3Orqg\"}}"}
{"timestamp": "2025-05-15T14:50:12.672967Z", "level": "DEBUG", "instance": "@EDU_ArabicBot", "action": "UPDATE", "update": "{\"update_id\": 431473821, \"message\": {\"message_id\": 1055, \"from\": {\"id\": 5700964012, \"is_bot\": false, \"first_name\": \"Abduvohid Abdujalilov\", \"username\": \"abduvohid_dev\", \"language_code\": \"en\"}, \"chat\": {\"id\": 5700964012, \"first_name\": \"Abduvohid Abdujalilov\", \"username\": \"abduvohid_dev\", \"type\": \"private\"}, \"date\": 1747320613, \"text\": \"/s\", \"entities\": [{\"offset\": 0, \"length\": 2, \"type\": \"bot_command\"}]}}"}
{"timestamp": "2025-05-15T14:50:25.002958Z", "level": "DEBUG", "instance": "@EDU_ArabicBot", "action": "UPDATE", "update": "{\"update_id\": 431473822, \"message\": {\"message_id\": 1056, \"from\": {\"id\": 5700964012, \"is_bot\": false, \"first_name\": \"Abduvohid Abdujalilov\", \"username\": \"abduvohid_dev\", \"language_code\": \"en\"}, \"chat\": {\"id\": 5700964012, \"first_name\": \"Abduvohid Abdujalilov\", \"username\": \"abduvohid_dev\", \"type\": \"private\"}, \"date\": 1747320625, \"text\": \"https://youtu.be/ykKL5c3Orqg?si=jbiEhGi5GxZ8thXb\", \"entities\": [{\"offset\": 0, \"length\": 48, \"type\": \"url\"}], \"link_preview_options\": {\"url\": \"https://youtu.be/ykKL5c3Orqg?si=jbiEhGi5GxZ8thXb\"}}}"}
{"timestamp": "2025-05-15T14:50:25.174562Z", "level": "INFO", "instance": "@EDU_ArabicBot", "action": "YOUTUBE_LINK", "chat_id": 5700964012, "user_id": 5700964012, "link": "https://youtu.be/ykKL5c3Orqg?si=jbiEhGi5GxZ8thXb"}
{"timestamp": "2025-05-15T14:50:29.307199Z", "level": "DEBUG", "instance": "@EDU_ArabicBot", "action": "UPDATE", "update": "{\"update_id\": 431473823, \"callback_query\": {\"id\": \"6038709915846448925\", \"from\": {\"id\": 5700964012, \"is_bot\": false, \"first_name\": \"Abduvohid Abdujalilov\", \"username\": \"abduvohid_dev\", \"language_code\": \"en\"}, \"message\": {\"message_id\": 1057, \"from\": {\"id\": 8098660158, \"is_bot\": true, \"first_name\": \"EduArabic\", \"username\": \"EDU_ArabicBot\"}, \"chat\": {\"id\": 5700964012, \"first_name\": \"Abduvohid Abdujalilov\", \"username\": \"abduvohid_dev\", \"type\": \"private\"}, \"date\": 1747320625, \"photo\": [{\"file_id\": \"AgACAgQAAxkDAAIEHGgl9vUjiy2IBcpKPJCncxGkjUqxAAL1tzEbzvg0UU-nRhlPbLT8AQADAgADcwADNgQ\", \"file_unique_id\": \"AQAD9bcxG874NFF4\", \"file_size\": 1438, \"width\": 90, \"height\": 67}, {\"file_id\": \"AgACAgQAAxkDAAIEHGgl9vUjiy2IBcpKPJCncxGkjUqxAAL1tzEbzvg0UU-nRhlPbLT8AQADAgADbQADNgQ\", \"file_unique_id\": \"AQAD9bcxG874NFFy\", \"file_size\": 18030, \"width\": 320, \"height\": 240}, {\"file_id\": \"AgACAgQAAxkDAAIEHGgl9vUjiy2IBcpKPJCncxGkjUqxAAL1tzEbzvg0UU-nRhlPbLT8AQADAgADeAADNgQ\", \"file_unique_id\": \"AQAD9bcxG874NFF9\", \"file_size\": 45137, \"width\": 640, \"height\": 480}], \"reply_markup\": {\"inline_keyboard\": [[{\"text\": \"\\ud83c\\udf9e Video\", \"callback_data\": \"youtube_video_download_ykKL5c3Orqg\"}, {\"text\": \"\\ud83c\\udfa7 Audio\", \"callback_data\": \"track_download_ykKL5c3Orqg\"}]]}}, \"chat_instance\": \"1528666451426664229\", \"data\": \"track_download_ykKL5c3Orqg\"}}"}
{"timestamp": "2025-05-15T14:50:32.344616Z", "level": "DEBUG", "instance": "@EDU_ArabicBot", "action": "UPDATE", "update": "{\"update_id\": 431473824, \"callback_query\": {\"id\": \"6038709917287038603\", \"from\": {\"id\": 5700964012, \"is_bot\": false, \"first_name\": \"Abduvohid Abdujalilov\", \"username\": \"abduvohid_dev\", \"language_code\": \"en\"}, \"message\": {\"message_id\": 1057, \"from\": {\"id\": 8098660158, \"is_bot\": true, \"first_name\": \"EduArabic\", \"username\": \"EDU_ArabicBot\"}, \"chat\": {\"id\": 5700964012, \"first_name\": \"Abduvohid Abdujalilov\", \"username\": \"abduvohid_dev\", \"type\": \"private\"}, \"date\": 1747320625, \"photo\": [{\"file_id\": \"AgACAgQAAxkDAAIEHGgl9vUjiy2IBcpKPJCncxGkjUqxAAL1tzEbzvg0UU-nRhlPbLT8AQADAgADcwADNgQ\", \"file_unique_id\": \"AQAD9bcxG874NFF4\", \"file_size\": 1438, \"width\": 90, \"height\": 67}, {\"file_id\": \"AgACAgQAAxkDAAIEHGgl9vUjiy2IBcpKPJCncxGkjUqxAAL1tzEbzvg0UU-nRhlPbLT8AQADAgADbQADNgQ\", \"file_unique_id\": \"AQAD9bcxG874NFFy\", \"file_size\": 18030, \"width\": 320, \"height\": 240}, {\"file_id\": \"AgACAgQAAxkDAAIEHGgl9vUjiy2IBcpKPJCncxGkjUqxAAL1tzEbzvg0UU-nRhlPbLT8AQADAgADeAADNgQ\", \"file_unique_id\": \"AQAD9bcxG874NFF9\", \"file_size\": 45137, \"width\": 640, \"height\": 480}], \"reply_markup\": {\"inline_keyboard\": [[{\"text\": \"\\ud83c\\udf9e Video\", \"callback_data\": \"youtube_video_download_ykKL5c3Orqg\"}, {\"text\": \"\\ud83c\\udfa7 Audio\", \"callback_data\": \"track_download_ykKL5c3Orqg\"}]]}}, \"chat_instance\": \"1528666451426664229\", \"data\": \"youtube_video_download_ykKL5c3Orqg\"}}"}
{"timestamp": "2025-05-15T14:51:02.126859Z", "level": "DEBUG", "instance": "@EDU_ArabicBot", "action": "UPDATE", "update": "{\"update_id\": 431473825, \"message\": {\"message_id\": 1058, \"from\": {\"id\": 5700964012, \"is_bot\": false, \"first_name\": \"Abduvohid Abdujalilov\", \"username\": \"abduvohid_dev\", \"language_code\": \"en\"}, \"chat\": {\"id\": 5700964012, \"first_name\": \"Abduvohid Abdujalilov\", \"username\": \"abduvohid_dev\", \"type\": \"private\"}, \"date\": 1747320662, \"text\": \"https://youtu.be/ykKL5c3Orqg?si=jbiEhGi5GxZ8thXb\", \"entities\": [{\"offset\": 0, \"length\": 48, \"type\": \"url\"}], \"link_preview_options\": {\"url\": \"https://youtu.be/ykKL5c3Orqg?si=jbiEhGi5GxZ8thXb\"}}}"}
{"timestamp": "2025-05-15T14:51:02.294455Z", "level": "INFO", "instance": "@EDU_ArabicBot", "action": "YOUTUBE_LINK", "chat_id": 5700964012, "user_id": 5700964012, "link": "https://youtu.be/ykKL5c3Orqg?si=jbiEhGi5GxZ8thXb"}
{"timestamp": "2025-05-15T14:51:24.116125Z", "level": "DEBUG", "instance": "@EDU_ArabicBot", "action": "UPDATE", "update": "{\"update_id\": 431473826, \"callback_query\": {\"id\": \"6038709916264712226\", \"from\": {\"id\": 5700964012, \"is_bot\": false, \"first_name\": \"Abduvohid Abdujalilov\", \"username\": \"abduvohid_dev\", \"language_code\": \"en\"}, \"message\": {\"message_id\": 1059, \"from\": {\"id\": 8098660158, \"is_bot\": true, \"first_name\": \"EduArabic\", \"username\": \"EDU_ArabicBot\"}, \"chat\": {\"id\": 5700964012, \"first_name\": \"Abduvohid Abdujalilov\", \"username\": \"abduvohid_dev\", \"type\": \"private\"}, \"date\": 1747320662, \"photo\": [{\"file_id\": \"AgACAgQAAxkDAAIEHGgl9vUjiy2IBcpKPJCncxGkjUqxAAL1tzEbzvg0UU-nRhlPbLT8AQADAgADcwADNgQ\", \"file_unique_id\": \"AQAD9bcxG874NFF4\", \"file_size\": 1438, \"width\": 90, \"height\": 67}, {\"file_id\": \"AgACAgQAAxkDAAIEHGgl9vUjiy2IBcpKPJCncxGkjUqxAAL1tzEbzvg0UU-nRhlPbLT8AQADAgADbQADNgQ\", \"file_unique_id\": \"AQAD9bcxG874NFFy\", \"file_size\": 18030, \"width\": 320, \"height\": 240}, {\"file_id\": \"AgACAgQAAxkDAAIEHGgl9vUjiy2IBcpKPJCncxGkjUqxAAL1tzEbzvg0UU-nRhlPbLT8AQADAgADeAADNgQ\", \"file_unique_id\": \"AQAD9bcxG874NFF9\", \"file_size\": 45137, \"width\": 640, \"height\": 480}], \"reply_markup\": {\"inline_keyboard\": [[{\"text\": \"\\ud83c\\udf9e Video\", \"callback_data\": \"youtube_video_download_ykKL5c3Orqg\"}, {\"text\": \"\\ud83c\\udfa7 Audio\", \"callback_data\": \"track_download_ykKL5c3Orqg\"}]]}}, \"chat_instance\": \"1528666451426664229\", \"data\": \"track_download_ykKL5c3Orqg\"}}"}
