{"timestamp": "2025-05-15T12:41:23.302175Z", "level": "DEBUG", "instance": "@EDU_ArabicBot", "action": "UPDATE", "update": "{\"update_id\": 431473777, \"message\": {\"message_id\": 998, \"from\": {\"id\": 5700964012, \"is_bot\": false, \"first_name\": \"Abduvohid Abdujalilov\", \"username\": \"abduvohid_dev\", \"language_code\": \"en\"}, \"chat\": {\"id\": 5700964012, \"first_name\": \"Abduvohid Abdujalilov\", \"username\": \"abduvohid_dev\", \"type\": \"private\"}, \"date\": 1747312883, \"text\": \"https://youtu.be/ykKL5c3Orqg?si=jbiEhGi5GxZ8thXb\", \"entities\": [{\"offset\": 0, \"length\": 48, \"type\": \"url\"}], \"link_preview_options\": {\"url\": \"https://youtu.be/ykKL5c3Orqg?si=jbiEhGi5GxZ8thXb\"}}}"}
{"timestamp": "2025-05-15T12:41:23.324021Z", "level": "INFO", "instance": "@EDU_ArabicBot", "action": "ACCOUNT_CREATED", "account_id": 1, "chat_id": 5700964012, "user_id": 5700964012}
{"timestamp": "2025-05-15T12:41:23.498020Z", "level": "INFO", "instance": "@EDU_ArabicBot", "action": "YOUTUBE_LINK", "chat_id": 5700964012, "user_id": 5700964012, "link": "https://youtu.be/ykKL5c3Orqg?si=jbiEhGi5GxZ8thXb"}
{"timestamp": "2025-05-15T12:41:25.198870Z", "level": "DEBUG", "instance": "@EDU_ArabicBot", "action": "UPDATE", "update": "{\"update_id\": 431473778, \"callback_query\": {\"id\": \"6038709916834487485\", \"from\": {\"id\": 5700964012, \"is_bot\": false, \"first_name\": \"Abduvohid Abdujalilov\", \"username\": \"abduvohid_dev\", \"language_code\": \"en\"}, \"message\": {\"message_id\": 999, \"from\": {\"id\": 8098660158, \"is_bot\": true, \"first_name\": \"EduArabic\", \"username\": \"EDU_ArabicBot\"}, \"chat\": {\"id\": 5700964012, \"first_name\": \"Abduvohid Abdujalilov\", \"username\": \"abduvohid_dev\", \"type\": \"private\"}, \"date\": 1747312883, \"photo\": [{\"file_id\": \"AgACAgQAAxkDAAID52gl4POxZs9yURbTdeBb54JmZbB6AAL1tzEbzvg0UU-nRhlPbLT8AQADAgADcwADNgQ\", \"file_unique_id\": \"AQAD9bcxG874NFF4\", \"file_size\": 1438, \"width\": 90, \"height\": 67}, {\"file_id\": \"AgACAgQAAxkDAAID52gl4POxZs9yURbTdeBb54JmZbB6AAL1tzEbzvg0UU-nRhlPbLT8AQADAgADbQADNgQ\", \"file_unique_id\": \"AQAD9bcxG874NFFy\", \"file_size\": 18030, \"width\": 320, \"height\": 240}, {\"file_id\": \"AgACAgQAAxkDAAID52gl4POxZs9yURbTdeBb54JmZbB6AAL1tzEbzvg0UU-nRhlPbLT8AQADAgADeAADNgQ\", \"file_unique_id\": \"AQAD9bcxG874NFF9\", \"file_size\": 45137, \"width\": 640, \"height\": 480}], \"reply_markup\": {\"inline_keyboard\": [[{\"text\": \"\\ud83c\\udf9e Video\", \"callback_data\": \"youtube_video_download_ykKL5c3Orqg\"}, {\"text\": \"\\ud83c\\udfa7 Audio\", \"callback_data\": \"track_download_ykKL5c3Orqg\"}]]}}, \"chat_instance\": \"1528666451426664229\", \"data\": \"youtube_video_download_ykKL5c3Orqg\"}}"}
{"timestamp": "2025-05-15T12:42:04.453192Z", "level": "DEBUG", "instance": "@EDU_ArabicBot", "action": "UPDATE", "update": "{\"update_id\": 431473779, \"message\": {\"message_id\": 1000, \"from\": {\"id\": 5700964012, \"is_bot\": false, \"first_name\": \"Abduvohid Abdujalilov\", \"username\": \"abduvohid_dev\", \"language_code\": \"en\"}, \"chat\": {\"id\": 5700964012, \"first_name\": \"Abduvohid Abdujalilov\", \"username\": \"abduvohid_dev\", \"type\": \"private\"}, \"date\": 1747312924, \"text\": \"https://youtu.be/NgRG86Rwexw?si=QIMNeA05LT2XJAJs\", \"entities\": [{\"offset\": 0, \"length\": 48, \"type\": \"url\"}], \"link_preview_options\": {\"url\": \"https://youtu.be/NgRG86Rwexw?si=QIMNeA05LT2XJAJs\"}}}"}
{"timestamp": "2025-05-15T12:42:04.788660Z", "level": "ERROR", "instance": "@EDU_ArabicBot", "action": "YOUTUBE_LINK_FAILED", "chat_id": 5700964012, "user_id": 5700964012, "link": "https://youtu.be/NgRG86Rwexw?si=QIMNeA05LT2XJAJs", "stack_trace": "Traceback (most recent call last):\n  File \"/home/mediabot/features/youtube/handlers.py\", line 89, in _youtube_link\n    await context.bot.send_photo(chat_id, f\"https://i.ytimg.com/vi/{video_id}/sddefault.jpg\", reply_markup=reply_markup)\n  File \"/usr/local/lib/python3.12/site-packages/telegram/ext/_extbot.py\", line 2865, in send_photo\n    return await super().send_photo(\n           ^^^^^^^^^^^^^^^^^^^^^^^^^\n  File \"/usr/local/lib/python3.12/site-packages/telegram/_bot.py\", line 542, in decorator\n    result = await func(self, *args, **kwargs)\n             ^^^^^^^^^^^^^^^^^^^^^^^^^^^^^^^^^\n  File \"/usr/local/lib/python3.12/site-packages/telegram/_bot.py\", line 1379, in send_photo\n    return await self._send_message(\n           ^^^^^^^^^^^^^^^^^^^^^^^^^\n  File \"/usr/local/lib/python3.12/site-packages/telegram/ext/_extbot.py\", line 581, in _send_message\n    result = await super()._send_message(\n             ^^^^^^^^^^^^^^^^^^^^^^^^^^^^\n  File \"/usr/local/lib/python3.12/site-packages/telegram/_bot.py\", line 736, in _send_message\n    result = await self._post(\n             ^^^^^^^^^^^^^^^^^\n  File \"/usr/local/lib/python3.12/site-packages/telegram/_bot.py\", line 630, in _post\n    return await self._do_post(\n           ^^^^^^^^^^^^^^^^^^^^\n  File \"/usr/local/lib/python3.12/site-packages/telegram/ext/_extbot.py\", line 347, in _do_post\n    return await super()._do_post(\n           ^^^^^^^^^^^^^^^^^^^^^^^\n  File \"/usr/local/lib/python3.12/site-packages/telegram/_bot.py\", line 658, in _do_post\n    return await request.post(\n           ^^^^^^^^^^^^^^^^^^^\n  File \"/usr/local/lib/python3.12/site-packages/telegram/request/_baserequest.py\", line 200, in post\n    result = await self._request_wrapper(\n             ^^^^^^^^^^^^^^^^^^^^^^^^^^^^\n  File \"/usr/local/lib/python3.12/site-packages/telegram/request/_baserequest.py\", line 379, in _request_wrapper\n    raise BadRequest(message)\ntelegram.error.BadRequest: Wrong type of the web page content\n"}
{"timestamp": "2025-05-15T12:44:11.364030Z", "level": "DEBUG", "instance": "@EDU_ArabicBot", "action": "UPDATE", "update": "{\"update_id\": 431473780, \"message\": {\"message_id\": 1002, \"from\": {\"id\": 5700964012, \"is_bot\": false, \"first_name\": \"Abduvohid Abdujalilov\", \"username\": \"abduvohid_dev\", \"language_code\": \"en\"}, \"chat\": {\"id\": 5700964012, \"first_name\": \"Abduvohid Abdujalilov\", \"username\": \"abduvohid_dev\", \"type\": \"private\"}, \"date\": 1747313051, \"text\": \"https://youtu.be/ykKL5c3Orqg?si=jbiEhGi5GxZ8thXb\", \"entities\": [{\"offset\": 0, \"length\": 48, \"type\": \"url\"}], \"link_preview_options\": {\"url\": \"https://youtu.be/ykKL5c3Orqg?si=jbiEhGi5GxZ8thXb\"}}}"}
{"timestamp": "2025-05-15T12:44:11.606212Z", "level": "INFO", "instance": "@EDU_ArabicBot", "action": "YOUTUBE_LINK", "chat_id": 5700964012, "user_id": 5700964012, "link": "https://youtu.be/ykKL5c3Orqg?si=jbiEhGi5GxZ8thXb"}
{"timestamp": "2025-05-15T12:47:53.002248Z", "level": "DEBUG", "instance": "@EDU_ArabicBot", "action": "UPDATE", "update": "{\"update_id\": 431473781, \"message\": {\"message_id\": 1004, \"from\": {\"id\": 5700964012, \"is_bot\": false, \"first_name\": \"Abduvohid Abdujalilov\", \"username\": \"abduvohid_dev\", \"language_code\": \"en\"}, \"chat\": {\"id\": 5700964012, \"first_name\": \"Abduvohid Abdujalilov\", \"username\": \"abduvohid_dev\", \"type\": \"private\"}, \"date\": 1747313272, \"text\": \"https://youtube.com/shorts/gokqotvspBM?si=3o4xfn89mykUpbW6\", \"entities\": [{\"offset\": 0, \"length\": 58, \"type\": \"url\"}], \"link_preview_options\": {\"url\": \"https://youtube.com/shorts/gokqotvspBM?si=3o4xfn89mykUpbW6\"}}}"}
{"timestamp": "2025-05-15T12:48:51.338197Z", "level": "ERROR", "instance": "@EDU_ArabicBot", "action": "YOUTUBE_VIDEO_FAILED", "chat_id": 5700964012, "user_id": 5700964012, "id": "gokqotvspBM", "stack_trace": "Traceback (most recent call last):\n  File \"/home/mediabot/features/youtube/model.py\", line 30, in download_telegram\n    return (json_response[\"file_id\"], json_response[\"recognize_result\"],)\n            ~~~~~~~~~~~~~^^^^^^^^^^^\nKeyError: 'file_id'\n\nDuring handling of the above exception, another exception occurred:\n\nTraceback (most recent call last):\n  File \"/home/mediabot/features/youtube/model.py\", line 30, in download_telegram\n    return (json_response[\"file_id\"], json_response[\"recognize_result\"],)\n            ~~~~~~~~~~~~~^^^^^^^^^^^\nKeyError: 'file_id'\n\nDuring handling of the above exception, another exception occurred:\n\nTraceback (most recent call last):\n  File \"/home/mediabot/features/youtube/model.py\", line 30, in download_telegram\n    return (json_response[\"file_id\"], json_response[\"recognize_result\"],)\n            ~~~~~~~~~~~~~^^^^^^^^^^^\nKeyError: 'file_id'\n\nDuring handling of the above exception, another exception occurred:\n\nTraceback (most recent call last):\n  File \"/home/mediabot/features/youtube/model.py\", line 30, in download_telegram\n    return (json_response[\"file_id\"], json_response[\"recognize_result\"],)\n            ~~~~~~~~~~~~~^^^^^^^^^^^\nKeyError: 'file_id'\n\nDuring handling of the above exception, another exception occurred:\n\nTraceback (most recent call last):\n  File \"/home/mediabot/features/youtube/handlers.py\", line 116, in _youtube_video_download\n    (file_id, recognize_result,) = await YouTube.download_telegram(id, context.instance.token, recognize=recognize)\n                                   ^^^^^^^^^^^^^^^^^^^^^^^^^^^^^^^^^^^^^^^^^^^^^^^^^^^^^^^^^^^^^^^^^^^^^^^^^^^^^^^^\n  File \"/home/mediabot/features/youtube/model.py\", line 33, in download_telegram\n    return await YouTube.download_telegram(id, telegram_bot_token, recognize, attempt + 1)\n           ^^^^^^^^^^^^^^^^^^^^^^^^^^^^^^^^^^^^^^^^^^^^^^^^^^^^^^^^^^^^^^^^^^^^^^^^^^^^^^^\n  File \"/home/mediabot/features/youtube/model.py\", line 33, in download_telegram\n    return await YouTube.download_telegram(id, telegram_bot_token, recognize, attempt + 1)\n           ^^^^^^^^^^^^^^^^^^^^^^^^^^^^^^^^^^^^^^^^^^^^^^^^^^^^^^^^^^^^^^^^^^^^^^^^^^^^^^^\n  File \"/home/mediabot/features/youtube/model.py\", line 33, in download_telegram\n    return await YouTube.download_telegram(id, telegram_bot_token, recognize, attempt + 1)\n           ^^^^^^^^^^^^^^^^^^^^^^^^^^^^^^^^^^^^^^^^^^^^^^^^^^^^^^^^^^^^^^^^^^^^^^^^^^^^^^^\n  File \"/home/mediabot/features/youtube/model.py\", line 34, in download_telegram\n    raise Exception(\"Max attempts reached\")\nException: Max attempts reached\n"}
{"timestamp": "2025-05-15T12:48:51.485112Z", "level": "INFO", "instance": "@EDU_ArabicBot", "action": "YOUTUBE_LINK", "chat_id": 5700964012, "user_id": 5700964012, "link": "https://youtube.com/shorts/gokqotvspBM?si=3o4xfn89mykUpbW6"}
{"timestamp": "2025-05-15T13:30:49.371636Z", "level": "DEBUG", "instance": "@EDU_ArabicBot", "action": "UPDATE", "update": "{\"update_id\": 431473782, \"message\": {\"message_id\": 1007, \"from\": {\"id\": 5700964012, \"is_bot\": false, \"first_name\": \"Abduvohid Abdujalilov\", \"username\": \"abduvohid_dev\", \"language_code\": \"uz\"}, \"chat\": {\"id\": 5700964012, \"first_name\": \"Abduvohid Abdujalilov\", \"username\": \"abduvohid_dev\", \"type\": \"private\"}, \"date\": 1747315849, \"text\": \"https://youtube.com/shorts/gokqotvspBM?si=3o4xfn89mykUpbW6\", \"entities\": [{\"offset\": 0, \"length\": 58, \"type\": \"url\"}], \"link_preview_options\": {\"url\": \"https://youtube.com/shorts/gokqotvspBM?si=3o4xfn89mykUpbW6\"}}}"}
{"timestamp": "2025-05-15T13:32:13.378352Z", "level": "ERROR", "instance": "@EDU_ArabicBot", "action": "YOUTUBE_VIDEO_FAILED", "chat_id": 5700964012, "user_id": 5700964012, "id": "gokqotvspBM", "stack_trace": "Traceback (most recent call last):\n  File \"/home/mediabot/features/youtube/model.py\", line 30, in download_telegram\n    return (json_response[\"file_id\"], json_response[\"recognize_result\"],)\n            ~~~~~~~~~~~~~^^^^^^^^^^^\nKeyError: 'file_id'\n\nDuring handling of the above exception, another exception occurred:\n\nTraceback (most recent call last):\n  File \"/home/mediabot/features/youtube/model.py\", line 30, in download_telegram\n    return (json_response[\"file_id\"], json_response[\"recognize_result\"],)\n            ~~~~~~~~~~~~~^^^^^^^^^^^\nKeyError: 'file_id'\n\nDuring handling of the above exception, another exception occurred:\n\nTraceback (most recent call last):\n  File \"/home/mediabot/features/youtube/model.py\", line 30, in download_telegram\n    return (json_response[\"file_id\"], json_response[\"recognize_result\"],)\n            ~~~~~~~~~~~~~^^^^^^^^^^^\nKeyError: 'file_id'\n\nDuring handling of the above exception, another exception occurred:\n\nTraceback (most recent call last):\n  File \"/home/mediabot/features/youtube/model.py\", line 30, in download_telegram\n    return (json_response[\"file_id\"], json_response[\"recognize_result\"],)\n            ~~~~~~~~~~~~~^^^^^^^^^^^\nKeyError: 'file_id'\n\nDuring handling of the above exception, another exception occurred:\n\nTraceback (most recent call last):\n  File \"/home/mediabot/features/youtube/handlers.py\", line 116, in _youtube_video_download\n    (file_id, recognize_result,) = await YouTube.download_telegram(id, context.instance.token, recognize=recognize)\n                                   ^^^^^^^^^^^^^^^^^^^^^^^^^^^^^^^^^^^^^^^^^^^^^^^^^^^^^^^^^^^^^^^^^^^^^^^^^^^^^^^^\n  File \"/home/mediabot/features/youtube/model.py\", line 33, in download_telegram\n    return await YouTube.download_telegram(id, telegram_bot_token, recognize, attempt + 1)\n           ^^^^^^^^^^^^^^^^^^^^^^^^^^^^^^^^^^^^^^^^^^^^^^^^^^^^^^^^^^^^^^^^^^^^^^^^^^^^^^^\n  File \"/home/mediabot/features/youtube/model.py\", line 33, in download_telegram\n    return await YouTube.download_telegram(id, telegram_bot_token, recognize, attempt + 1)\n           ^^^^^^^^^^^^^^^^^^^^^^^^^^^^^^^^^^^^^^^^^^^^^^^^^^^^^^^^^^^^^^^^^^^^^^^^^^^^^^^\n  File \"/home/mediabot/features/youtube/model.py\", line 33, in download_telegram\n    return await YouTube.download_telegram(id, telegram_bot_token, recognize, attempt + 1)\n           ^^^^^^^^^^^^^^^^^^^^^^^^^^^^^^^^^^^^^^^^^^^^^^^^^^^^^^^^^^^^^^^^^^^^^^^^^^^^^^^\n  File \"/home/mediabot/features/youtube/model.py\", line 34, in download_telegram\n    raise Exception(\"Max attempts reached\")\nException: Max attempts reached\n"}
{"timestamp": "2025-05-15T13:32:13.520420Z", "level": "INFO", "instance": "@EDU_ArabicBot", "action": "YOUTUBE_LINK", "chat_id": 5700964012, "user_id": 5700964012, "link": "https://youtube.com/shorts/gokqotvspBM?si=3o4xfn89mykUpbW6"}
{"timestamp": "2025-05-15T13:33:19.354695Z", "level": "DEBUG", "instance": "@EDU_ArabicBot", "action": "UPDATE", "update": "{\"update_id\": 431473783, \"message\": {\"message_id\": 1010, \"from\": {\"id\": 5700964012, \"is_bot\": false, \"first_name\": \"Abduvohid Abdujalilov\", \"username\": \"abduvohid_dev\", \"language_code\": \"uz\"}, \"chat\": {\"id\": 5700964012, \"first_name\": \"Abduvohid Abdujalilov\", \"username\": \"abduvohid_dev\", \"type\": \"private\"}, \"date\": 1747315999, \"text\": \"https://youtube.com/shorts/gokqotvspBM?si=3o4xfn89mykUpbW6\", \"entities\": [{\"offset\": 0, \"length\": 58, \"type\": \"url\"}], \"link_preview_options\": {\"url\": \"https://youtube.com/shorts/gokqotvspBM?si=3o4xfn89mykUpbW6\"}}}"}
{"timestamp": "2025-05-15T13:39:02.476333Z", "level": "DEBUG", "instance": "@EDU_ArabicBot", "action": "UPDATE", "update": "{\"update_id\": 431473784, \"message\": {\"message_id\": 1014, \"from\": {\"id\": 5700964012, \"is_bot\": false, \"first_name\": \"Abduvohid Abdujalilov\", \"username\": \"abduvohid_dev\", \"language_code\": \"uz\"}, \"chat\": {\"id\": 5700964012, \"first_name\": \"Abduvohid Abdujalilov\", \"username\": \"abduvohid_dev\", \"type\": \"private\"}, \"date\": 1747316342, \"text\": \"https://youtube.com/shorts/gokqotvspBM?si=3o4xfn89mykUpbW6\", \"entities\": [{\"offset\": 0, \"length\": 58, \"type\": \"url\"}], \"link_preview_options\": {\"url\": \"https://youtube.com/shorts/gokqotvspBM?si=3o4xfn89mykUpbW6\"}}}"}
{"timestamp": "2025-05-15T13:39:45.954896Z", "level": "ERROR", "instance": "@EDU_ArabicBot", "action": "YOUTUBE_VIDEO_FAILED", "chat_id": 5700964012, "user_id": 5700964012, "id": "gokqotvspBM", "stack_trace": "Traceback (most recent call last):\n  File \"/home/mediabot/features/youtube/model.py\", line 32, in download_telegram\n    return (json_response[\"file_id\"], json_response[\"recognize_result\"],)\n            ~~~~~~~~~~~~~^^^^^^^^^^^\nKeyError: 'file_id'\n\nDuring handling of the above exception, another exception occurred:\n\nTraceback (most recent call last):\n  File \"/home/mediabot/features/youtube/model.py\", line 32, in download_telegram\n    return (json_response[\"file_id\"], json_response[\"recognize_result\"],)\n            ~~~~~~~~~~~~~^^^^^^^^^^^\nKeyError: 'file_id'\n\nDuring handling of the above exception, another exception occurred:\n\nTraceback (most recent call last):\n  File \"/home/mediabot/features/youtube/model.py\", line 32, in download_telegram\n    return (json_response[\"file_id\"], json_response[\"recognize_result\"],)\n            ~~~~~~~~~~~~~^^^^^^^^^^^\nKeyError: 'file_id'\n\nDuring handling of the above exception, another exception occurred:\n\nTraceback (most recent call last):\n  File \"/home/mediabot/features/youtube/model.py\", line 32, in download_telegram\n    return (json_response[\"file_id\"], json_response[\"recognize_result\"],)\n            ~~~~~~~~~~~~~^^^^^^^^^^^\nKeyError: 'file_id'\n\nDuring handling of the above exception, another exception occurred:\n\nTraceback (most recent call last):\n  File \"/home/mediabot/features/youtube/handlers.py\", line 116, in _youtube_video_download\n    (file_id, recognize_result,) = await YouTube.download_telegram(id, context.instance.token, recognize=recognize)\n                                   ^^^^^^^^^^^^^^^^^^^^^^^^^^^^^^^^^^^^^^^^^^^^^^^^^^^^^^^^^^^^^^^^^^^^^^^^^^^^^^^^\n  File \"/home/mediabot/features/youtube/model.py\", line 35, in download_telegram\n    return await YouTube.download_telegram(id, telegram_bot_token, recognize, attempt + 1)\n           ^^^^^^^^^^^^^^^^^^^^^^^^^^^^^^^^^^^^^^^^^^^^^^^^^^^^^^^^^^^^^^^^^^^^^^^^^^^^^^^\n  File \"/home/mediabot/features/youtube/model.py\", line 35, in download_telegram\n    return await YouTube.download_telegram(id, telegram_bot_token, recognize, attempt + 1)\n           ^^^^^^^^^^^^^^^^^^^^^^^^^^^^^^^^^^^^^^^^^^^^^^^^^^^^^^^^^^^^^^^^^^^^^^^^^^^^^^^\n  File \"/home/mediabot/features/youtube/model.py\", line 35, in download_telegram\n    return await YouTube.download_telegram(id, telegram_bot_token, recognize, attempt + 1)\n           ^^^^^^^^^^^^^^^^^^^^^^^^^^^^^^^^^^^^^^^^^^^^^^^^^^^^^^^^^^^^^^^^^^^^^^^^^^^^^^^\n  File \"/home/mediabot/features/youtube/model.py\", line 36, in download_telegram\n    raise Exception(\"Max attempts reached\")\nException: Max attempts reached\n"}
{"timestamp": "2025-05-15T13:39:46.142142Z", "level": "INFO", "instance": "@EDU_ArabicBot", "action": "YOUTUBE_LINK", "chat_id": 5700964012, "user_id": 5700964012, "link": "https://youtube.com/shorts/gokqotvspBM?si=3o4xfn89mykUpbW6"}
{"timestamp": "2025-05-15T13:42:14.981690Z", "level": "DEBUG", "instance": "@EDU_ArabicBot", "action": "UPDATE", "update": "{\"update_id\": 431473785, \"message\": {\"message_id\": 1018, \"from\": {\"id\": 5700964012, \"is_bot\": false, \"first_name\": \"Abduvohid Abdujalilov\", \"username\": \"abduvohid_dev\", \"language_code\": \"en\"}, \"chat\": {\"id\": 5700964012, \"first_name\": \"Abduvohid Abdujalilov\", \"username\": \"abduvohid_dev\", \"type\": \"private\"}, \"date\": 1747316535, \"text\": \"https://youtube.com/shorts/gokqotvspBM?si=3o4xfn89mykUpbW6\", \"entities\": [{\"offset\": 0, \"length\": 58, \"type\": \"url\"}], \"link_preview_options\": {\"url\": \"https://youtube.com/shorts/gokqotvspBM?si=3o4xfn89mykUpbW6\"}}}"}
{"timestamp": "2025-05-15T13:43:11.363559Z", "level": "ERROR", "instance": "@EDU_ArabicBot", "action": "YOUTUBE_VIDEO_FAILED", "chat_id": 5700964012, "user_id": 5700964012, "id": "gokqotvspBM", "stack_trace": "Traceback (most recent call last):\n  File \"/home/mediabot/features/youtube/model.py\", line 32, in download_telegram\n    return (json_response[\"file_id\"], json_response[\"recognize_result\"],)\n            ~~~~~~~~~~~~~^^^^^^^^^^^\nKeyError: 'file_id'\n\nDuring handling of the above exception, another exception occurred:\n\nTraceback (most recent call last):\n  File \"/home/mediabot/features/youtube/model.py\", line 32, in download_telegram\n    return (json_response[\"file_id\"], json_response[\"recognize_result\"],)\n            ~~~~~~~~~~~~~^^^^^^^^^^^\nKeyError: 'file_id'\n\nDuring handling of the above exception, another exception occurred:\n\nTraceback (most recent call last):\n  File \"/home/mediabot/features/youtube/model.py\", line 32, in download_telegram\n    return (json_response[\"file_id\"], json_response[\"recognize_result\"],)\n            ~~~~~~~~~~~~~^^^^^^^^^^^\nKeyError: 'file_id'\n\nDuring handling of the above exception, another exception occurred:\n\nTraceback (most recent call last):\n  File \"/home/mediabot/features/youtube/model.py\", line 32, in download_telegram\n    return (json_response[\"file_id\"], json_response[\"recognize_result\"],)\n            ~~~~~~~~~~~~~^^^^^^^^^^^\nKeyError: 'file_id'\n\nDuring handling of the above exception, another exception occurred:\n\nTraceback (most recent call last):\n  File \"/home/mediabot/features/youtube/handlers.py\", line 116, in _youtube_video_download\n    (file_id, recognize_result,) = await YouTube.download_telegram(id, context.instance.token, recognize=recognize)\n                                   ^^^^^^^^^^^^^^^^^^^^^^^^^^^^^^^^^^^^^^^^^^^^^^^^^^^^^^^^^^^^^^^^^^^^^^^^^^^^^^^^\n  File \"/home/mediabot/features/youtube/model.py\", line 35, in download_telegram\n    return await YouTube.download_telegram(id, telegram_bot_token, recognize, attempt + 1)\n           ^^^^^^^^^^^^^^^^^^^^^^^^^^^^^^^^^^^^^^^^^^^^^^^^^^^^^^^^^^^^^^^^^^^^^^^^^^^^^^^\n  File \"/home/mediabot/features/youtube/model.py\", line 35, in download_telegram\n    return await YouTube.download_telegram(id, telegram_bot_token, recognize, attempt + 1)\n           ^^^^^^^^^^^^^^^^^^^^^^^^^^^^^^^^^^^^^^^^^^^^^^^^^^^^^^^^^^^^^^^^^^^^^^^^^^^^^^^\n  File \"/home/mediabot/features/youtube/model.py\", line 35, in download_telegram\n    return await YouTube.download_telegram(id, telegram_bot_token, recognize, attempt + 1)\n           ^^^^^^^^^^^^^^^^^^^^^^^^^^^^^^^^^^^^^^^^^^^^^^^^^^^^^^^^^^^^^^^^^^^^^^^^^^^^^^^\n  File \"/home/mediabot/features/youtube/model.py\", line 36, in download_telegram\n    raise Exception(\"Max attempts reached\")\nException: Max attempts reached\n"}
{"timestamp": "2025-05-15T13:43:11.515793Z", "level": "INFO", "instance": "@EDU_ArabicBot", "action": "YOUTUBE_LINK", "chat_id": 5700964012, "user_id": 5700964012, "link": "https://youtube.com/shorts/gokqotvspBM?si=3o4xfn89mykUpbW6"}
{"timestamp": "2025-05-15T13:46:17.856862Z", "level": "DEBUG", "instance": "@EDU_ArabicBot", "action": "UPDATE", "update": "{\"update_id\": 431473787, \"message\": {\"message_id\": 1022, \"from\": {\"id\": 5700964012, \"is_bot\": false, \"first_name\": \"Abduvohid Abdujalilov\", \"username\": \"abduvohid_dev\", \"language_code\": \"en\"}, \"chat\": {\"id\": 5700964012, \"first_name\": \"Abduvohid Abdujalilov\", \"username\": \"abduvohid_dev\", \"type\": \"private\"}, \"date\": 1747316778, \"text\": \"https://youtu.be/ykKL5c3Orqg?si=jbiEhGi5GxZ8thXb\", \"entities\": [{\"offset\": 0, \"length\": 48, \"type\": \"url\"}], \"link_preview_options\": {\"url\": \"https://youtu.be/ykKL5c3Orqg?si=jbiEhGi5GxZ8thXb\"}}}"}
{"timestamp": "2025-05-15T13:46:18.072123Z", "level": "INFO", "instance": "@EDU_ArabicBot", "action": "YOUTUBE_LINK", "chat_id": 5700964012, "user_id": 5700964012, "link": "https://youtu.be/ykKL5c3Orqg?si=jbiEhGi5GxZ8thXb"}
{"timestamp": "2025-05-15T13:46:20.741427Z", "level": "DEBUG", "instance": "@EDU_ArabicBot", "action": "UPDATE", "update": "{\"update_id\": 431473788, \"callback_query\": {\"id\": \"6038709914608906467\", \"from\": {\"id\": 5700964012, \"is_bot\": false, \"first_name\": \"Abduvohid Abdujalilov\", \"username\": \"abduvohid_dev\", \"language_code\": \"en\"}, \"message\": {\"message_id\": 1023, \"from\": {\"id\": 8098660158, \"is_bot\": true, \"first_name\": \"EduArabic\", \"username\": \"EDU_ArabicBot\"}, \"chat\": {\"id\": 5700964012, \"first_name\": \"Abduvohid Abdujalilov\", \"username\": \"abduvohid_dev\", \"type\": \"private\"}, \"date\": 1747316778, \"photo\": [{\"file_id\": \"AgACAgQAAxkDAAID_2gl8CphZvsHTtlQnWzBRtKl74AjAAL1tzEbzvg0UU-nRhlPbLT8AQADAgADcwADNgQ\", \"file_unique_id\": \"AQAD9bcxG874NFF4\", \"file_size\": 1438, \"width\": 90, \"height\": 67}, {\"file_id\": \"AgACAgQAAxkDAAID_2gl8CphZvsHTtlQnWzBRtKl74AjAAL1tzEbzvg0UU-nRhlPbLT8AQADAgADbQADNgQ\", \"file_unique_id\": \"AQAD9bcxG874NFFy\", \"file_size\": 18030, \"width\": 320, \"height\": 240}, {\"file_id\": \"AgACAgQAAxkDAAID_2gl8CphZvsHTtlQnWzBRtKl74AjAAL1tzEbzvg0UU-nRhlPbLT8AQADAgADeAADNgQ\", \"file_unique_id\": \"AQAD9bcxG874NFF9\", \"file_size\": 45137, \"width\": 640, \"height\": 480}], \"reply_markup\": {\"inline_keyboard\": [[{\"text\": \"\\ud83c\\udf9e Video\", \"callback_data\": \"youtube_video_download_ykKL5c3Orqg\"}, {\"text\": \"\\ud83c\\udfa7 Audio\", \"callback_data\": \"track_download_ykKL5c3Orqg\"}]]}}, \"chat_instance\": \"1528666451426664229\", \"data\": \"youtube_video_download_ykKL5c3Orqg\"}}"}
{"timestamp": "2025-05-15T13:46:41.497306Z", "level": "DEBUG", "instance": "@EDU_ArabicBot", "action": "UPDATE", "update": "{\"update_id\": 431473789, \"message\": {\"message_id\": 1024, \"from\": {\"id\": 5700964012, \"is_bot\": false, \"first_name\": \"Abduvohid Abdujalilov\", \"username\": \"abduvohid_dev\", \"language_code\": \"en\"}, \"chat\": {\"id\": 5700964012, \"first_name\": \"Abduvohid Abdujalilov\", \"username\": \"abduvohid_dev\", \"type\": \"private\"}, \"date\": 1747316801, \"text\": \"https://youtu.be/ykKL5c3Orqg?si=jbiEhGi5GxZ8thXb\", \"entities\": [{\"offset\": 0, \"length\": 48, \"type\": \"url\"}], \"link_preview_options\": {\"url\": \"https://youtu.be/ykKL5c3Orqg?si=jbiEhGi5GxZ8thXb\"}}}"}
{"timestamp": "2025-05-15T13:46:41.653955Z", "level": "INFO", "instance": "@EDU_ArabicBot", "action": "YOUTUBE_LINK", "chat_id": 5700964012, "user_id": 5700964012, "link": "https://youtu.be/ykKL5c3Orqg?si=jbiEhGi5GxZ8thXb"}
{"timestamp": "2025-05-15T13:57:04.127516Z", "level": "DEBUG", "instance": "@EDU_ArabicBot", "action": "UPDATE", "update": "{\"update_id\": 431473790, \"message\": {\"message_id\": 1026, \"from\": {\"id\": 5700964012, \"is_bot\": false, \"first_name\": \"Abduvohid Abdujalilov\", \"username\": \"abduvohid_dev\", \"language_code\": \"en\"}, \"chat\": {\"id\": 5700964012, \"first_name\": \"Abduvohid Abdujalilov\", \"username\": \"abduvohid_dev\", \"type\": \"private\"}, \"date\": 1747317424, \"text\": \"https://youtu.be/ykKL5c3Orqg?si=jbiEhGi5GxZ8thXb\", \"entities\": [{\"offset\": 0, \"length\": 48, \"type\": \"url\"}], \"link_preview_options\": {\"url\": \"https://youtu.be/ykKL5c3Orqg?si=jbiEhGi5GxZ8thXb\"}}}"}
{"timestamp": "2025-05-15T13:57:04.297311Z", "level": "INFO", "instance": "@EDU_ArabicBot", "action": "YOUTUBE_LINK", "chat_id": 5700964012, "user_id": 5700964012, "link": "https://youtu.be/ykKL5c3Orqg?si=jbiEhGi5GxZ8thXb"}
{"timestamp": "2025-05-15T13:57:09.130736Z", "level": "DEBUG", "instance": "@EDU_ArabicBot", "action": "UPDATE", "update": "{\"update_id\": 431473791, \"callback_query\": {\"id\": \"6038709913892765978\", \"from\": {\"id\": 5700964012, \"is_bot\": false, \"first_name\": \"Abduvohid Abdujalilov\", \"username\": \"abduvohid_dev\", \"language_code\": \"en\"}, \"message\": {\"message_id\": 1027, \"from\": {\"id\": 8098660158, \"is_bot\": true, \"first_name\": \"EduArabic\", \"username\": \"EDU_ArabicBot\"}, \"chat\": {\"id\": 5700964012, \"first_name\": \"Abduvohid Abdujalilov\", \"username\": \"abduvohid_dev\", \"type\": \"private\"}, \"date\": 1747317424, \"photo\": [{\"file_id\": \"AgACAgQAAxkDAAID_2gl8CphZvsHTtlQnWzBRtKl74AjAAL1tzEbzvg0UU-nRhlPbLT8AQADAgADcwADNgQ\", \"file_unique_id\": \"AQAD9bcxG874NFF4\", \"file_size\": 1438, \"width\": 90, \"height\": 67}, {\"file_id\": \"AgACAgQAAxkDAAID_2gl8CphZvsHTtlQnWzBRtKl74AjAAL1tzEbzvg0UU-nRhlPbLT8AQADAgADbQADNgQ\", \"file_unique_id\": \"AQAD9bcxG874NFFy\", \"file_size\": 18030, \"width\": 320, \"height\": 240}, {\"file_id\": \"AgACAgQAAxkDAAID_2gl8CphZvsHTtlQnWzBRtKl74AjAAL1tzEbzvg0UU-nRhlPbLT8AQADAgADeAADNgQ\", \"file_unique_id\": \"AQAD9bcxG874NFF9\", \"file_size\": 45137, \"width\": 640, \"height\": 480}], \"reply_markup\": {\"inline_keyboard\": [[{\"text\": \"\\ud83c\\udf9e Video\", \"callback_data\": \"youtube_video_download_ykKL5c3Orqg\"}, {\"text\": \"\\ud83c\\udfa7 Audio\", \"callback_data\": \"track_download_ykKL5c3Orqg\"}]]}}, \"chat_instance\": \"1528666451426664229\", \"data\": \"youtube_video_download_ykKL5c3Orqg\"}}"}
{"timestamp": "2025-05-15T13:59:23.533307Z", "level": "DEBUG", "instance": "@EDU_ArabicBot", "action": "UPDATE", "update": "{\"update_id\": 431473792, \"message\": {\"message_id\": 1028, \"from\": {\"id\": 5700964012, \"is_bot\": false, \"first_name\": \"Abduvohid Abdujalilov\", \"username\": \"abduvohid_dev\", \"language_code\": \"en\"}, \"chat\": {\"id\": 5700964012, \"first_name\": \"Abduvohid Abdujalilov\", \"username\": \"abduvohid_dev\", \"type\": \"private\"}, \"date\": 1747317563, \"text\": \"https://youtu.be/ykKL5c3Orqg?si=jbiEhGi5GxZ8thXb\", \"entities\": [{\"offset\": 0, \"length\": 48, \"type\": \"url\"}], \"link_preview_options\": {\"url\": \"https://youtu.be/ykKL5c3Orqg?si=jbiEhGi5GxZ8thXb\"}}}"}
{"timestamp": "2025-05-15T13:59:23.708454Z", "level": "INFO", "instance": "@EDU_ArabicBot", "action": "YOUTUBE_LINK", "chat_id": 5700964012, "user_id": 5700964012, "link": "https://youtu.be/ykKL5c3Orqg?si=jbiEhGi5GxZ8thXb"}
{"timestamp": "2025-05-15T13:59:26.385910Z", "level": "DEBUG", "instance": "@EDU_ArabicBot", "action": "UPDATE", "update": "{\"update_id\": 431473793, \"callback_query\": {\"id\": \"6038709914082025125\", \"from\": {\"id\": 5700964012, \"is_bot\": false, \"first_name\": \"Abduvohid Abdujalilov\", \"username\": \"abduvohid_dev\", \"language_code\": \"en\"}, \"message\": {\"message_id\": 1029, \"from\": {\"id\": 8098660158, \"is_bot\": true, \"first_name\": \"EduArabic\", \"username\": \"EDU_ArabicBot\"}, \"chat\": {\"id\": 5700964012, \"first_name\": \"Abduvohid Abdujalilov\", \"username\": \"abduvohid_dev\", \"type\": \"private\"}, \"date\": 1747317563, \"photo\": [{\"file_id\": \"AgACAgQAAxkDAAID_2gl8CphZvsHTtlQnWzBRtKl74AjAAL1tzEbzvg0UU-nRhlPbLT8AQADAgADcwADNgQ\", \"file_unique_id\": \"AQAD9bcxG874NFF4\", \"file_size\": 1438, \"width\": 90, \"height\": 67}, {\"file_id\": \"AgACAgQAAxkDAAID_2gl8CphZvsHTtlQnWzBRtKl74AjAAL1tzEbzvg0UU-nRhlPbLT8AQADAgADbQADNgQ\", \"file_unique_id\": \"AQAD9bcxG874NFFy\", \"file_size\": 18030, \"width\": 320, \"height\": 240}, {\"file_id\": \"AgACAgQAAxkDAAID_2gl8CphZvsHTtlQnWzBRtKl74AjAAL1tzEbzvg0UU-nRhlPbLT8AQADAgADeAADNgQ\", \"file_unique_id\": \"AQAD9bcxG874NFF9\", \"file_size\": 45137, \"width\": 640, \"height\": 480}], \"reply_markup\": {\"inline_keyboard\": [[{\"text\": \"\\ud83c\\udf9e Video\", \"callback_data\": \"youtube_video_download_ykKL5c3Orqg\"}, {\"text\": \"\\ud83c\\udfa7 Audio\", \"callback_data\": \"track_download_ykKL5c3Orqg\"}]]}}, \"chat_instance\": \"1528666451426664229\", \"data\": \"youtube_video_download_ykKL5c3Orqg\"}}"}
{"timestamp": "2025-05-15T14:00:37.056481Z", "level": "DEBUG", "instance": "@EDU_ArabicBot", "action": "UPDATE", "update": "{\"update_id\": 431473794, \"message\": {\"message_id\": 1030, \"from\": {\"id\": 5700964012, \"is_bot\": false, \"first_name\": \"Abduvohid Abdujalilov\", \"username\": \"abduvohid_dev\", \"language_code\": \"en\"}, \"chat\": {\"id\": 5700964012, \"first_name\": \"Abduvohid Abdujalilov\", \"username\": \"abduvohid_dev\", \"type\": \"private\"}, \"date\": 1747317637, \"text\": \"https://youtu.be/ykKL5c3Orqg?si=jbiEhGi5GxZ8thXb\", \"entities\": [{\"offset\": 0, \"length\": 48, \"type\": \"url\"}], \"link_preview_options\": {\"url\": \"https://youtu.be/ykKL5c3Orqg?si=jbiEhGi5GxZ8thXb\"}}}"}
{"timestamp": "2025-05-15T14:00:37.236504Z", "level": "INFO", "instance": "@EDU_ArabicBot", "action": "YOUTUBE_LINK", "chat_id": 5700964012, "user_id": 5700964012, "link": "https://youtu.be/ykKL5c3Orqg?si=jbiEhGi5GxZ8thXb"}
{"timestamp": "2025-05-15T14:00:39.150626Z", "level": "DEBUG", "instance": "@EDU_ArabicBot", "action": "UPDATE", "update": "{\"update_id\": 431473795, \"callback_query\": {\"id\": \"6038709914726971886\", \"from\": {\"id\": 5700964012, \"is_bot\": false, \"first_name\": \"Abduvohid Abdujalilov\", \"username\": \"abduvohid_dev\", \"language_code\": \"en\"}, \"message\": {\"message_id\": 1031, \"from\": {\"id\": 8098660158, \"is_bot\": true, \"first_name\": \"EduArabic\", \"username\": \"EDU_ArabicBot\"}, \"chat\": {\"id\": 5700964012, \"first_name\": \"Abduvohid Abdujalilov\", \"username\": \"abduvohid_dev\", \"type\": \"private\"}, \"date\": 1747317637, \"photo\": [{\"file_id\": \"AgACAgQAAxkDAAIEB2gl84VR_B8oPn6Z-Z_wE1Re6H8GAAL1tzEbzvg0UU-nRhlPbLT8AQADAgADcwADNgQ\", \"file_unique_id\": \"AQAD9bcxG874NFF4\", \"file_size\": 1438, \"width\": 90, \"height\": 67}, {\"file_id\": \"AgACAgQAAxkDAAIEB2gl84VR_B8oPn6Z-Z_wE1Re6H8GAAL1tzEbzvg0UU-nRhlPbLT8AQADAgADbQADNgQ\", \"file_unique_id\": \"AQAD9bcxG874NFFy\", \"file_size\": 18030, \"width\": 320, \"height\": 240}, {\"file_id\": \"AgACAgQAAxkDAAIEB2gl84VR_B8oPn6Z-Z_wE1Re6H8GAAL1tzEbzvg0UU-nRhlPbLT8AQADAgADeAADNgQ\", \"file_unique_id\": \"AQAD9bcxG874NFF9\", \"file_size\": 45137, \"width\": 640, \"height\": 480}], \"reply_markup\": {\"inline_keyboard\": [[{\"text\": \"\\ud83c\\udf9e Video\", \"callback_data\": \"youtube_video_download_ykKL5c3Orqg\"}, {\"text\": \"\\ud83c\\udfa7 Audio\", \"callback_data\": \"track_download_ykKL5c3Orqg\"}]]}}, \"chat_instance\": \"1528666451426664229\", \"data\": \"youtube_video_download_ykKL5c3Orqg\"}}"}
{"timestamp": "2025-05-15T14:01:01.658344Z", "level": "DEBUG", "instance": "@EDU_ArabicBot", "action": "UPDATE", "update": "{\"update_id\": 431473796, \"message\": {\"message_id\": 1032, \"from\": {\"id\": 5700964012, \"is_bot\": false, \"first_name\": \"Abduvohid Abdujalilov\", \"username\": \"abduvohid_dev\", \"language_code\": \"en\"}, \"chat\": {\"id\": 5700964012, \"first_name\": \"Abduvohid Abdujalilov\", \"username\": \"abduvohid_dev\", \"type\": \"private\"}, \"date\": 1747317661, \"text\": \"https://youtu.be/ykKL5c3Orqg?si=jbiEhGi5GxZ8thXb\", \"entities\": [{\"offset\": 0, \"length\": 48, \"type\": \"url\"}], \"link_preview_options\": {\"url\": \"https://youtu.be/ykKL5c3Orqg?si=jbiEhGi5GxZ8thXb\"}}}"}
{"timestamp": "2025-05-15T14:01:01.973191Z", "level": "INFO", "instance": "@EDU_ArabicBot", "action": "YOUTUBE_LINK", "chat_id": 5700964012, "user_id": 5700964012, "link": "https://youtu.be/ykKL5c3Orqg?si=jbiEhGi5GxZ8thXb"}
{"timestamp": "2025-05-15T14:01:04.490011Z", "level": "DEBUG", "instance": "@EDU_ArabicBot", "action": "UPDATE", "update": "{\"update_id\": 431473797, \"callback_query\": {\"id\": \"6038709914975594857\", \"from\": {\"id\": 5700964012, \"is_bot\": false, \"first_name\": \"Abduvohid Abdujalilov\", \"username\": \"abduvohid_dev\", \"language_code\": \"en\"}, \"message\": {\"message_id\": 1033, \"from\": {\"id\": 8098660158, \"is_bot\": true, \"first_name\": \"EduArabic\", \"username\": \"EDU_ArabicBot\"}, \"chat\": {\"id\": 5700964012, \"first_name\": \"Abduvohid Abdujalilov\", \"username\": \"abduvohid_dev\", \"type\": \"private\"}, \"date\": 1747317662, \"photo\": [{\"file_id\": \"AgACAgQAAxkDAAIEB2gl84VR_B8oPn6Z-Z_wE1Re6H8GAAL1tzEbzvg0UU-nRhlPbLT8AQADAgADcwADNgQ\", \"file_unique_id\": \"AQAD9bcxG874NFF4\", \"file_size\": 1438, \"width\": 90, \"height\": 67}, {\"file_id\": \"AgACAgQAAxkDAAIEB2gl84VR_B8oPn6Z-Z_wE1Re6H8GAAL1tzEbzvg0UU-nRhlPbLT8AQADAgADbQADNgQ\", \"file_unique_id\": \"AQAD9bcxG874NFFy\", \"file_size\": 18030, \"width\": 320, \"height\": 240}, {\"file_id\": \"AgACAgQAAxkDAAIEB2gl84VR_B8oPn6Z-Z_wE1Re6H8GAAL1tzEbzvg0UU-nRhlPbLT8AQADAgADeAADNgQ\", \"file_unique_id\": \"AQAD9bcxG874NFF9\", \"file_size\": 45137, \"width\": 640, \"height\": 480}], \"reply_markup\": {\"inline_keyboard\": [[{\"text\": \"\\ud83c\\udf9e Video\", \"callback_data\": \"youtube_video_download_ykKL5c3Orqg\"}, {\"text\": \"\\ud83c\\udfa7 Audio\", \"callback_data\": \"track_download_ykKL5c3Orqg\"}]]}}, \"chat_instance\": \"1528666451426664229\", \"data\": \"youtube_video_download_ykKL5c3Orqg\"}}"}
{"timestamp": "2025-05-15T14:01:13.492685Z", "level": "DEBUG", "instance": "@EDU_ArabicBot", "action": "UPDATE", "update": "{\"update_id\": 431473798, \"callback_query\": {\"id\": \"6038709915921749579\", \"from\": {\"id\": 5700964012, \"is_bot\": false, \"first_name\": \"Abduvohid Abdujalilov\", \"username\": \"abduvohid_dev\", \"language_code\": \"en\"}, \"message\": {\"message_id\": 1033, \"from\": {\"id\": 8098660158, \"is_bot\": true, \"first_name\": \"EduArabic\", \"username\": \"EDU_ArabicBot\"}, \"chat\": {\"id\": 5700964012, \"first_name\": \"Abduvohid Abdujalilov\", \"username\": \"abduvohid_dev\", \"type\": \"private\"}, \"date\": 1747317662, \"photo\": [{\"file_id\": \"AgACAgQAAxkDAAIEB2gl84VR_B8oPn6Z-Z_wE1Re6H8GAAL1tzEbzvg0UU-nRhlPbLT8AQADAgADcwADNgQ\", \"file_unique_id\": \"AQAD9bcxG874NFF4\", \"file_size\": 1438, \"width\": 90, \"height\": 67}, {\"file_id\": \"AgACAgQAAxkDAAIEB2gl84VR_B8oPn6Z-Z_wE1Re6H8GAAL1tzEbzvg0UU-nRhlPbLT8AQADAgADbQADNgQ\", \"file_unique_id\": \"AQAD9bcxG874NFFy\", \"file_size\": 18030, \"width\": 320, \"height\": 240}, {\"file_id\": \"AgACAgQAAxkDAAIEB2gl84VR_B8oPn6Z-Z_wE1Re6H8GAAL1tzEbzvg0UU-nRhlPbLT8AQADAgADeAADNgQ\", \"file_unique_id\": \"AQAD9bcxG874NFF9\", \"file_size\": 45137, \"width\": 640, \"height\": 480}], \"reply_markup\": {\"inline_keyboard\": [[{\"text\": \"\\ud83c\\udf9e Video\", \"callback_data\": \"youtube_video_download_ykKL5c3Orqg\"}, {\"text\": \"\\ud83c\\udfa7 Audio\", \"callback_data\": \"track_download_ykKL5c3Orqg\"}]]}}, \"chat_instance\": \"1528666451426664229\", \"data\": \"track_download_ykKL5c3Orqg\"}}"}
{"timestamp": "2025-05-15T14:09:40.664317Z", "level": "DEBUG", "instance": "@EDU_ArabicBot", "action": "UPDATE", "update": "{\"update_id\": 431473799, \"message\": {\"message_id\": 1034, \"from\": {\"id\": 5700964012, \"is_bot\": false, \"first_name\": \"Abduvohid Abdujalilov\", \"username\": \"abduvohid_dev\", \"language_code\": \"en\"}, \"chat\": {\"id\": 5700964012, \"first_name\": \"Abduvohid Abdujalilov\", \"username\": \"abduvohid_dev\", \"type\": \"private\"}, \"date\": 1747318180, \"text\": \"https://youtu.be/ykKL5c3Orqg?si=jbiEhGi5GxZ8thXb\", \"entities\": [{\"offset\": 0, \"length\": 48, \"type\": \"url\"}], \"link_preview_options\": {\"url\": \"https://youtu.be/ykKL5c3Orqg?si=jbiEhGi5GxZ8thXb\"}}}"}
{"timestamp": "2025-05-15T14:09:40.845333Z", "level": "INFO", "instance": "@EDU_ArabicBot", "action": "YOUTUBE_LINK", "chat_id": 5700964012, "user_id": 5700964012, "link": "https://youtu.be/ykKL5c3Orqg?si=jbiEhGi5GxZ8thXb"}
{"timestamp": "2025-05-15T14:09:43.684134Z", "level": "DEBUG", "instance": "@EDU_ArabicBot", "action": "UPDATE", "update": "{\"update_id\": 431473800, \"callback_query\": {\"id\": \"6038709915865599979\", \"from\": {\"id\": 5700964012, \"is_bot\": false, \"first_name\": \"Abduvohid Abdujalilov\", \"username\": \"abduvohid_dev\", \"language_code\": \"en\"}, \"message\": {\"message_id\": 1035, \"from\": {\"id\": 8098660158, \"is_bot\": true, \"first_name\": \"EduArabic\", \"username\": \"EDU_ArabicBot\"}, \"chat\": {\"id\": 5700964012, \"first_name\": \"Abduvohid Abdujalilov\", \"username\": \"abduvohid_dev\", \"type\": \"private\"}, \"date\": 1747318180, \"photo\": [{\"file_id\": \"AgACAgQAAxkDAAIEC2gl9aSKF56krxZOZXF-vh5F4VB1AAL1tzEbzvg0UU-nRhlPbLT8AQADAgADcwADNgQ\", \"file_unique_id\": \"AQAD9bcxG874NFF4\", \"file_size\": 1438, \"width\": 90, \"height\": 67}, {\"file_id\": \"AgACAgQAAxkDAAIEC2gl9aSKF56krxZOZXF-vh5F4VB1AAL1tzEbzvg0UU-nRhlPbLT8AQADAgADbQADNgQ\", \"file_unique_id\": \"AQAD9bcxG874NFFy\", \"file_size\": 18030, \"width\": 320, \"height\": 240}, {\"file_id\": \"AgACAgQAAxkDAAIEC2gl9aSKF56krxZOZXF-vh5F4VB1AAL1tzEbzvg0UU-nRhlPbLT8AQADAgADeAADNgQ\", \"file_unique_id\": \"AQAD9bcxG874NFF9\", \"file_size\": 45137, \"width\": 640, \"height\": 480}], \"reply_markup\": {\"inline_keyboard\": [[{\"text\": \"\\ud83c\\udf9e Video\", \"callback_data\": \"youtube_video_download_ykKL5c3Orqg\"}, {\"text\": \"\\ud83c\\udfa7 Audio\", \"callback_data\": \"track_download_ykKL5c3Orqg\"}]]}}, \"chat_instance\": \"1528666451426664229\", \"data\": \"youtube_video_download_ykKL5c3Orqg\"}}"}
{"timestamp": "2025-05-15T14:09:44.843219Z", "level": "DEBUG", "instance": "@EDU_ArabicBot", "action": "UPDATE", "update": "{\"update_id\": 431473801, \"callback_query\": {\"id\": \"6038709914648266390\", \"from\": {\"id\": 5700964012, \"is_bot\": false, \"first_name\": \"Abduvohid Abdujalilov\", \"username\": \"abduvohid_dev\", \"language_code\": \"en\"}, \"message\": {\"message_id\": 1035, \"from\": {\"id\": 8098660158, \"is_bot\": true, \"first_name\": \"EduArabic\", \"username\": \"EDU_ArabicBot\"}, \"chat\": {\"id\": 5700964012, \"first_name\": \"Abduvohid Abdujalilov\", \"username\": \"abduvohid_dev\", \"type\": \"private\"}, \"date\": 1747318180, \"photo\": [{\"file_id\": \"AgACAgQAAxkDAAIEC2gl9aSKF56krxZOZXF-vh5F4VB1AAL1tzEbzvg0UU-nRhlPbLT8AQADAgADcwADNgQ\", \"file_unique_id\": \"AQAD9bcxG874NFF4\", \"file_size\": 1438, \"width\": 90, \"height\": 67}, {\"file_id\": \"AgACAgQAAxkDAAIEC2gl9aSKF56krxZOZXF-vh5F4VB1AAL1tzEbzvg0UU-nRhlPbLT8AQADAgADbQADNgQ\", \"file_unique_id\": \"AQAD9bcxG874NFFy\", \"file_size\": 18030, \"width\": 320, \"height\": 240}, {\"file_id\": \"AgACAgQAAxkDAAIEC2gl9aSKF56krxZOZXF-vh5F4VB1AAL1tzEbzvg0UU-nRhlPbLT8AQADAgADeAADNgQ\", \"file_unique_id\": \"AQAD9bcxG874NFF9\", \"file_size\": 45137, \"width\": 640, \"height\": 480}], \"reply_markup\": {\"inline_keyboard\": [[{\"text\": \"\\ud83c\\udf9e Video\", \"callback_data\": \"youtube_video_download_ykKL5c3Orqg\"}, {\"text\": \"\\ud83c\\udfa7 Audio\", \"callback_data\": \"track_download_ykKL5c3Orqg\"}]]}}, \"chat_instance\": \"1528666451426664229\", \"data\": \"track_download_ykKL5c3Orqg\"}}"}
{"timestamp": "2025-05-15T14:13:22.504122Z", "level": "DEBUG", "instance": "@EDU_ArabicBot", "action": "UPDATE", "update": "{\"update_id\": 431473811, \"message\": {\"message_id\": 1045, \"from\": {\"id\": 5700964012, \"is_bot\": false, \"first_name\": \"Abduvohid Abdujalilov\", \"username\": \"abduvohid_dev\", \"language_code\": \"en\"}, \"chat\": {\"id\": 5700964012, \"first_name\": \"Abduvohid Abdujalilov\", \"username\": \"abduvohid_dev\", \"type\": \"private\"}, \"date\": 1747318401, \"text\": \"https://youtu.be/ykKL5c3Orqg?si=jbiEhGi5GxZ8thXb\", \"entities\": [{\"offset\": 0, \"length\": 48, \"type\": \"url\"}], \"link_preview_options\": {\"url\": \"https://youtu.be/ykKL5c3Orqg?si=jbiEhGi5GxZ8thXb\"}}}"}
{"timestamp": "2025-05-15T14:13:22.710436Z", "level": "INFO", "instance": "@EDU_ArabicBot", "action": "YOUTUBE_LINK", "chat_id": 5700964012, "user_id": 5700964012, "link": "https://youtu.be/ykKL5c3Orqg?si=jbiEhGi5GxZ8thXb"}
{"timestamp": "2025-05-15T14:13:23.820978Z", "level": "DEBUG", "instance": "@EDU_ArabicBot", "action": "UPDATE", "update": "{\"update_id\": 431473812, \"message\": {\"message_id\": 1047, \"from\": {\"id\": 5700964012, \"is_bot\": false, \"first_name\": \"Abduvohid Abdujalilov\", \"username\": \"abduvohid_dev\", \"language_code\": \"en\"}, \"chat\": {\"id\": 5700964012, \"first_name\": \"Abduvohid Abdujalilov\", \"username\": \"abduvohid_dev\", \"type\": \"private\"}, \"date\": 1747318403, \"text\": \"https://youtu.be/ykKL5c3Orqg?si=jbiEhGi5GxZ8thXb\", \"entities\": [{\"offset\": 0, \"length\": 48, \"type\": \"url\"}], \"link_preview_options\": {\"url\": \"https://youtu.be/ykKL5c3Orqg?si=jbiEhGi5GxZ8thXb\"}}}"}
{"timestamp": "2025-05-15T14:13:24.082587Z", "level": "INFO", "instance": "@EDU_ArabicBot", "action": "YOUTUBE_LINK", "chat_id": 5700964012, "user_id": 5700964012, "link": "https://youtu.be/ykKL5c3Orqg?si=jbiEhGi5GxZ8thXb"}
{"timestamp": "2025-05-15T14:13:25.053026Z", "level": "DEBUG", "instance": "@EDU_ArabicBot", "action": "UPDATE", "update": "{\"update_id\": 431473813, \"message\": {\"message_id\": 1049, \"from\": {\"id\": 5700964012, \"is_bot\": false, \"first_name\": \"Abduvohid Abdujalilov\", \"username\": \"abduvohid_dev\", \"language_code\": \"en\"}, \"chat\": {\"id\": 5700964012, \"first_name\": \"Abduvohid Abdujalilov\", \"username\": \"abduvohid_dev\", \"type\": \"private\"}, \"date\": 1747318404, \"text\": \"https://youtu.be/ykKL5c3Orqg?si=jbiEhGi5GxZ8thXb\", \"entities\": [{\"offset\": 0, \"length\": 48, \"type\": \"url\"}], \"link_preview_options\": {\"url\": \"https://youtu.be/ykKL5c3Orqg?si=jbiEhGi5GxZ8thXb\"}}}"}
{"timestamp": "2025-05-15T14:13:25.377121Z", "level": "INFO", "instance": "@EDU_ArabicBot", "action": "YOUTUBE_LINK", "chat_id": 5700964012, "user_id": 5700964012, "link": "https://youtu.be/ykKL5c3Orqg?si=jbiEhGi5GxZ8thXb"}
{"timestamp": "2025-05-15T14:13:26.652080Z", "level": "DEBUG", "instance": "@EDU_ArabicBot", "action": "UPDATE", "update": "{\"update_id\": 431473814, \"callback_query\": {\"id\": \"6038709917566528721\", \"from\": {\"id\": 5700964012, \"is_bot\": false, \"first_name\": \"Abduvohid Abdujalilov\", \"username\": \"abduvohid_dev\", \"language_code\": \"en\"}, \"message\": {\"message_id\": 1050, \"from\": {\"id\": 8098660158, \"is_bot\": true, \"first_name\": \"EduArabic\", \"username\": \"EDU_ArabicBot\"}, \"chat\": {\"id\": 5700964012, \"first_name\": \"Abduvohid Abdujalilov\", \"username\": \"abduvohid_dev\", \"type\": \"private\"}, \"date\": 1747318405, \"photo\": [{\"file_id\": \"AgACAgQAAxkDAAIEFmgl9oLTTkrcR3JgZcVkWlnQwCLPAAL1tzEbzvg0UU-nRhlPbLT8AQADAgADcwADNgQ\", \"file_unique_id\": \"AQAD9bcxG874NFF4\", \"file_size\": 1438, \"width\": 90, \"height\": 67}, {\"file_id\": \"AgACAgQAAxkDAAIEFmgl9oLTTkrcR3JgZcVkWlnQwCLPAAL1tzEbzvg0UU-nRhlPbLT8AQADAgADbQADNgQ\", \"file_unique_id\": \"AQAD9bcxG874NFFy\", \"file_size\": 18030, \"width\": 320, \"height\": 240}, {\"file_id\": \"AgACAgQAAxkDAAIEFmgl9oLTTkrcR3JgZcVkWlnQwCLPAAL1tzEbzvg0UU-nRhlPbLT8AQADAgADeAADNgQ\", \"file_unique_id\": \"AQAD9bcxG874NFF9\", \"file_size\": 45137, \"width\": 640, \"height\": 480}], \"reply_markup\": {\"inline_keyboard\": [[{\"text\": \"\\ud83c\\udf9e Video\", \"callback_data\": \"youtube_video_download_ykKL5c3Orqg\"}, {\"text\": \"\\ud83c\\udfa7 Audio\", \"callback_data\": \"track_download_ykKL5c3Orqg\"}]]}}, \"chat_instance\": \"1528666451426664229\", \"data\": \"youtube_video_download_ykKL5c3Orqg\"}}"}
{"timestamp": "2025-05-15T14:13:28.071198Z", "level": "DEBUG", "instance": "@EDU_ArabicBot", "action": "UPDATE", "update": "{\"update_id\": 431473815, \"callback_query\": {\"id\": \"6038709915146838909\", \"from\": {\"id\": 5700964012, \"is_bot\": false, \"first_name\": \"Abduvohid Abdujalilov\", \"username\": \"abduvohid_dev\", \"language_code\": \"en\"}, \"message\": {\"message_id\": 1050, \"from\": {\"id\": 8098660158, \"is_bot\": true, \"first_name\": \"EduArabic\", \"username\": \"EDU_ArabicBot\"}, \"chat\": {\"id\": 5700964012, \"first_name\": \"Abduvohid Abdujalilov\", \"username\": \"abduvohid_dev\", \"type\": \"private\"}, \"date\": 1747318405, \"photo\": [{\"file_id\": \"AgACAgQAAxkDAAIEFmgl9oLTTkrcR3JgZcVkWlnQwCLPAAL1tzEbzvg0UU-nRhlPbLT8AQADAgADcwADNgQ\", \"file_unique_id\": \"AQAD9bcxG874NFF4\", \"file_size\": 1438, \"width\": 90, \"height\": 67}, {\"file_id\": \"AgACAgQAAxkDAAIEFmgl9oLTTkrcR3JgZcVkWlnQwCLPAAL1tzEbzvg0UU-nRhlPbLT8AQADAgADbQADNgQ\", \"file_unique_id\": \"AQAD9bcxG874NFFy\", \"file_size\": 18030, \"width\": 320, \"height\": 240}, {\"file_id\": \"AgACAgQAAxkDAAIEFmgl9oLTTkrcR3JgZcVkWlnQwCLPAAL1tzEbzvg0UU-nRhlPbLT8AQADAgADeAADNgQ\", \"file_unique_id\": \"AQAD9bcxG874NFF9\", \"file_size\": 45137, \"width\": 640, \"height\": 480}], \"reply_markup\": {\"inline_keyboard\": [[{\"text\": \"\\ud83c\\udf9e Video\", \"callback_data\": \"youtube_video_download_ykKL5c3Orqg\"}, {\"text\": \"\\ud83c\\udfa7 Audio\", \"callback_data\": \"track_download_ykKL5c3Orqg\"}]]}}, \"chat_instance\": \"1528666451426664229\", \"data\": \"track_download_ykKL5c3Orqg\"}}"}
{"timestamp": "2025-05-15T14:15:17.099225Z", "level": "DEBUG", "instance": "@EDU_ArabicBot", "action": "UPDATE", "update": "{\"update_id\": 431473816, \"message\": {\"message_id\": 1051, \"from\": {\"id\": 5700964012, \"is_bot\": false, \"first_name\": \"Abduvohid Abdujalilov\", \"username\": \"abduvohid_dev\", \"language_code\": \"en\"}, \"chat\": {\"id\": 5700964012, \"first_name\": \"Abduvohid Abdujalilov\", \"username\": \"abduvohid_dev\", \"type\": \"private\"}, \"date\": 1747318516, \"text\": \"https://youtu.be/ykKL5c3Orqg?si=jbiEhGi5GxZ8thXb\", \"entities\": [{\"offset\": 0, \"length\": 48, \"type\": \"url\"}], \"link_preview_options\": {\"url\": \"https://youtu.be/ykKL5c3Orqg?si=jbiEhGi5GxZ8thXb\"}}}"}
{"timestamp": "2025-05-15T14:15:17.315711Z", "level": "INFO", "instance": "@EDU_ArabicBot", "action": "YOUTUBE_LINK", "chat_id": 5700964012, "user_id": 5700964012, "link": "https://youtu.be/ykKL5c3Orqg?si=jbiEhGi5GxZ8thXb"}
{"timestamp": "2025-05-15T14:15:18.732814Z", "level": "DEBUG", "instance": "@EDU_ArabicBot", "action": "UPDATE", "update": "{\"update_id\": 431473817, \"callback_query\": {\"id\": \"6038709915390956172\", \"from\": {\"id\": 5700964012, \"is_bot\": false, \"first_name\": \"Abduvohid Abdujalilov\", \"username\": \"abduvohid_dev\", \"language_code\": \"en\"}, \"message\": {\"message_id\": 1052, \"from\": {\"id\": 8098660158, \"is_bot\": true, \"first_name\": \"EduArabic\", \"username\": \"EDU_ArabicBot\"}, \"chat\": {\"id\": 5700964012, \"first_name\": \"Abduvohid Abdujalilov\", \"username\": \"abduvohid_dev\", \"type\": \"private\"}, \"date\": 1747318517, \"photo\": [{\"file_id\": \"AgACAgQAAxkDAAIEHGgl9vUjiy2IBcpKPJCncxGkjUqxAAL1tzEbzvg0UU-nRhlPbLT8AQADAgADcwADNgQ\", \"file_unique_id\": \"AQAD9bcxG874NFF4\", \"file_size\": 1438, \"width\": 90, \"height\": 67}, {\"file_id\": \"AgACAgQAAxkDAAIEHGgl9vUjiy2IBcpKPJCncxGkjUqxAAL1tzEbzvg0UU-nRhlPbLT8AQADAgADbQADNgQ\", \"file_unique_id\": \"AQAD9bcxG874NFFy\", \"file_size\": 18030, \"width\": 320, \"height\": 240}, {\"file_id\": \"AgACAgQAAxkDAAIEHGgl9vUjiy2IBcpKPJCncxGkjUqxAAL1tzEbzvg0UU-nRhlPbLT8AQADAgADeAADNgQ\", \"file_unique_id\": \"AQAD9bcxG874NFF9\", \"file_size\": 45137, \"width\": 640, \"height\": 480}], \"reply_markup\": {\"inline_keyboard\": [[{\"text\": \"\\ud83c\\udf9e Video\", \"callback_data\": \"youtube_video_download_ykKL5c3Orqg\"}, {\"text\": \"\\ud83c\\udfa7 Audio\", \"callback_data\": \"track_download_ykKL5c3Orqg\"}]]}}, \"chat_instance\": \"1528666451426664229\", \"data\": \"youtube_video_download_ykKL5c3Orqg\"}}"}
{"timestamp": "2025-05-15T14:15:30.227021Z", "level": "DEBUG", "instance": "@EDU_ArabicBot", "action": "UPDATE", "update": "{\"update_id\": 431473818, \"message\": {\"message_id\": 1053, \"from\": {\"id\": 5700964012, \"is_bot\": false, \"first_name\": \"Abduvohid Abdujalilov\", \"username\": \"abduvohid_dev\", \"language_code\": \"en\"}, \"chat\": {\"id\": 5700964012, \"first_name\": \"Abduvohid Abdujalilov\", \"username\": \"abduvohid_dev\", \"type\": \"private\"}, \"date\": 1747318530, \"text\": \"https://youtu.be/ykKL5c3Orqg?si=jbiEhGi5GxZ8thXb\", \"entities\": [{\"offset\": 0, \"length\": 48, \"type\": \"url\"}], \"link_preview_options\": {\"url\": \"https://youtu.be/ykKL5c3Orqg?si=jbiEhGi5GxZ8thXb\"}}}"}
{"timestamp": "2025-05-15T14:15:30.484569Z", "level": "INFO", "instance": "@EDU_ArabicBot", "action": "YOUTUBE_LINK", "chat_id": 5700964012, "user_id": 5700964012, "link": "https://youtu.be/ykKL5c3Orqg?si=jbiEhGi5GxZ8thXb"}
{"timestamp": "2025-05-15T14:15:34.369746Z", "level": "DEBUG", "instance": "@EDU_ArabicBot", "action": "UPDATE", "update": "{\"update_id\": 431473819, \"callback_query\": {\"id\": \"6038709913766776994\", \"from\": {\"id\": 5700964012, \"is_bot\": false, \"first_name\": \"Abduvohid Abdujalilov\", \"username\": \"abduvohid_dev\", \"language_code\": \"en\"}, \"message\": {\"message_id\": 1054, \"from\": {\"id\": 8098660158, \"is_bot\": true, \"first_name\": \"EduArabic\", \"username\": \"EDU_ArabicBot\"}, \"chat\": {\"id\": 5700964012, \"first_name\": \"Abduvohid Abdujalilov\", \"username\": \"abduvohid_dev\", \"type\": \"private\"}, \"date\": 1747318530, \"photo\": [{\"file_id\": \"AgACAgQAAxkDAAIEHGgl9vUjiy2IBcpKPJCncxGkjUqxAAL1tzEbzvg0UU-nRhlPbLT8AQADAgADcwADNgQ\", \"file_unique_id\": \"AQAD9bcxG874NFF4\", \"file_size\": 1438, \"width\": 90, \"height\": 67}, {\"file_id\": \"AgACAgQAAxkDAAIEHGgl9vUjiy2IBcpKPJCncxGkjUqxAAL1tzEbzvg0UU-nRhlPbLT8AQADAgADbQADNgQ\", \"file_unique_id\": \"AQAD9bcxG874NFFy\", \"file_size\": 18030, \"width\": 320, \"height\": 240}, {\"file_id\": \"AgACAgQAAxkDAAIEHGgl9vUjiy2IBcpKPJCncxGkjUqxAAL1tzEbzvg0UU-nRhlPbLT8AQADAgADeAADNgQ\", \"file_unique_id\": \"AQAD9bcxG874NFF9\", \"file_size\": 45137, \"width\": 640, \"height\": 480}], \"reply_markup\": {\"inline_keyboard\": [[{\"text\": \"\\ud83c\\udf9e Video\", \"callback_data\": \"youtube_video_download_ykKL5c3Orqg\"}, {\"text\": \"\\ud83c\\udfa7 Audio\", \"callback_data\": \"track_download_ykKL5c3Orqg\"}]]}}, \"chat_instance\": \"1528666451426664229\", \"data\": \"youtube_video_download_ykKL5c3Orqg\"}}"}
{"timestamp": "2025-05-15T14:15:35.884935Z", "level": "DEBUG", "instance": "@EDU_ArabicBot", "action": "UPDATE", "update": "{\"update_id\": 431473820, \"callback_query\": {\"id\": \"6038709914567542137\", \"from\": {\"id\": 5700964012, \"is_bot\": false, \"first_name\": \"Abduvohid Abdujalilov\", \"username\": \"abduvohid_dev\", \"language_code\": \"en\"}, \"message\": {\"message_id\": 1054, \"from\": {\"id\": 8098660158, \"is_bot\": true, \"first_name\": \"EduArabic\", \"username\": \"EDU_ArabicBot\"}, \"chat\": {\"id\": 5700964012, \"first_name\": \"Abduvohid Abdujalilov\", \"username\": \"abduvohid_dev\", \"type\": \"private\"}, \"date\": 1747318530, \"photo\": [{\"file_id\": \"AgACAgQAAxkDAAIEHGgl9vUjiy2IBcpKPJCncxGkjUqxAAL1tzEbzvg0UU-nRhlPbLT8AQADAgADcwADNgQ\", \"file_unique_id\": \"AQAD9bcxG874NFF4\", \"file_size\": 1438, \"width\": 90, \"height\": 67}, {\"file_id\": \"AgACAgQAAxkDAAIEHGgl9vUjiy2IBcpKPJCncxGkjUqxAAL1tzEbzvg0UU-nRhlPbLT8AQADAgADbQADNgQ\", \"file_unique_id\": \"AQAD9bcxG874NFFy\", \"file_size\": 18030, \"width\": 320, \"height\": 240}, {\"file_id\": \"AgACAgQAAxkDAAIEHGgl9vUjiy2IBcpKPJCncxGkjUqxAAL1tzEbzvg0UU-nRhlPbLT8AQADAgADeAADNgQ\", \"file_unique_id\": \"AQAD9bcxG874NFF9\", \"file_size\": 45137, \"width\": 640, \"height\": 480}], \"reply_markup\": {\"inline_keyboard\": [[{\"text\": \"\\ud83c\\udf9e Video\", \"callback_data\": \"youtube_video_download_ykKL5c3Orqg\"}, {\"text\": \"\\ud83c\\udfa7 Audio\", \"callback_data\": \"track_download_ykKL5c3Orqg\"}]]}}, \"chat_instance\": \"1528666451426664229\", \"data\": \"track_download_ykKL5c3Orqg\"}}"}
{"timestamp": "2025-05-15T14:50:12.672967Z", "level": "DEBUG", "instance": "@EDU_ArabicBot", "action": "UPDATE", "update": "{\"update_id\": 431473821, \"message\": {\"message_id\": 1055, \"from\": {\"id\": 5700964012, \"is_bot\": false, \"first_name\": \"Abduvohid Abdujalilov\", \"username\": \"abduvohid_dev\", \"language_code\": \"en\"}, \"chat\": {\"id\": 5700964012, \"first_name\": \"Abduvohid Abdujalilov\", \"username\": \"abduvohid_dev\", \"type\": \"private\"}, \"date\": 1747320613, \"text\": \"/s\", \"entities\": [{\"offset\": 0, \"length\": 2, \"type\": \"bot_command\"}]}}"}
{"timestamp": "2025-05-15T14:50:25.002958Z", "level": "DEBUG", "instance": "@EDU_ArabicBot", "action": "UPDATE", "update": "{\"update_id\": 431473822, \"message\": {\"message_id\": 1056, \"from\": {\"id\": 5700964012, \"is_bot\": false, \"first_name\": \"Abduvohid Abdujalilov\", \"username\": \"abduvohid_dev\", \"language_code\": \"en\"}, \"chat\": {\"id\": 5700964012, \"first_name\": \"Abduvohid Abdujalilov\", \"username\": \"abduvohid_dev\", \"type\": \"private\"}, \"date\": 1747320625, \"text\": \"https://youtu.be/ykKL5c3Orqg?si=jbiEhGi5GxZ8thXb\", \"entities\": [{\"offset\": 0, \"length\": 48, \"type\": \"url\"}], \"link_preview_options\": {\"url\": \"https://youtu.be/ykKL5c3Orqg?si=jbiEhGi5GxZ8thXb\"}}}"}
{"timestamp": "2025-05-15T14:50:25.174562Z", "level": "INFO", "instance": "@EDU_ArabicBot", "action": "YOUTUBE_LINK", "chat_id": 5700964012, "user_id": 5700964012, "link": "https://youtu.be/ykKL5c3Orqg?si=jbiEhGi5GxZ8thXb"}
{"timestamp": "2025-05-15T14:50:29.307199Z", "level": "DEBUG", "instance": "@EDU_ArabicBot", "action": "UPDATE", "update": "{\"update_id\": 431473823, \"callback_query\": {\"id\": \"6038709915846448925\", \"from\": {\"id\": 5700964012, \"is_bot\": false, \"first_name\": \"Abduvohid Abdujalilov\", \"username\": \"abduvohid_dev\", \"language_code\": \"en\"}, \"message\": {\"message_id\": 1057, \"from\": {\"id\": 8098660158, \"is_bot\": true, \"first_name\": \"EduArabic\", \"username\": \"EDU_ArabicBot\"}, \"chat\": {\"id\": 5700964012, \"first_name\": \"Abduvohid Abdujalilov\", \"username\": \"abduvohid_dev\", \"type\": \"private\"}, \"date\": 1747320625, \"photo\": [{\"file_id\": \"AgACAgQAAxkDAAIEHGgl9vUjiy2IBcpKPJCncxGkjUqxAAL1tzEbzvg0UU-nRhlPbLT8AQADAgADcwADNgQ\", \"file_unique_id\": \"AQAD9bcxG874NFF4\", \"file_size\": 1438, \"width\": 90, \"height\": 67}, {\"file_id\": \"AgACAgQAAxkDAAIEHGgl9vUjiy2IBcpKPJCncxGkjUqxAAL1tzEbzvg0UU-nRhlPbLT8AQADAgADbQADNgQ\", \"file_unique_id\": \"AQAD9bcxG874NFFy\", \"file_size\": 18030, \"width\": 320, \"height\": 240}, {\"file_id\": \"AgACAgQAAxkDAAIEHGgl9vUjiy2IBcpKPJCncxGkjUqxAAL1tzEbzvg0UU-nRhlPbLT8AQADAgADeAADNgQ\", \"file_unique_id\": \"AQAD9bcxG874NFF9\", \"file_size\": 45137, \"width\": 640, \"height\": 480}], \"reply_markup\": {\"inline_keyboard\": [[{\"text\": \"\\ud83c\\udf9e Video\", \"callback_data\": \"youtube_video_download_ykKL5c3Orqg\"}, {\"text\": \"\\ud83c\\udfa7 Audio\", \"callback_data\": \"track_download_ykKL5c3Orqg\"}]]}}, \"chat_instance\": \"1528666451426664229\", \"data\": \"track_download_ykKL5c3Orqg\"}}"}
{"timestamp": "2025-05-15T14:50:32.344616Z", "level": "DEBUG", "instance": "@EDU_ArabicBot", "action": "UPDATE", "update": "{\"update_id\": 431473824, \"callback_query\": {\"id\": \"6038709917287038603\", \"from\": {\"id\": 5700964012, \"is_bot\": false, \"first_name\": \"Abduvohid Abdujalilov\", \"username\": \"abduvohid_dev\", \"language_code\": \"en\"}, \"message\": {\"message_id\": 1057, \"from\": {\"id\": 8098660158, \"is_bot\": true, \"first_name\": \"EduArabic\", \"username\": \"EDU_ArabicBot\"}, \"chat\": {\"id\": 5700964012, \"first_name\": \"Abduvohid Abdujalilov\", \"username\": \"abduvohid_dev\", \"type\": \"private\"}, \"date\": 1747320625, \"photo\": [{\"file_id\": \"AgACAgQAAxkDAAIEHGgl9vUjiy2IBcpKPJCncxGkjUqxAAL1tzEbzvg0UU-nRhlPbLT8AQADAgADcwADNgQ\", \"file_unique_id\": \"AQAD9bcxG874NFF4\", \"file_size\": 1438, \"width\": 90, \"height\": 67}, {\"file_id\": \"AgACAgQAAxkDAAIEHGgl9vUjiy2IBcpKPJCncxGkjUqxAAL1tzEbzvg0UU-nRhlPbLT8AQADAgADbQADNgQ\", \"file_unique_id\": \"AQAD9bcxG874NFFy\", \"file_size\": 18030, \"width\": 320, \"height\": 240}, {\"file_id\": \"AgACAgQAAxkDAAIEHGgl9vUjiy2IBcpKPJCncxGkjUqxAAL1tzEbzvg0UU-nRhlPbLT8AQADAgADeAADNgQ\", \"file_unique_id\": \"AQAD9bcxG874NFF9\", \"file_size\": 45137, \"width\": 640, \"height\": 480}], \"reply_markup\": {\"inline_keyboard\": [[{\"text\": \"\\ud83c\\udf9e Video\", \"callback_data\": \"youtube_video_download_ykKL5c3Orqg\"}, {\"text\": \"\\ud83c\\udfa7 Audio\", \"callback_data\": \"track_download_ykKL5c3Orqg\"}]]}}, \"chat_instance\": \"1528666451426664229\", \"data\": \"youtube_video_download_ykKL5c3Orqg\"}}"}
{"timestamp": "2025-05-15T14:51:02.126859Z", "level": "DEBUG", "instance": "@EDU_ArabicBot", "action": "UPDATE", "update": "{\"update_id\": 431473825, \"message\": {\"message_id\": 1058, \"from\": {\"id\": 5700964012, \"is_bot\": false, \"first_name\": \"Abduvohid Abdujalilov\", \"username\": \"abduvohid_dev\", \"language_code\": \"en\"}, \"chat\": {\"id\": 5700964012, \"first_name\": \"Abduvohid Abdujalilov\", \"username\": \"abduvohid_dev\", \"type\": \"private\"}, \"date\": 1747320662, \"text\": \"https://youtu.be/ykKL5c3Orqg?si=jbiEhGi5GxZ8thXb\", \"entities\": [{\"offset\": 0, \"length\": 48, \"type\": \"url\"}], \"link_preview_options\": {\"url\": \"https://youtu.be/ykKL5c3Orqg?si=jbiEhGi5GxZ8thXb\"}}}"}
{"timestamp": "2025-05-15T14:51:02.294455Z", "level": "INFO", "instance": "@EDU_ArabicBot", "action": "YOUTUBE_LINK", "chat_id": 5700964012, "user_id": 5700964012, "link": "https://youtu.be/ykKL5c3Orqg?si=jbiEhGi5GxZ8thXb"}
{"timestamp": "2025-05-15T14:51:24.116125Z", "level": "DEBUG", "instance": "@EDU_ArabicBot", "action": "UPDATE", "update": "{\"update_id\": 431473826, \"callback_query\": {\"id\": \"6038709916264712226\", \"from\": {\"id\": 5700964012, \"is_bot\": false, \"first_name\": \"Abduvohid Abdujalilov\", \"username\": \"abduvohid_dev\", \"language_code\": \"en\"}, \"message\": {\"message_id\": 1059, \"from\": {\"id\": 8098660158, \"is_bot\": true, \"first_name\": \"EduArabic\", \"username\": \"EDU_ArabicBot\"}, \"chat\": {\"id\": 5700964012, \"first_name\": \"Abduvohid Abdujalilov\", \"username\": \"abduvohid_dev\", \"type\": \"private\"}, \"date\": 1747320662, \"photo\": [{\"file_id\": \"AgACAgQAAxkDAAIEHGgl9vUjiy2IBcpKPJCncxGkjUqxAAL1tzEbzvg0UU-nRhlPbLT8AQADAgADcwADNgQ\", \"file_unique_id\": \"AQAD9bcxG874NFF4\", \"file_size\": 1438, \"width\": 90, \"height\": 67}, {\"file_id\": \"AgACAgQAAxkDAAIEHGgl9vUjiy2IBcpKPJCncxGkjUqxAAL1tzEbzvg0UU-nRhlPbLT8AQADAgADbQADNgQ\", \"file_unique_id\": \"AQAD9bcxG874NFFy\", \"file_size\": 18030, \"width\": 320, \"height\": 240}, {\"file_id\": \"AgACAgQAAxkDAAIEHGgl9vUjiy2IBcpKPJCncxGkjUqxAAL1tzEbzvg0UU-nRhlPbLT8AQADAgADeAADNgQ\", \"file_unique_id\": \"AQAD9bcxG874NFF9\", \"file_size\": 45137, \"width\": 640, \"height\": 480}], \"reply_markup\": {\"inline_keyboard\": [[{\"text\": \"\\ud83c\\udf9e Video\", \"callback_data\": \"youtube_video_download_ykKL5c3Orqg\"}, {\"text\": \"\\ud83c\\udfa7 Audio\", \"callback_data\": \"track_download_ykKL5c3Orqg\"}]]}}, \"chat_instance\": \"1528666451426664229\", \"data\": \"track_download_ykKL5c3Orqg\"}}"}
{"timestamp": "2025-05-17T06:10:47.178114Z", "level": "DEBUG", "instance": "@EDU_ArabicBot", "action": "UPDATE", "update": "{\"update_id\": 431473827, \"message\": {\"message_id\": 1060, \"from\": {\"id\": 5700964012, \"is_bot\": false, \"first_name\": \"Abduvohid Abdujalilov\", \"username\": \"abduvohid_dev\", \"language_code\": \"en\"}, \"chat\": {\"id\": 5700964012, \"first_name\": \"Abduvohid Abdujalilov\", \"username\": \"abduvohid_dev\", \"type\": \"private\"}, \"date\": 1747462247, \"text\": \"https://youtu.be/ykKL5c3Orqg?si=jbiEhGi5GxZ8thXb\", \"entities\": [{\"offset\": 0, \"length\": 48, \"type\": \"url\"}], \"link_preview_options\": {\"url\": \"https://youtu.be/ykKL5c3Orqg?si=jbiEhGi5GxZ8thXb\"}}}"}
{"timestamp": "2025-05-17T06:10:47.368975Z", "level": "INFO", "instance": "@EDU_ArabicBot", "action": "YOUTUBE_LINK", "chat_id": 5700964012, "user_id": 5700964012, "link": "https://youtu.be/ykKL5c3Orqg?si=jbiEhGi5GxZ8thXb"}
{"timestamp": "2025-05-17T06:10:50.264168Z", "level": "DEBUG", "instance": "@EDU_ArabicBot", "action": "UPDATE", "update": "{\"update_id\": 431473828, \"callback_query\": {\"id\": \"6038709915767964655\", \"from\": {\"id\": 5700964012, \"is_bot\": false, \"first_name\": \"Abduvohid Abdujalilov\", \"username\": \"abduvohid_dev\", \"language_code\": \"en\"}, \"message\": {\"message_id\": 1061, \"from\": {\"id\": 8098660158, \"is_bot\": true, \"first_name\": \"EduArabic\", \"username\": \"EDU_ArabicBot\"}, \"chat\": {\"id\": 5700964012, \"first_name\": \"Abduvohid Abdujalilov\", \"username\": \"abduvohid_dev\", \"type\": \"private\"}, \"date\": 1747462247, \"photo\": [{\"file_id\": \"AgACAgQAAxkDAAIEJWgoKGcbAj5qsMsoeUfff8UjfaTkAAL1tzEbzvg0UU-nRhlPbLT8AQADAgADcwADNgQ\", \"file_unique_id\": \"AQAD9bcxG874NFF4\", \"file_size\": 1438, \"width\": 90, \"height\": 67}, {\"file_id\": \"AgACAgQAAxkDAAIEJWgoKGcbAj5qsMsoeUfff8UjfaTkAAL1tzEbzvg0UU-nRhlPbLT8AQADAgADbQADNgQ\", \"file_unique_id\": \"AQAD9bcxG874NFFy\", \"file_size\": 18030, \"width\": 320, \"height\": 240}, {\"file_id\": \"AgACAgQAAxkDAAIEJWgoKGcbAj5qsMsoeUfff8UjfaTkAAL1tzEbzvg0UU-nRhlPbLT8AQADAgADeAADNgQ\", \"file_unique_id\": \"AQAD9bcxG874NFF9\", \"file_size\": 45137, \"width\": 640, \"height\": 480}], \"reply_markup\": {\"inline_keyboard\": [[{\"text\": \"\\ud83c\\udf9e Video\", \"callback_data\": \"youtube_video_download_ykKL5c3Orqg\"}, {\"text\": \"\\ud83c\\udfa7 Audio\", \"callback_data\": \"track_download_ykKL5c3Orqg\"}]]}}, \"chat_instance\": \"1528666451426664229\", \"data\": \"track_download_ykKL5c3Orqg\"}}"}
{"timestamp": "2025-05-17T06:15:01.896029Z", "level": "DEBUG", "instance": "@EDU_ArabicBot", "action": "UPDATE", "update": "{\"update_id\": 431473829, \"message\": {\"message_id\": 1062, \"from\": {\"id\": 5700964012, \"is_bot\": false, \"first_name\": \"Abduvohid Abdujalilov\", \"username\": \"abduvohid_dev\", \"language_code\": \"en\"}, \"chat\": {\"id\": 5700964012, \"first_name\": \"Abduvohid Abdujalilov\", \"username\": \"abduvohid_dev\", \"type\": \"private\"}, \"date\": 1747462501, \"text\": \"https://youtu.be/ykKL5c3Orqg?si=jbiEhGi5GxZ8thXb\", \"entities\": [{\"offset\": 0, \"length\": 48, \"type\": \"url\"}], \"link_preview_options\": {\"url\": \"https://youtu.be/ykKL5c3Orqg?si=jbiEhGi5GxZ8thXb\"}}}"}
{"timestamp": "2025-05-17T06:15:02.083499Z", "level": "INFO", "instance": "@EDU_ArabicBot", "action": "YOUTUBE_LINK", "chat_id": 5700964012, "user_id": 5700964012, "link": "https://youtu.be/ykKL5c3Orqg?si=jbiEhGi5GxZ8thXb"}
{"timestamp": "2025-05-17T06:15:04.353532Z", "level": "DEBUG", "instance": "@EDU_ArabicBot", "action": "UPDATE", "update": "{\"update_id\": 431473830, \"callback_query\": {\"id\": \"6038709916954984171\", \"from\": {\"id\": 5700964012, \"is_bot\": false, \"first_name\": \"Abduvohid Abdujalilov\", \"username\": \"abduvohid_dev\", \"language_code\": \"en\"}, \"message\": {\"message_id\": 1063, \"from\": {\"id\": 8098660158, \"is_bot\": true, \"first_name\": \"EduArabic\", \"username\": \"EDU_ArabicBot\"}, \"chat\": {\"id\": 5700964012, \"first_name\": \"Abduvohid Abdujalilov\", \"username\": \"abduvohid_dev\", \"type\": \"private\"}, \"date\": 1747462502, \"photo\": [{\"file_id\": \"AgACAgQAAxkDAAIEJ2goKWUgmkopk9ld1JmrIcTI8nGMAAL1tzEbzvg0UU-nRhlPbLT8AQADAgADcwADNgQ\", \"file_unique_id\": \"AQAD9bcxG874NFF4\", \"file_size\": 1438, \"width\": 90, \"height\": 67}, {\"file_id\": \"AgACAgQAAxkDAAIEJ2goKWUgmkopk9ld1JmrIcTI8nGMAAL1tzEbzvg0UU-nRhlPbLT8AQADAgADbQADNgQ\", \"file_unique_id\": \"AQAD9bcxG874NFFy\", \"file_size\": 18030, \"width\": 320, \"height\": 240}, {\"file_id\": \"AgACAgQAAxkDAAIEJ2goKWUgmkopk9ld1JmrIcTI8nGMAAL1tzEbzvg0UU-nRhlPbLT8AQADAgADeAADNgQ\", \"file_unique_id\": \"AQAD9bcxG874NFF9\", \"file_size\": 45137, \"width\": 640, \"height\": 480}], \"reply_markup\": {\"inline_keyboard\": [[{\"text\": \"\\ud83c\\udf9e Video\", \"callback_data\": \"youtube_video_download_ykKL5c3Orqg\"}, {\"text\": \"\\ud83c\\udfa7 Audio\", \"callback_data\": \"track_download_ykKL5c3Orqg\"}]]}}, \"chat_instance\": \"1528666451426664229\", \"data\": \"youtube_video_download_ykKL5c3Orqg\"}}"}
{"timestamp": "2025-05-17T06:17:35.216349Z", "level": "DEBUG", "instance": "@EDU_ArabicBot", "action": "UPDATE", "update": "{\"update_id\": 431473831, \"message\": {\"message_id\": 1064, \"from\": {\"id\": 5700964012, \"is_bot\": false, \"first_name\": \"Abduvohid Abdujalilov\", \"username\": \"abduvohid_dev\", \"language_code\": \"en\"}, \"chat\": {\"id\": 5700964012, \"first_name\": \"Abduvohid Abdujalilov\", \"username\": \"abduvohid_dev\", \"type\": \"private\"}, \"date\": 1747462655, \"text\": \"https://youtu.be/ykKL5c3Orqg?si=jbiEhGi5GxZ8thXb\", \"entities\": [{\"offset\": 0, \"length\": 48, \"type\": \"url\"}], \"link_preview_options\": {\"url\": \"https://youtu.be/ykKL5c3Orqg?si=jbiEhGi5GxZ8thXb\"}}}"}
{"timestamp": "2025-05-17T06:17:35.386204Z", "level": "INFO", "instance": "@EDU_ArabicBot", "action": "YOUTUBE_LINK", "chat_id": 5700964012, "user_id": 5700964012, "link": "https://youtu.be/ykKL5c3Orqg?si=jbiEhGi5GxZ8thXb"}
{"timestamp": "2025-05-17T06:17:36.349059Z", "level": "DEBUG", "instance": "@EDU_ArabicBot", "action": "UPDATE", "update": "{\"update_id\": 431473832, \"callback_query\": {\"id\": \"6038709917635916990\", \"from\": {\"id\": 5700964012, \"is_bot\": false, \"first_name\": \"Abduvohid Abdujalilov\", \"username\": \"abduvohid_dev\", \"language_code\": \"en\"}, \"message\": {\"message_id\": 1065, \"from\": {\"id\": 8098660158, \"is_bot\": true, \"first_name\": \"EduArabic\", \"username\": \"EDU_ArabicBot\"}, \"chat\": {\"id\": 5700964012, \"first_name\": \"Abduvohid Abdujalilov\", \"username\": \"abduvohid_dev\", \"type\": \"private\"}, \"date\": 1747462655, \"photo\": [{\"file_id\": \"AgACAgQAAxkDAAIEJ2goKWUgmkopk9ld1JmrIcTI8nGMAAL1tzEbzvg0UU-nRhlPbLT8AQADAgADcwADNgQ\", \"file_unique_id\": \"AQAD9bcxG874NFF4\", \"file_size\": 1438, \"width\": 90, \"height\": 67}, {\"file_id\": \"AgACAgQAAxkDAAIEJ2goKWUgmkopk9ld1JmrIcTI8nGMAAL1tzEbzvg0UU-nRhlPbLT8AQADAgADbQADNgQ\", \"file_unique_id\": \"AQAD9bcxG874NFFy\", \"file_size\": 18030, \"width\": 320, \"height\": 240}, {\"file_id\": \"AgACAgQAAxkDAAIEJ2goKWUgmkopk9ld1JmrIcTI8nGMAAL1tzEbzvg0UU-nRhlPbLT8AQADAgADeAADNgQ\", \"file_unique_id\": \"AQAD9bcxG874NFF9\", \"file_size\": 45137, \"width\": 640, \"height\": 480}], \"reply_markup\": {\"inline_keyboard\": [[{\"text\": \"\\ud83c\\udf9e Video\", \"callback_data\": \"youtube_video_download_ykKL5c3Orqg\"}, {\"text\": \"\\ud83c\\udfa7 Audio\", \"callback_data\": \"track_download_ykKL5c3Orqg\"}]]}}, \"chat_instance\": \"1528666451426664229\", \"data\": \"track_download_ykKL5c3Orqg\"}}"}
{"timestamp": "2025-05-17T06:18:00.775668Z", "level": "DEBUG", "instance": "@EDU_ArabicBot", "action": "UPDATE", "update": "{\"update_id\": 431473833, \"message\": {\"message_id\": 1066, \"from\": {\"id\": 5700964012, \"is_bot\": false, \"first_name\": \"Abduvohid Abdujalilov\", \"username\": \"abduvohid_dev\", \"language_code\": \"en\"}, \"chat\": {\"id\": 5700964012, \"first_name\": \"Abduvohid Abdujalilov\", \"username\": \"abduvohid_dev\", \"type\": \"private\"}, \"date\": 1747462680, \"text\": \"https://youtu.be/ykKL5c3Orqg?si=jbiEhGi5GxZ8thXb\", \"entities\": [{\"offset\": 0, \"length\": 48, \"type\": \"url\"}], \"link_preview_options\": {\"url\": \"https://youtu.be/ykKL5c3Orqg?si=jbiEhGi5GxZ8thXb\"}}}"}
{"timestamp": "2025-05-17T06:18:00.935566Z", "level": "INFO", "instance": "@EDU_ArabicBot", "action": "YOUTUBE_LINK", "chat_id": 5700964012, "user_id": 5700964012, "link": "https://youtu.be/ykKL5c3Orqg?si=jbiEhGi5GxZ8thXb"}
{"timestamp": "2025-05-17T06:18:02.307928Z", "level": "DEBUG", "instance": "@EDU_ArabicBot", "action": "UPDATE", "update": "{\"update_id\": 431473834, \"callback_query\": {\"id\": \"6038709915078937477\", \"from\": {\"id\": 5700964012, \"is_bot\": false, \"first_name\": \"Abduvohid Abdujalilov\", \"username\": \"abduvohid_dev\", \"language_code\": \"en\"}, \"message\": {\"message_id\": 1067, \"from\": {\"id\": 8098660158, \"is_bot\": true, \"first_name\": \"EduArabic\", \"username\": \"EDU_ArabicBot\"}, \"chat\": {\"id\": 5700964012, \"first_name\": \"Abduvohid Abdujalilov\", \"username\": \"abduvohid_dev\", \"type\": \"private\"}, \"date\": 1747462680, \"photo\": [{\"file_id\": \"AgACAgQAAxkDAAIEK2goKhg3dtUjTn8ckBEaK3MDm0MFAAL1tzEbzvg0UU-nRhlPbLT8AQADAgADcwADNgQ\", \"file_unique_id\": \"AQAD9bcxG874NFF4\", \"file_size\": 1438, \"width\": 90, \"height\": 67}, {\"file_id\": \"AgACAgQAAxkDAAIEK2goKhg3dtUjTn8ckBEaK3MDm0MFAAL1tzEbzvg0UU-nRhlPbLT8AQADAgADbQADNgQ\", \"file_unique_id\": \"AQAD9bcxG874NFFy\", \"file_size\": 18030, \"width\": 320, \"height\": 240}, {\"file_id\": \"AgACAgQAAxkDAAIEK2goKhg3dtUjTn8ckBEaK3MDm0MFAAL1tzEbzvg0UU-nRhlPbLT8AQADAgADeAADNgQ\", \"file_unique_id\": \"AQAD9bcxG874NFF9\", \"file_size\": 45137, \"width\": 640, \"height\": 480}], \"reply_markup\": {\"inline_keyboard\": [[{\"text\": \"\\ud83c\\udf9e Video\", \"callback_data\": \"youtube_video_download_ykKL5c3Orqg\"}, {\"text\": \"\\ud83c\\udfa7 Audio\", \"callback_data\": \"track_download_ykKL5c3Orqg\"}]]}}, \"chat_instance\": \"1528666451426664229\", \"data\": \"youtube_video_download_ykKL5c3Orqg\"}}"}
{"timestamp": "2025-05-17T06:20:30.895929Z", "level": "ERROR", "instance": "@EDU_ArabicBot", "action": "YOUTUBE_VIDEO_FAILED", "chat_id": 5700964012, "user_id": 5700964012, "id": "ykKL5c3Orqg", "stack_trace": "Traceback (most recent call last):\n  File \"/home/mediabot/features/youtube/model.py\", line 32, in download_telegram\n    return (json_response[\"file_id\"], json_response[\"recognize_result\"],)\n            ~~~~~~~~~~~~~^^^^^^^^^^^\nKeyError: 'file_id'\n\nDuring handling of the above exception, another exception occurred:\n\nTraceback (most recent call last):\n  File \"/home/mediabot/features/youtube/model.py\", line 32, in download_telegram\n    return (json_response[\"file_id\"], json_response[\"recognize_result\"],)\n            ~~~~~~~~~~~~~^^^^^^^^^^^\nKeyError: 'file_id'\n\nDuring handling of the above exception, another exception occurred:\n\nTraceback (most recent call last):\n  File \"/home/mediabot/features/youtube/model.py\", line 32, in download_telegram\n    return (json_response[\"file_id\"], json_response[\"recognize_result\"],)\n            ~~~~~~~~~~~~~^^^^^^^^^^^\nKeyError: 'file_id'\n\nDuring handling of the above exception, another exception occurred:\n\nTraceback (most recent call last):\n  File \"/home/mediabot/features/youtube/model.py\", line 32, in download_telegram\n    return (json_response[\"file_id\"], json_response[\"recognize_result\"],)\n            ~~~~~~~~~~~~~^^^^^^^^^^^\nKeyError: 'file_id'\n\nDuring handling of the above exception, another exception occurred:\n\nTraceback (most recent call last):\n  File \"/home/mediabot/features/youtube/handlers.py\", line 116, in _youtube_video_download\n    (file_id, recognize_result,) = await YouTube.download_telegram(id, context.instance.token, recognize=recognize)\n                                   ^^^^^^^^^^^^^^^^^^^^^^^^^^^^^^^^^^^^^^^^^^^^^^^^^^^^^^^^^^^^^^^^^^^^^^^^^^^^^^^^\n  File \"/home/mediabot/features/youtube/model.py\", line 35, in download_telegram\n    return await YouTube.download_telegram(id, telegram_bot_token, recognize, attempt + 1)\n           ^^^^^^^^^^^^^^^^^^^^^^^^^^^^^^^^^^^^^^^^^^^^^^^^^^^^^^^^^^^^^^^^^^^^^^^^^^^^^^^\n  File \"/home/mediabot/features/youtube/model.py\", line 35, in download_telegram\n    return await YouTube.download_telegram(id, telegram_bot_token, recognize, attempt + 1)\n           ^^^^^^^^^^^^^^^^^^^^^^^^^^^^^^^^^^^^^^^^^^^^^^^^^^^^^^^^^^^^^^^^^^^^^^^^^^^^^^^\n  File \"/home/mediabot/features/youtube/model.py\", line 35, in download_telegram\n    return await YouTube.download_telegram(id, telegram_bot_token, recognize, attempt + 1)\n           ^^^^^^^^^^^^^^^^^^^^^^^^^^^^^^^^^^^^^^^^^^^^^^^^^^^^^^^^^^^^^^^^^^^^^^^^^^^^^^^\n  File \"/home/mediabot/features/youtube/model.py\", line 36, in download_telegram\n    raise Exception(\"Max attempts reached\")\nException: Max attempts reached\n"}
{"timestamp": "2025-05-17T06:20:40.880928Z", "level": "DEBUG", "instance": "@EDU_ArabicBot", "action": "UPDATE", "update": "{\"update_id\": 431473835, \"message\": {\"message_id\": 1070, \"from\": {\"id\": 5700964012, \"is_bot\": false, \"first_name\": \"Abduvohid Abdujalilov\", \"username\": \"abduvohid_dev\", \"language_code\": \"en\"}, \"chat\": {\"id\": 5700964012, \"first_name\": \"Abduvohid Abdujalilov\", \"username\": \"abduvohid_dev\", \"type\": \"private\"}, \"date\": 1747462840, \"text\": \"https://youtu.be/ykKL5c3Orqg?si=jbiEhGi5GxZ8thXb\", \"entities\": [{\"offset\": 0, \"length\": 48, \"type\": \"url\"}], \"link_preview_options\": {\"url\": \"https://youtu.be/ykKL5c3Orqg?si=jbiEhGi5GxZ8thXb\"}}}"}
{"timestamp": "2025-05-17T06:20:41.042926Z", "level": "INFO", "instance": "@EDU_ArabicBot", "action": "YOUTUBE_LINK", "chat_id": 5700964012, "user_id": 5700964012, "link": "https://youtu.be/ykKL5c3Orqg?si=jbiEhGi5GxZ8thXb"}
{"timestamp": "2025-05-17T06:20:42.217942Z", "level": "DEBUG", "instance": "@EDU_ArabicBot", "action": "UPDATE", "update": "{\"update_id\": 431473836, \"callback_query\": {\"id\": \"6038709915784771555\", \"from\": {\"id\": 5700964012, \"is_bot\": false, \"first_name\": \"Abduvohid Abdujalilov\", \"username\": \"abduvohid_dev\", \"language_code\": \"en\"}, \"message\": {\"message_id\": 1071, \"from\": {\"id\": 8098660158, \"is_bot\": true, \"first_name\": \"EduArabic\", \"username\": \"EDU_ArabicBot\"}, \"chat\": {\"id\": 5700964012, \"first_name\": \"Abduvohid Abdujalilov\", \"username\": \"abduvohid_dev\", \"type\": \"private\"}, \"date\": 1747462840, \"photo\": [{\"file_id\": \"AgACAgQAAxkDAAIEK2goKhg3dtUjTn8ckBEaK3MDm0MFAAL1tzEbzvg0UU-nRhlPbLT8AQADAgADcwADNgQ\", \"file_unique_id\": \"AQAD9bcxG874NFF4\", \"file_size\": 1438, \"width\": 90, \"height\": 67}, {\"file_id\": \"AgACAgQAAxkDAAIEK2goKhg3dtUjTn8ckBEaK3MDm0MFAAL1tzEbzvg0UU-nRhlPbLT8AQADAgADbQADNgQ\", \"file_unique_id\": \"AQAD9bcxG874NFFy\", \"file_size\": 18030, \"width\": 320, \"height\": 240}, {\"file_id\": \"AgACAgQAAxkDAAIEK2goKhg3dtUjTn8ckBEaK3MDm0MFAAL1tzEbzvg0UU-nRhlPbLT8AQADAgADeAADNgQ\", \"file_unique_id\": \"AQAD9bcxG874NFF9\", \"file_size\": 45137, \"width\": 640, \"height\": 480}], \"reply_markup\": {\"inline_keyboard\": [[{\"text\": \"\\ud83c\\udf9e Video\", \"callback_data\": \"youtube_video_download_ykKL5c3Orqg\"}, {\"text\": \"\\ud83c\\udfa7 Audio\", \"callback_data\": \"track_download_ykKL5c3Orqg\"}]]}}, \"chat_instance\": \"1528666451426664229\", \"data\": \"track_download_ykKL5c3Orqg\"}}"}
{"timestamp": "2025-05-17T06:20:47.237426Z", "level": "DEBUG", "instance": "@EDU_ArabicBot", "action": "UPDATE", "update": "{\"update_id\": 431473837, \"callback_query\": {\"id\": \"6038709915141358042\", \"from\": {\"id\": 5700964012, \"is_bot\": false, \"first_name\": \"Abduvohid Abdujalilov\", \"username\": \"abduvohid_dev\", \"language_code\": \"en\"}, \"message\": {\"message_id\": 1071, \"from\": {\"id\": 8098660158, \"is_bot\": true, \"first_name\": \"EduArabic\", \"username\": \"EDU_ArabicBot\"}, \"chat\": {\"id\": 5700964012, \"first_name\": \"Abduvohid Abdujalilov\", \"username\": \"abduvohid_dev\", \"type\": \"private\"}, \"date\": 1747462840, \"photo\": [{\"file_id\": \"AgACAgQAAxkDAAIEK2goKhg3dtUjTn8ckBEaK3MDm0MFAAL1tzEbzvg0UU-nRhlPbLT8AQADAgADcwADNgQ\", \"file_unique_id\": \"AQAD9bcxG874NFF4\", \"file_size\": 1438, \"width\": 90, \"height\": 67}, {\"file_id\": \"AgACAgQAAxkDAAIEK2goKhg3dtUjTn8ckBEaK3MDm0MFAAL1tzEbzvg0UU-nRhlPbLT8AQADAgADbQADNgQ\", \"file_unique_id\": \"AQAD9bcxG874NFFy\", \"file_size\": 18030, \"width\": 320, \"height\": 240}, {\"file_id\": \"AgACAgQAAxkDAAIEK2goKhg3dtUjTn8ckBEaK3MDm0MFAAL1tzEbzvg0UU-nRhlPbLT8AQADAgADeAADNgQ\", \"file_unique_id\": \"AQAD9bcxG874NFF9\", \"file_size\": 45137, \"width\": 640, \"height\": 480}], \"reply_markup\": {\"inline_keyboard\": [[{\"text\": \"\\ud83c\\udf9e Video\", \"callback_data\": \"youtube_video_download_ykKL5c3Orqg\"}, {\"text\": \"\\ud83c\\udfa7 Audio\", \"callback_data\": \"track_download_ykKL5c3Orqg\"}]]}}, \"chat_instance\": \"1528666451426664229\", \"data\": \"youtube_video_download_ykKL5c3Orqg\"}}"}
{"timestamp": "2025-05-17T06:22:02.827854Z", "level": "ERROR", "instance": "@EDU_ArabicBot", "action": "YOUTUBE_VIDEO_FAILED", "chat_id": 5700964012, "user_id": 5700964012, "id": "ykKL5c3Orqg", "stack_trace": "Traceback (most recent call last):\n  File \"/home/mediabot/features/youtube/model.py\", line 32, in download_telegram\n    return (json_response[\"file_id\"], json_response[\"recognize_result\"],)\n            ~~~~~~~~~~~~~^^^^^^^^^^^\nKeyError: 'file_id'\n\nDuring handling of the above exception, another exception occurred:\n\nTraceback (most recent call last):\n  File \"/home/mediabot/features/youtube/model.py\", line 32, in download_telegram\n    return (json_response[\"file_id\"], json_response[\"recognize_result\"],)\n            ~~~~~~~~~~~~~^^^^^^^^^^^\nKeyError: 'file_id'\n\nDuring handling of the above exception, another exception occurred:\n\nTraceback (most recent call last):\n  File \"/home/mediabot/features/youtube/model.py\", line 32, in download_telegram\n    return (json_response[\"file_id\"], json_response[\"recognize_result\"],)\n            ~~~~~~~~~~~~~^^^^^^^^^^^\nKeyError: 'file_id'\n\nDuring handling of the above exception, another exception occurred:\n\nTraceback (most recent call last):\n  File \"/home/mediabot/features/youtube/model.py\", line 32, in download_telegram\n    return (json_response[\"file_id\"], json_response[\"recognize_result\"],)\n            ~~~~~~~~~~~~~^^^^^^^^^^^\nKeyError: 'file_id'\n\nDuring handling of the above exception, another exception occurred:\n\nTraceback (most recent call last):\n  File \"/home/mediabot/features/youtube/handlers.py\", line 116, in _youtube_video_download\n    (file_id, recognize_result,) = await YouTube.download_telegram(id, context.instance.token, recognize=recognize)\n                                   ^^^^^^^^^^^^^^^^^^^^^^^^^^^^^^^^^^^^^^^^^^^^^^^^^^^^^^^^^^^^^^^^^^^^^^^^^^^^^^^^\n  File \"/home/mediabot/features/youtube/model.py\", line 35, in download_telegram\n    return await YouTube.download_telegram(id, telegram_bot_token, recognize, attempt + 1)\n           ^^^^^^^^^^^^^^^^^^^^^^^^^^^^^^^^^^^^^^^^^^^^^^^^^^^^^^^^^^^^^^^^^^^^^^^^^^^^^^^\n  File \"/home/mediabot/features/youtube/model.py\", line 35, in download_telegram\n    return await YouTube.download_telegram(id, telegram_bot_token, recognize, attempt + 1)\n           ^^^^^^^^^^^^^^^^^^^^^^^^^^^^^^^^^^^^^^^^^^^^^^^^^^^^^^^^^^^^^^^^^^^^^^^^^^^^^^^\n  File \"/home/mediabot/features/youtube/model.py\", line 35, in download_telegram\n    return await YouTube.download_telegram(id, telegram_bot_token, recognize, attempt + 1)\n           ^^^^^^^^^^^^^^^^^^^^^^^^^^^^^^^^^^^^^^^^^^^^^^^^^^^^^^^^^^^^^^^^^^^^^^^^^^^^^^^\n  File \"/home/mediabot/features/youtube/model.py\", line 36, in download_telegram\n    raise Exception(\"Max attempts reached\")\nException: Max attempts reached\n"}
{"timestamp": "2025-05-17T06:22:56.390292Z", "level": "DEBUG", "instance": "@EDU_ArabicBot", "action": "UPDATE", "update": "{\"update_id\": 431473838, \"message\": {\"message_id\": 1074, \"from\": {\"id\": 5700964012, \"is_bot\": false, \"first_name\": \"Abduvohid Abdujalilov\", \"username\": \"abduvohid_dev\", \"language_code\": \"en\"}, \"chat\": {\"id\": 5700964012, \"first_name\": \"Abduvohid Abdujalilov\", \"username\": \"abduvohid_dev\", \"type\": \"private\"}, \"date\": 1747462976, \"text\": \"https://youtu.be/8K0OlsbeLPo?si=HB_kEpIW21WlszpD\", \"entities\": [{\"offset\": 0, \"length\": 48, \"type\": \"url\"}], \"link_preview_options\": {\"url\": \"https://youtu.be/8K0OlsbeLPo?si=HB_kEpIW21WlszpD\"}}}"}
{"timestamp": "2025-05-17T06:22:56.569467Z", "level": "INFO", "instance": "@EDU_ArabicBot", "action": "YOUTUBE_LINK", "chat_id": 5700964012, "user_id": 5700964012, "link": "https://youtu.be/8K0OlsbeLPo?si=HB_kEpIW21WlszpD"}
{"timestamp": "2025-05-17T06:22:58.048195Z", "level": "DEBUG", "instance": "@EDU_ArabicBot", "action": "UPDATE", "update": "{\"update_id\": 431473839, \"callback_query\": {\"id\": \"6038709913522323857\", \"from\": {\"id\": 5700964012, \"is_bot\": false, \"first_name\": \"Abduvohid Abdujalilov\", \"username\": \"abduvohid_dev\", \"language_code\": \"en\"}, \"message\": {\"message_id\": 1075, \"from\": {\"id\": 8098660158, \"is_bot\": true, \"first_name\": \"EduArabic\", \"username\": \"EDU_ArabicBot\"}, \"chat\": {\"id\": 5700964012, \"first_name\": \"Abduvohid Abdujalilov\", \"username\": \"abduvohid_dev\", \"type\": \"private\"}, \"date\": 1747462976, \"photo\": [{\"file_id\": \"AgACAgQAAxkDAAIEM2goK0B9xDoVsxUyM-9xLqEe2Rz2AAIxrTEb3XY8Uvq0qkMI7hX8AQADAgADcwADNgQ\", \"file_unique_id\": \"AQADMa0xG912PFJ4\", \"file_size\": 972, \"width\": 90, \"height\": 67}, {\"file_id\": \"AgACAgQAAxkDAAIEM2goK0B9xDoVsxUyM-9xLqEe2Rz2AAIxrTEb3XY8Uvq0qkMI7hX8AQADAgADbQADNgQ\", \"file_unique_id\": \"AQADMa0xG912PFJy\", \"file_size\": 8782, \"width\": 320, \"height\": 240}, {\"file_id\": \"AgACAgQAAxkDAAIEM2goK0B9xDoVsxUyM-9xLqEe2Rz2AAIxrTEb3XY8Uvq0qkMI7hX8AQADAgADeAADNgQ\", \"file_unique_id\": \"AQADMa0xG912PFJ9\", \"file_size\": 20296, \"width\": 640, \"height\": 480}], \"reply_markup\": {\"inline_keyboard\": [[{\"text\": \"\\ud83c\\udf9e Video\", \"callback_data\": \"youtube_video_download_8K0OlsbeLPo\"}, {\"text\": \"\\ud83c\\udfa7 Audio\", \"callback_data\": \"track_download_8K0OlsbeLPo\"}]]}}, \"chat_instance\": \"1528666451426664229\", \"data\": \"youtube_video_download_8K0OlsbeLPo\"}}"}
{"timestamp": "2025-05-17T06:24:23.237405Z", "level": "ERROR", "instance": "@EDU_ArabicBot", "action": "YOUTUBE_VIDEO_FAILED", "chat_id": 5700964012, "user_id": 5700964012, "id": "8K0OlsbeLPo", "stack_trace": "Traceback (most recent call last):\n  File \"/home/mediabot/features/youtube/model.py\", line 32, in download_telegram\n    return (json_response[\"file_id\"], json_response[\"recognize_result\"],)\n            ~~~~~~~~~~~~~^^^^^^^^^^^\nKeyError: 'file_id'\n\nDuring handling of the above exception, another exception occurred:\n\nTraceback (most recent call last):\n  File \"/home/mediabot/features/youtube/model.py\", line 32, in download_telegram\n    return (json_response[\"file_id\"], json_response[\"recognize_result\"],)\n            ~~~~~~~~~~~~~^^^^^^^^^^^\nKeyError: 'file_id'\n\nDuring handling of the above exception, another exception occurred:\n\nTraceback (most recent call last):\n  File \"/home/mediabot/features/youtube/model.py\", line 32, in download_telegram\n    return (json_response[\"file_id\"], json_response[\"recognize_result\"],)\n            ~~~~~~~~~~~~~^^^^^^^^^^^\nKeyError: 'file_id'\n\nDuring handling of the above exception, another exception occurred:\n\nTraceback (most recent call last):\n  File \"/home/mediabot/features/youtube/model.py\", line 32, in download_telegram\n    return (json_response[\"file_id\"], json_response[\"recognize_result\"],)\n            ~~~~~~~~~~~~~^^^^^^^^^^^\nKeyError: 'file_id'\n\nDuring handling of the above exception, another exception occurred:\n\nTraceback (most recent call last):\n  File \"/home/mediabot/features/youtube/handlers.py\", line 116, in _youtube_video_download\n    (file_id, recognize_result,) = await YouTube.download_telegram(id, context.instance.token, recognize=recognize)\n                                   ^^^^^^^^^^^^^^^^^^^^^^^^^^^^^^^^^^^^^^^^^^^^^^^^^^^^^^^^^^^^^^^^^^^^^^^^^^^^^^^^\n  File \"/home/mediabot/features/youtube/model.py\", line 35, in download_telegram\n    return await YouTube.download_telegram(id, telegram_bot_token, recognize, attempt + 1)\n           ^^^^^^^^^^^^^^^^^^^^^^^^^^^^^^^^^^^^^^^^^^^^^^^^^^^^^^^^^^^^^^^^^^^^^^^^^^^^^^^\n  File \"/home/mediabot/features/youtube/model.py\", line 35, in download_telegram\n    return await YouTube.download_telegram(id, telegram_bot_token, recognize, attempt + 1)\n           ^^^^^^^^^^^^^^^^^^^^^^^^^^^^^^^^^^^^^^^^^^^^^^^^^^^^^^^^^^^^^^^^^^^^^^^^^^^^^^^\n  File \"/home/mediabot/features/youtube/model.py\", line 35, in download_telegram\n    return await YouTube.download_telegram(id, telegram_bot_token, recognize, attempt + 1)\n           ^^^^^^^^^^^^^^^^^^^^^^^^^^^^^^^^^^^^^^^^^^^^^^^^^^^^^^^^^^^^^^^^^^^^^^^^^^^^^^^\n  File \"/home/mediabot/features/youtube/model.py\", line 36, in download_telegram\n    raise Exception(\"Max attempts reached\")\nException: Max attempts reached\n"}
{"timestamp": "2025-05-17T10:04:58.953543Z", "level": "DEBUG", "instance": "@EDU_ArabicBot", "action": "UPDATE", "update": "{\"update_id\": 431473840, \"message\": {\"message_id\": 1078, \"from\": {\"id\": 5700964012, \"is_bot\": false, \"first_name\": \"Abduvohid Abdujalilov\", \"username\": \"abduvohid_dev\", \"language_code\": \"en\"}, \"chat\": {\"id\": 5700964012, \"first_name\": \"Abduvohid Abdujalilov\", \"username\": \"abduvohid_dev\", \"type\": \"private\"}, \"date\": 1747476298, \"text\": \"https://youtu.be/8K0OlsbeLPo?si=HB_kEpIW21WlszpD\", \"entities\": [{\"offset\": 0, \"length\": 48, \"type\": \"url\"}], \"link_preview_options\": {\"url\": \"https://youtu.be/8K0OlsbeLPo?si=HB_kEpIW21WlszpD\"}}}"}
{"timestamp": "2025-05-17T10:04:59.160545Z", "level": "INFO", "instance": "@EDU_ArabicBot", "action": "YOUTUBE_LINK", "chat_id": 5700964012, "user_id": 5700964012, "link": "https://youtu.be/8K0OlsbeLPo?si=HB_kEpIW21WlszpD"}
{"timestamp": "2025-05-17T10:05:01.726418Z", "level": "DEBUG", "instance": "@EDU_ArabicBot", "action": "UPDATE", "update": "{\"update_id\": 431473841, \"callback_query\": {\"id\": \"6038709917118501266\", \"from\": {\"id\": 5700964012, \"is_bot\": false, \"first_name\": \"Abduvohid Abdujalilov\", \"username\": \"abduvohid_dev\", \"language_code\": \"en\"}, \"message\": {\"message_id\": 1079, \"from\": {\"id\": 8098660158, \"is_bot\": true, \"first_name\": \"EduArabic\", \"username\": \"EDU_ArabicBot\"}, \"chat\": {\"id\": 5700964012, \"first_name\": \"Abduvohid Abdujalilov\", \"username\": \"abduvohid_dev\", \"type\": \"private\"}, \"date\": 1747476299, \"photo\": [{\"file_id\": \"AgACAgQAAxkDAAIEN2goX0tJtih23s8P-Lfv1KwzXlY6AAIxrTEb3XY8Uvq0qkMI7hX8AQADAgADcwADNgQ\", \"file_unique_id\": \"AQADMa0xG912PFJ4\", \"file_size\": 972, \"width\": 90, \"height\": 67}, {\"file_id\": \"AgACAgQAAxkDAAIEN2goX0tJtih23s8P-Lfv1KwzXlY6AAIxrTEb3XY8Uvq0qkMI7hX8AQADAgADbQADNgQ\", \"file_unique_id\": \"AQADMa0xG912PFJy\", \"file_size\": 8782, \"width\": 320, \"height\": 240}, {\"file_id\": \"AgACAgQAAxkDAAIEN2goX0tJtih23s8P-Lfv1KwzXlY6AAIxrTEb3XY8Uvq0qkMI7hX8AQADAgADeAADNgQ\", \"file_unique_id\": \"AQADMa0xG912PFJ9\", \"file_size\": 20296, \"width\": 640, \"height\": 480}], \"reply_markup\": {\"inline_keyboard\": [[{\"text\": \"\\ud83c\\udf9e Video\", \"callback_data\": \"youtube_video_download_8K0OlsbeLPo\"}, {\"text\": \"\\ud83c\\udfa7 Audio\", \"callback_data\": \"track_download_8K0OlsbeLPo\"}]]}}, \"chat_instance\": \"1528666451426664229\", \"data\": \"youtube_video_download_8K0OlsbeLPo\"}}"}
{"timestamp": "2025-05-17T10:06:08.866632Z", "level": "DEBUG", "instance": "@EDU_ArabicBot", "action": "UPDATE", "update": "{\"update_id\": 431473842, \"message\": {\"message_id\": 1081, \"from\": {\"id\": 5700964012, \"is_bot\": false, \"first_name\": \"Abduvohid Abdujalilov\", \"username\": \"abduvohid_dev\", \"language_code\": \"en\"}, \"chat\": {\"id\": 5700964012, \"first_name\": \"Abduvohid Abdujalilov\", \"username\": \"abduvohid_dev\", \"type\": \"private\"}, \"date\": 1747476368, \"text\": \"https://youtube.com/shorts/gokqotvspBM?si=3o4xfn89mykUpbW6\", \"entities\": [{\"offset\": 0, \"length\": 58, \"type\": \"url\"}], \"link_preview_options\": {\"url\": \"https://youtube.com/shorts/gokqotvspBM?si=3o4xfn89mykUpbW6\"}}}"}
{"timestamp": "2025-05-17T10:06:12.160921Z", "level": "ERROR", "instance": "@EDU_ArabicBot", "action": "YOUTUBE_VIDEO_FAILED", "chat_id": 5700964012, "user_id": 5700964012, "id": "8K0OlsbeLPo", "stack_trace": "Traceback (most recent call last):\n  File \"/home/mediabot/features/youtube/model.py\", line 32, in download_telegram\n    return (json_response[\"file_id\"], json_response[\"recognize_result\"],)\n            ~~~~~~~~~~~~~^^^^^^^^^^^\nKeyError: 'file_id'\n\nDuring handling of the above exception, another exception occurred:\n\nTraceback (most recent call last):\n  File \"/home/mediabot/features/youtube/model.py\", line 32, in download_telegram\n    return (json_response[\"file_id\"], json_response[\"recognize_result\"],)\n            ~~~~~~~~~~~~~^^^^^^^^^^^\nKeyError: 'file_id'\n\nDuring handling of the above exception, another exception occurred:\n\nTraceback (most recent call last):\n  File \"/home/mediabot/features/youtube/model.py\", line 32, in download_telegram\n    return (json_response[\"file_id\"], json_response[\"recognize_result\"],)\n            ~~~~~~~~~~~~~^^^^^^^^^^^\nKeyError: 'file_id'\n\nDuring handling of the above exception, another exception occurred:\n\nTraceback (most recent call last):\n  File \"/home/mediabot/features/youtube/model.py\", line 32, in download_telegram\n    return (json_response[\"file_id\"], json_response[\"recognize_result\"],)\n            ~~~~~~~~~~~~~^^^^^^^^^^^\nKeyError: 'file_id'\n\nDuring handling of the above exception, another exception occurred:\n\nTraceback (most recent call last):\n  File \"/home/mediabot/features/youtube/handlers.py\", line 115, in _youtube_video_download\n    (file_id, recognize_result,) = await YouTube.download_telegram(id, context.instance.token, recognize=recognize)\n                                   ^^^^^^^^^^^^^^^^^^^^^^^^^^^^^^^^^^^^^^^^^^^^^^^^^^^^^^^^^^^^^^^^^^^^^^^^^^^^^^^^\n  File \"/home/mediabot/features/youtube/model.py\", line 35, in download_telegram\n    return await YouTube.download_telegram(id, telegram_bot_token, recognize, attempt + 1)\n           ^^^^^^^^^^^^^^^^^^^^^^^^^^^^^^^^^^^^^^^^^^^^^^^^^^^^^^^^^^^^^^^^^^^^^^^^^^^^^^^\n  File \"/home/mediabot/features/youtube/model.py\", line 35, in download_telegram\n    return await YouTube.download_telegram(id, telegram_bot_token, recognize, attempt + 1)\n           ^^^^^^^^^^^^^^^^^^^^^^^^^^^^^^^^^^^^^^^^^^^^^^^^^^^^^^^^^^^^^^^^^^^^^^^^^^^^^^^\n  File \"/home/mediabot/features/youtube/model.py\", line 35, in download_telegram\n    return await YouTube.download_telegram(id, telegram_bot_token, recognize, attempt + 1)\n           ^^^^^^^^^^^^^^^^^^^^^^^^^^^^^^^^^^^^^^^^^^^^^^^^^^^^^^^^^^^^^^^^^^^^^^^^^^^^^^^\n  File \"/home/mediabot/features/youtube/model.py\", line 36, in download_telegram\n    raise Exception(\"Max attempts reached\")\nException: Max attempts reached\n"}
{"timestamp": "2025-05-17T10:07:03.964461Z", "level": "ERROR", "instance": "@EDU_ArabicBot", "action": "YOUTUBE_VIDEO_FAILED", "chat_id": 5700964012, "user_id": 5700964012, "id": "gokqotvspBM", "stack_trace": "Traceback (most recent call last):\n  File \"/home/mediabot/features/youtube/model.py\", line 32, in download_telegram\n    return (json_response[\"file_id\"], json_response[\"recognize_result\"],)\n            ~~~~~~~~~~~~~^^^^^^^^^^^\nKeyError: 'file_id'\n\nDuring handling of the above exception, another exception occurred:\n\nTraceback (most recent call last):\n  File \"/home/mediabot/features/youtube/model.py\", line 32, in download_telegram\n    return (json_response[\"file_id\"], json_response[\"recognize_result\"],)\n            ~~~~~~~~~~~~~^^^^^^^^^^^\nKeyError: 'file_id'\n\nDuring handling of the above exception, another exception occurred:\n\nTraceback (most recent call last):\n  File \"/home/mediabot/features/youtube/model.py\", line 32, in download_telegram\n    return (json_response[\"file_id\"], json_response[\"recognize_result\"],)\n            ~~~~~~~~~~~~~^^^^^^^^^^^\nKeyError: 'file_id'\n\nDuring handling of the above exception, another exception occurred:\n\nTraceback (most recent call last):\n  File \"/home/mediabot/features/youtube/model.py\", line 32, in download_telegram\n    return (json_response[\"file_id\"], json_response[\"recognize_result\"],)\n            ~~~~~~~~~~~~~^^^^^^^^^^^\nKeyError: 'file_id'\n\nDuring handling of the above exception, another exception occurred:\n\nTraceback (most recent call last):\n  File \"/home/mediabot/features/youtube/handlers.py\", line 115, in _youtube_video_download\n    (file_id, recognize_result,) = await YouTube.download_telegram(id, context.instance.token, recognize=recognize)\n                                   ^^^^^^^^^^^^^^^^^^^^^^^^^^^^^^^^^^^^^^^^^^^^^^^^^^^^^^^^^^^^^^^^^^^^^^^^^^^^^^^^\n  File \"/home/mediabot/features/youtube/model.py\", line 35, in download_telegram\n    return await YouTube.download_telegram(id, telegram_bot_token, recognize, attempt + 1)\n           ^^^^^^^^^^^^^^^^^^^^^^^^^^^^^^^^^^^^^^^^^^^^^^^^^^^^^^^^^^^^^^^^^^^^^^^^^^^^^^^\n  File \"/home/mediabot/features/youtube/model.py\", line 35, in download_telegram\n    return await YouTube.download_telegram(id, telegram_bot_token, recognize, attempt + 1)\n           ^^^^^^^^^^^^^^^^^^^^^^^^^^^^^^^^^^^^^^^^^^^^^^^^^^^^^^^^^^^^^^^^^^^^^^^^^^^^^^^\n  File \"/home/mediabot/features/youtube/model.py\", line 35, in download_telegram\n    return await YouTube.download_telegram(id, telegram_bot_token, recognize, attempt + 1)\n           ^^^^^^^^^^^^^^^^^^^^^^^^^^^^^^^^^^^^^^^^^^^^^^^^^^^^^^^^^^^^^^^^^^^^^^^^^^^^^^^\n  File \"/home/mediabot/features/youtube/model.py\", line 36, in download_telegram\n    raise Exception(\"Max attempts reached\")\nException: Max attempts reached\n"}
{"timestamp": "2025-05-17T10:07:04.088782Z", "level": "INFO", "instance": "@EDU_ArabicBot", "action": "YOUTUBE_LINK", "chat_id": 5700964012, "user_id": 5700964012, "link": "https://youtube.com/shorts/gokqotvspBM?si=3o4xfn89mykUpbW6"}
{"timestamp": "2025-05-17T10:07:40.949827Z", "level": "DEBUG", "instance": "@EDU_ArabicBot", "action": "UPDATE", "update": "{\"update_id\": 431473843, \"message\": {\"message_id\": 1085, \"from\": {\"id\": 5700964012, \"is_bot\": false, \"first_name\": \"Abduvohid Abdujalilov\", \"username\": \"abduvohid_dev\", \"language_code\": \"en\"}, \"chat\": {\"id\": 5700964012, \"first_name\": \"Abduvohid Abdujalilov\", \"username\": \"abduvohid_dev\", \"type\": \"private\"}, \"date\": 1747476460, \"text\": \"https://youtube.com/shorts/gokqotvspBM?si=3o4xfn89mykUpbW6\", \"entities\": [{\"offset\": 0, \"length\": 58, \"type\": \"url\"}], \"link_preview_options\": {\"url\": \"https://youtube.com/shorts/gokqotvspBM?si=3o4xfn89mykUpbW6\"}}}"}
{"timestamp": "2025-05-17T10:08:24.595526Z", "level": "ERROR", "instance": "@EDU_ArabicBot", "action": "YOUTUBE_VIDEO_FAILED", "chat_id": 5700964012, "user_id": 5700964012, "id": "gokqotvspBM", "stack_trace": "Traceback (most recent call last):\n  File \"/home/mediabot/features/youtube/model.py\", line 32, in download_telegram\n    return (json_response[\"file_id\"], json_response[\"recognize_result\"],)\n            ~~~~~~~~~~~~~^^^^^^^^^^^\nKeyError: 'file_id'\n\nDuring handling of the above exception, another exception occurred:\n\nTraceback (most recent call last):\n  File \"/home/mediabot/features/youtube/model.py\", line 32, in download_telegram\n    return (json_response[\"file_id\"], json_response[\"recognize_result\"],)\n            ~~~~~~~~~~~~~^^^^^^^^^^^\nKeyError: 'file_id'\n\nDuring handling of the above exception, another exception occurred:\n\nTraceback (most recent call last):\n  File \"/home/mediabot/features/youtube/model.py\", line 32, in download_telegram\n    return (json_response[\"file_id\"], json_response[\"recognize_result\"],)\n            ~~~~~~~~~~~~~^^^^^^^^^^^\nKeyError: 'file_id'\n\nDuring handling of the above exception, another exception occurred:\n\nTraceback (most recent call last):\n  File \"/home/mediabot/features/youtube/model.py\", line 32, in download_telegram\n    return (json_response[\"file_id\"], json_response[\"recognize_result\"],)\n            ~~~~~~~~~~~~~^^^^^^^^^^^\nKeyError: 'file_id'\n\nDuring handling of the above exception, another exception occurred:\n\nTraceback (most recent call last):\n  File \"/home/mediabot/features/youtube/handlers.py\", line 115, in _youtube_video_download\n    (file_id, recognize_result,) = await YouTube.download_telegram(id, context.instance.token, recognize=recognize)\n                                   ^^^^^^^^^^^^^^^^^^^^^^^^^^^^^^^^^^^^^^^^^^^^^^^^^^^^^^^^^^^^^^^^^^^^^^^^^^^^^^^^\n  File \"/home/mediabot/features/youtube/model.py\", line 35, in download_telegram\n    return await YouTube.download_telegram(id, telegram_bot_token, recognize, attempt + 1)\n           ^^^^^^^^^^^^^^^^^^^^^^^^^^^^^^^^^^^^^^^^^^^^^^^^^^^^^^^^^^^^^^^^^^^^^^^^^^^^^^^\n  File \"/home/mediabot/features/youtube/model.py\", line 35, in download_telegram\n    return await YouTube.download_telegram(id, telegram_bot_token, recognize, attempt + 1)\n           ^^^^^^^^^^^^^^^^^^^^^^^^^^^^^^^^^^^^^^^^^^^^^^^^^^^^^^^^^^^^^^^^^^^^^^^^^^^^^^^\n  File \"/home/mediabot/features/youtube/model.py\", line 35, in download_telegram\n    return await YouTube.download_telegram(id, telegram_bot_token, recognize, attempt + 1)\n           ^^^^^^^^^^^^^^^^^^^^^^^^^^^^^^^^^^^^^^^^^^^^^^^^^^^^^^^^^^^^^^^^^^^^^^^^^^^^^^^\n  File \"/home/mediabot/features/youtube/model.py\", line 36, in download_telegram\n    raise Exception(\"Max attempts reached\")\nException: Max attempts reached\n"}
{"timestamp": "2025-05-17T10:08:24.761597Z", "level": "INFO", "instance": "@EDU_ArabicBot", "action": "YOUTUBE_LINK", "chat_id": 5700964012, "user_id": 5700964012, "link": "https://youtube.com/shorts/gokqotvspBM?si=3o4xfn89mykUpbW6"}
{"timestamp": "2025-05-17T10:30:25.954672Z", "level": "DEBUG", "instance": "@EDU_ArabicBot", "action": "UPDATE", "update": "{\"update_id\": 431473844, \"message\": {\"message_id\": 1089, \"from\": {\"id\": 5700964012, \"is_bot\": false, \"first_name\": \"Abduvohid Abdujalilov\", \"username\": \"abduvohid_dev\", \"language_code\": \"en\"}, \"chat\": {\"id\": 5700964012, \"first_name\": \"Abduvohid Abdujalilov\", \"username\": \"abduvohid_dev\", \"type\": \"private\"}, \"date\": 1747477825, \"text\": \"/S\", \"entities\": [{\"offset\": 0, \"length\": 2, \"type\": \"bot_command\"}]}}"}
{"timestamp": "2025-05-17T10:30:35.578411Z", "level": "DEBUG", "instance": "@EDU_ArabicBot", "action": "UPDATE", "update": "{\"update_id\": 431473845, \"message\": {\"message_id\": 1090, \"from\": {\"id\": 5700964012, \"is_bot\": false, \"first_name\": \"Abduvohid Abdujalilov\", \"username\": \"abduvohid_dev\", \"language_code\": \"en\"}, \"chat\": {\"id\": 5700964012, \"first_name\": \"Abduvohid Abdujalilov\", \"username\": \"abduvohid_dev\", \"type\": \"private\"}, \"date\": 1747477835, \"text\": \"/control_panel\", \"entities\": [{\"offset\": 0, \"length\": 14, \"type\": \"bot_command\"}]}}"}
{"timestamp": "2025-05-17T10:30:45.799083Z", "level": "DEBUG", "instance": "@EDU_ArabicBot", "action": "UPDATE", "update": "{\"update_id\": 431473846, \"message\": {\"message_id\": 1092, \"from\": {\"id\": 5700964012, \"is_bot\": false, \"first_name\": \"Abduvohid Abdujalilov\", \"username\": \"abduvohid_dev\", \"language_code\": \"en\"}, \"chat\": {\"id\": 5700964012, \"first_name\": \"Abduvohid Abdujalilov\", \"username\": \"abduvohid_dev\", \"type\": \"private\"}, \"date\": 1747477845, \"text\": \"/set_bot_name\", \"entities\": [{\"offset\": 0, \"length\": 13, \"type\": \"bot_command\"}]}}"}
{"timestamp": "2025-05-17T10:30:45.807489Z", "level": "ERROR", "instance": "@EDU_ArabicBot", "action": "UNKNOWN_ERROR", "stack_trace": "Traceback (most recent call last):\n  File \"/usr/local/lib/python3.12/site-packages/telegram/ext/_application.py\", line 1264, in process_update\n    await coroutine\n  File \"/usr/local/lib/python3.12/site-packages/telegram/ext/_handlers/basehandler.py\", line 157, in handle_update\n    return await self.callback(update, context)\n           ^^^^^^^^^^^^^^^^^^^^^^^^^^^^^^^^^^^^\n  File \"/home/mediabot/decorators.py\", line 15, in wrapped\n    return await func(update, context, *args, **kwargs)\n           ^^^^^^^^^^^^^^^^^^^^^^^^^^^^^^^^^^^^^^^^^^^^\n  File \"/home/mediabot/features/control_panel/handlers.py\", line 72, in control_panel_handle_set_bot_name_command\n    assert update.message and context.args and len(context.args) == 2\n           ^^^^^^^^^^^^^^^^^^^^^^^^^^^^^^^^^^^^^^^^^^^^^^^^^^^^^^^^^^\nAssertionError\n"}
{"timestamp": "2025-05-17T10:30:58.128334Z", "level": "DEBUG", "instance": "@EDU_ArabicBot", "action": "UPDATE", "update": "{\"update_id\": 431473847, \"message\": {\"message_id\": 1093, \"from\": {\"id\": 5700964012, \"is_bot\": false, \"first_name\": \"Abduvohid Abdujalilov\", \"username\": \"abduvohid_dev\", \"language_code\": \"en\"}, \"chat\": {\"id\": 5700964012, \"first_name\": \"Abduvohid Abdujalilov\", \"username\": \"abduvohid_dev\", \"type\": \"private\"}, \"date\": 1747477858, \"text\": \"/set_admin\", \"entities\": [{\"offset\": 0, \"length\": 10, \"type\": \"bot_command\"}]}}"}
{"timestamp": "2025-05-17T10:30:58.132577Z", "level": "ERROR", "instance": "@EDU_ArabicBot", "action": "UNKNOWN_ERROR", "stack_trace": "Traceback (most recent call last):\n  File \"/usr/local/lib/python3.12/site-packages/telegram/ext/_application.py\", line 1264, in process_update\n    await coroutine\n  File \"/usr/local/lib/python3.12/site-packages/telegram/ext/_handlers/basehandler.py\", line 157, in handle_update\n    return await self.callback(update, context)\n           ^^^^^^^^^^^^^^^^^^^^^^^^^^^^^^^^^^^^\n  File \"/home/mediabot/decorators.py\", line 15, in wrapped\n    return await func(update, context, *args, **kwargs)\n           ^^^^^^^^^^^^^^^^^^^^^^^^^^^^^^^^^^^^^^^^^^^^\n  File \"/home/mediabot/features/control_panel/handlers.py\", line 89, in control_panel_handle_set_admin_command\n    assert update.message and context.args and len(context.args) == 1 and context.args[0].isnumeric()\n           ^^^^^^^^^^^^^^^^^^^^^^^^^^^^^^^^^^^^^^^^^^^^^^^^^^^^^^^^^^^^^^^^^^^^^^^^^^^^^^^^^^^^^^^^^^\nAssertionError\n"}
{"timestamp": "2025-05-17T10:32:59.888017Z", "level": "DEBUG", "instance": "@EDU_ArabicBot", "action": "UPDATE", "update": "{\"update_id\": 431473848, \"message\": {\"message_id\": 1094, \"from\": {\"id\": 5700964012, \"is_bot\": false, \"first_name\": \"Abduvohid Abdujalilov\", \"username\": \"abduvohid_dev\", \"language_code\": \"en\"}, \"chat\": {\"id\": 5700964012, \"first_name\": \"Abduvohid Abdujalilov\", \"username\": \"abduvohid_dev\", \"type\": \"private\"}, \"date\": 1747477979, \"text\": \"/control_panel\", \"entities\": [{\"offset\": 0, \"length\": 14, \"type\": \"bot_command\"}]}}"}
{"timestamp": "2025-05-17T10:33:30.317742Z", "level": "DEBUG", "instance": "@EDU_ArabicBot", "action": "UPDATE", "update": "{\"update_id\": 431473849, \"callback_query\": {\"id\": \"6038709914846555031\", \"from\": {\"id\": 5700964012, \"is_bot\": false, \"first_name\": \"Abduvohid Abdujalilov\", \"username\": \"abduvohid_dev\", \"language_code\": \"en\"}, \"message\": {\"message_id\": 1095, \"from\": {\"id\": 8098660158, \"is_bot\": true, \"first_name\": \"EduArabic\", \"username\": \"EDU_ArabicBot\"}, \"chat\": {\"id\": 5700964012, \"first_name\": \"Abduvohid Abdujalilov\", \"username\": \"abduvohid_dev\", \"type\": \"private\"}, \"date\": 1747477979, \"text\": \"Welcome to the control panel!\\n\\nCommands:\\n/set_admin - Set account as admin (/set_admin 12345)\\n/unset_admin - Unset account as admin (/unset_admin 12345)\\n/set_bot_name - Set bot name (/set_bot_name en MYBOT or /set_bot_name all MYBOT)\", \"entities\": [{\"offset\": 31, \"length\": 8, \"type\": \"bold\"}, {\"offset\": 41, \"length\": 10, \"type\": \"bot_command\"}, {\"offset\": 76, \"length\": 16, \"type\": \"code\"}, {\"offset\": 94, \"length\": 12, \"type\": \"bot_command\"}, {\"offset\": 133, \"length\": 18, \"type\": \"code\"}, {\"offset\": 153, \"length\": 13, \"type\": \"bot_command\"}, {\"offset\": 183, \"length\": 22, \"type\": \"code\"}, {\"offset\": 209, \"length\": 23, \"type\": \"code\"}], \"reply_markup\": {\"inline_keyboard\": [[{\"text\": \"\\ud83d\\udcd1\\ufe0f Advertisements (0)\", \"callback_data\": \"advertisement\"}, {\"text\": \"\\ud83d\\udcef\\ufe0f Broadcasts (0)\", \"callback_data\": \"broadcast\"}], [{\"text\": \"\\ud83d\\uddc3 Commands (0)\", \"callback_data\": \"command\"}, {\"text\": \"\\ud83d\\udc64 Join requests (0)\", \"callback_data\": \"join_requests\"}], [{\"text\": \"\\ud83d\\udde3 Languages (0)\", \"callback_data\": \"language\"}, {\"text\": \"\\ud83d\\udeaa Required joins (0)\", \"callback_data\": \"required_join\"}], [{\"text\": \"\\ud83e\\uddf5 Referrals (0)\", \"callback_data\": \"referral\"}, {\"text\": \"\\ud83d\\udcca Statistics\", \"callback_data\": \"statistics\"}]]}}, \"chat_instance\": \"1528666451426664229\", \"data\": \"command\"}}"}
{"timestamp": "2025-05-17T10:33:31.916093Z", "level": "DEBUG", "instance": "@EDU_ArabicBot", "action": "UPDATE", "update": "{\"update_id\": 431473850, \"callback_query\": {\"id\": \"6038709915149493326\", \"from\": {\"id\": 5700964012, \"is_bot\": false, \"first_name\": \"Abduvohid Abdujalilov\", \"username\": \"abduvohid_dev\", \"language_code\": \"en\"}, \"message\": {\"message_id\": 1095, \"from\": {\"id\": 8098660158, \"is_bot\": true, \"first_name\": \"EduArabic\", \"username\": \"EDU_ArabicBot\"}, \"chat\": {\"id\": 5700964012, \"first_name\": \"Abduvohid Abdujalilov\", \"username\": \"abduvohid_dev\", \"type\": \"private\"}, \"date\": 1747477979, \"text\": \"Welcome to the control panel!\\n\\nCommands:\\n/set_admin - Set account as admin (/set_admin 12345)\\n/unset_admin - Unset account as admin (/unset_admin 12345)\\n/set_bot_name - Set bot name (/set_bot_name en MYBOT or /set_bot_name all MYBOT)\", \"entities\": [{\"offset\": 31, \"length\": 8, \"type\": \"bold\"}, {\"offset\": 41, \"length\": 10, \"type\": \"bot_command\"}, {\"offset\": 76, \"length\": 16, \"type\": \"code\"}, {\"offset\": 94, \"length\": 12, \"type\": \"bot_command\"}, {\"offset\": 133, \"length\": 18, \"type\": \"code\"}, {\"offset\": 153, \"length\": 13, \"type\": \"bot_command\"}, {\"offset\": 183, \"length\": 22, \"type\": \"code\"}, {\"offset\": 209, \"length\": 23, \"type\": \"code\"}], \"reply_markup\": {\"inline_keyboard\": [[{\"text\": \"\\ud83d\\udcd1\\ufe0f Advertisements (0)\", \"callback_data\": \"advertisement\"}, {\"text\": \"\\ud83d\\udcef\\ufe0f Broadcasts (0)\", \"callback_data\": \"broadcast\"}], [{\"text\": \"\\ud83d\\uddc3 Commands (0)\", \"callback_data\": \"command\"}, {\"text\": \"\\ud83d\\udc64 Join requests (0)\", \"callback_data\": \"join_requests\"}], [{\"text\": \"\\ud83d\\udde3 Languages (0)\", \"callback_data\": \"language\"}, {\"text\": \"\\ud83d\\udeaa Required joins (0)\", \"callback_data\": \"required_join\"}], [{\"text\": \"\\ud83e\\uddf5 Referrals (0)\", \"callback_data\": \"referral\"}, {\"text\": \"\\ud83d\\udcca Statistics\", \"callback_data\": \"statistics\"}]]}}, \"chat_instance\": \"1528666451426664229\", \"data\": \"join_requests\"}}"}
{"timestamp": "2025-05-17T10:36:27.657329Z", "level": "DEBUG", "instance": "@EDU_ArabicBot", "action": "UPDATE", "update": "{\"update_id\": 431473851, \"message\": {\"message_id\": 1096, \"from\": {\"id\": 5700964012, \"is_bot\": false, \"first_name\": \"Abduvohid Abdujalilov\", \"username\": \"abduvohid_dev\", \"language_code\": \"en\"}, \"chat\": {\"id\": 5700964012, \"first_name\": \"Abduvohid Abdujalilov\", \"username\": \"abduvohid_dev\", \"type\": \"private\"}, \"date\": 1747478187, \"text\": \"/start\", \"entities\": [{\"offset\": 0, \"length\": 6, \"type\": \"bot_command\"}]}}"}
{"timestamp": "2025-05-17T10:36:29.612197Z", "level": "DEBUG", "instance": "@EDU_ArabicBot", "action": "UPDATE", "update": "{\"update_id\": 431473852, \"message\": {\"message_id\": 1097, \"from\": {\"id\": 5700964012, \"is_bot\": false, \"first_name\": \"Abduvohid Abdujalilov\", \"username\": \"abduvohid_dev\", \"language_code\": \"en\"}, \"chat\": {\"id\": 5700964012, \"first_name\": \"Abduvohid Abdujalilov\", \"username\": \"abduvohid_dev\", \"type\": \"private\"}, \"date\": 1747478189, \"text\": \"/start\", \"entities\": [{\"offset\": 0, \"length\": 6, \"type\": \"bot_command\"}]}}"}
{"timestamp": "2025-05-17T10:36:30.078620Z", "level": "DEBUG", "instance": "@EDU_ArabicBot", "action": "UPDATE", "update": "{\"update_id\": 431473853, \"message\": {\"message_id\": 1098, \"from\": {\"id\": 5700964012, \"is_bot\": false, \"first_name\": \"Abduvohid Abdujalilov\", \"username\": \"abduvohid_dev\", \"language_code\": \"en\"}, \"chat\": {\"id\": 5700964012, \"first_name\": \"Abduvohid Abdujalilov\", \"username\": \"abduvohid_dev\", \"type\": \"private\"}, \"date\": 1747478190, \"text\": \"/start\", \"entities\": [{\"offset\": 0, \"length\": 6, \"type\": \"bot_command\"}]}}"}
{"timestamp": "2025-05-17T10:36:30.581994Z", "level": "DEBUG", "instance": "@EDU_ArabicBot", "action": "UPDATE", "update": "{\"update_id\": 431473854, \"message\": {\"message_id\": 1099, \"from\": {\"id\": 5700964012, \"is_bot\": false, \"first_name\": \"Abduvohid Abdujalilov\", \"username\": \"abduvohid_dev\", \"language_code\": \"en\"}, \"chat\": {\"id\": 5700964012, \"first_name\": \"Abduvohid Abdujalilov\", \"username\": \"abduvohid_dev\", \"type\": \"private\"}, \"date\": 1747478190, \"text\": \"/start\", \"entities\": [{\"offset\": 0, \"length\": 6, \"type\": \"bot_command\"}]}}"}
{"timestamp": "2025-05-17T10:36:31.095422Z", "level": "DEBUG", "instance": "@EDU_ArabicBot", "action": "UPDATE", "update": "{\"update_id\": 431473855, \"message\": {\"message_id\": 1100, \"from\": {\"id\": 5700964012, \"is_bot\": false, \"first_name\": \"Abduvohid Abdujalilov\", \"username\": \"abduvohid_dev\", \"language_code\": \"en\"}, \"chat\": {\"id\": 5700964012, \"first_name\": \"Abduvohid Abdujalilov\", \"username\": \"abduvohid_dev\", \"type\": \"private\"}, \"date\": 1747478191, \"text\": \"/start\", \"entities\": [{\"offset\": 0, \"length\": 6, \"type\": \"bot_command\"}]}}"}
{"timestamp": "2025-05-17T10:36:32.950258Z", "level": "DEBUG", "instance": "@EDU_ArabicBot", "action": "UPDATE", "update": "{\"update_id\": 431473856, \"message\": {\"message_id\": 1101, \"from\": {\"id\": 5700964012, \"is_bot\": false, \"first_name\": \"Abduvohid Abdujalilov\", \"username\": \"abduvohid_dev\", \"language_code\": \"en\"}, \"chat\": {\"id\": 5700964012, \"first_name\": \"Abduvohid Abdujalilov\", \"username\": \"abduvohid_dev\", \"type\": \"private\"}, \"date\": 1747478192, \"text\": \"/start\", \"entities\": [{\"offset\": 0, \"length\": 6, \"type\": \"bot_command\"}]}}"}
{"timestamp": "2025-05-17T10:36:50.561156Z", "level": "DEBUG", "instance": "@EDU_ArabicBot", "action": "UPDATE", "update": "{\"update_id\": 431473857, \"message\": {\"message_id\": 1102, \"from\": {\"id\": 5700964012, \"is_bot\": false, \"first_name\": \"Abduvohid Abdujalilov\", \"username\": \"abduvohid_dev\", \"language_code\": \"en\"}, \"chat\": {\"id\": 5700964012, \"first_name\": \"Abduvohid Abdujalilov\", \"username\": \"abduvohid_dev\", \"type\": \"private\"}, \"date\": 1747478210, \"text\": \"/control_panel\", \"entities\": [{\"offset\": 0, \"length\": 14, \"type\": \"bot_command\"}]}}"}
{"timestamp": "2025-05-17T10:36:51.902171Z", "level": "DEBUG", "instance": "@EDU_ArabicBot", "action": "UPDATE", "update": "{\"update_id\": 431473858, \"callback_query\": {\"id\": \"6038709916815014184\", \"from\": {\"id\": 5700964012, \"is_bot\": false, \"first_name\": \"Abduvohid Abdujalilov\", \"username\": \"abduvohid_dev\", \"language_code\": \"en\"}, \"message\": {\"message_id\": 1103, \"from\": {\"id\": 8098660158, \"is_bot\": true, \"first_name\": \"EduArabic\", \"username\": \"EDU_ArabicBot\"}, \"chat\": {\"id\": 5700964012, \"first_name\": \"Abduvohid Abdujalilov\", \"username\": \"abduvohid_dev\", \"type\": \"private\"}, \"date\": 1747478210, \"text\": \"Welcome to the control panel!\\n\\nCommands:\\n/set_admin - Set account as admin (/set_admin 12345)\\n/unset_admin - Unset account as admin (/unset_admin 12345)\\n/set_bot_name - Set bot name (/set_bot_name en MYBOT or /set_bot_name all MYBOT)\", \"entities\": [{\"offset\": 31, \"length\": 8, \"type\": \"bold\"}, {\"offset\": 41, \"length\": 10, \"type\": \"bot_command\"}, {\"offset\": 76, \"length\": 16, \"type\": \"code\"}, {\"offset\": 94, \"length\": 12, \"type\": \"bot_command\"}, {\"offset\": 133, \"length\": 18, \"type\": \"code\"}, {\"offset\": 153, \"length\": 13, \"type\": \"bot_command\"}, {\"offset\": 183, \"length\": 22, \"type\": \"code\"}, {\"offset\": 209, \"length\": 23, \"type\": \"code\"}], \"reply_markup\": {\"inline_keyboard\": [[{\"text\": \"\\ud83d\\udcd1\\ufe0f Advertisements (0)\", \"callback_data\": \"advertisement\"}, {\"text\": \"\\ud83d\\udcef\\ufe0f Broadcasts (0)\", \"callback_data\": \"broadcast\"}], [{\"text\": \"\\ud83d\\uddc3 Commands (1)\", \"callback_data\": \"command\"}, {\"text\": \"\\ud83d\\udc64 Join requests (0)\", \"callback_data\": \"join_requests\"}], [{\"text\": \"\\ud83d\\udde3 Languages (0)\", \"callback_data\": \"language\"}, {\"text\": \"\\ud83d\\udeaa Required joins (0)\", \"callback_data\": \"required_join\"}], [{\"text\": \"\\ud83e\\uddf5 Referrals (0)\", \"callback_data\": \"referral\"}, {\"text\": \"\\ud83d\\udcca Statistics\", \"callback_data\": \"statistics\"}]]}}, \"chat_instance\": \"1528666451426664229\", \"data\": \"command\"}}"}
{"timestamp": "2025-05-17T10:38:37.101019Z", "level": "DEBUG", "instance": "@EDU_ArabicBot", "action": "UPDATE", "update": "{\"update_id\": 431473859, \"message\": {\"message_id\": 1104, \"from\": {\"id\": 5700964012, \"is_bot\": false, \"first_name\": \"Abduvohid Abdujalilov\", \"username\": \"abduvohid_dev\", \"language_code\": \"en\"}, \"chat\": {\"id\": 5700964012, \"first_name\": \"Abduvohid Abdujalilov\", \"username\": \"abduvohid_dev\", \"type\": \"private\"}, \"date\": 1747478317, \"text\": \"/control_panel\", \"entities\": [{\"offset\": 0, \"length\": 14, \"type\": \"bot_command\"}]}}"}
{"timestamp": "2025-05-17T10:38:39.208671Z", "level": "DEBUG", "instance": "@EDU_ArabicBot", "action": "UPDATE", "update": "{\"update_id\": 431473860, \"callback_query\": {\"id\": \"6038709913670234845\", \"from\": {\"id\": 5700964012, \"is_bot\": false, \"first_name\": \"Abduvohid Abdujalilov\", \"username\": \"abduvohid_dev\", \"language_code\": \"en\"}, \"message\": {\"message_id\": 1105, \"from\": {\"id\": 8098660158, \"is_bot\": true, \"first_name\": \"EduArabic\", \"username\": \"EDU_ArabicBot\"}, \"chat\": {\"id\": 5700964012, \"first_name\": \"Abduvohid Abdujalilov\", \"username\": \"abduvohid_dev\", \"type\": \"private\"}, \"date\": 1747478317, \"text\": \"Welcome to the control panel!\\n\\nCommands:\\n/set_admin - Set account as admin (/set_admin 12345)\\n/unset_admin - Unset account as admin (/unset_admin 12345)\\n/set_bot_name - Set bot name (/set_bot_name en MYBOT or /set_bot_name all MYBOT)\", \"entities\": [{\"offset\": 31, \"length\": 8, \"type\": \"bold\"}, {\"offset\": 41, \"length\": 10, \"type\": \"bot_command\"}, {\"offset\": 76, \"length\": 16, \"type\": \"code\"}, {\"offset\": 94, \"length\": 12, \"type\": \"bot_command\"}, {\"offset\": 133, \"length\": 18, \"type\": \"code\"}, {\"offset\": 153, \"length\": 13, \"type\": \"bot_command\"}, {\"offset\": 183, \"length\": 22, \"type\": \"code\"}, {\"offset\": 209, \"length\": 23, \"type\": \"code\"}], \"reply_markup\": {\"inline_keyboard\": [[{\"text\": \"\\ud83d\\udcd1\\ufe0f Advertisements (0)\", \"callback_data\": \"advertisement\"}, {\"text\": \"\\ud83d\\udcef\\ufe0f Broadcasts (0)\", \"callback_data\": \"broadcast\"}], [{\"text\": \"\\ud83d\\uddc3 Commands (1)\", \"callback_data\": \"command\"}, {\"text\": \"\\ud83d\\udc64 Join requests (0)\", \"callback_data\": \"join_requests\"}], [{\"text\": \"\\ud83d\\udde3 Languages (0)\", \"callback_data\": \"language\"}, {\"text\": \"\\ud83d\\udeaa Required joins (0)\", \"callback_data\": \"required_join\"}], [{\"text\": \"\\ud83e\\uddf5 Referrals (0)\", \"callback_data\": \"referral\"}, {\"text\": \"\\ud83d\\udcca Statistics\", \"callback_data\": \"statistics\"}]]}}, \"chat_instance\": \"1528666451426664229\", \"data\": \"advertisement\"}}"}
{"timestamp": "2025-05-17T10:38:51.066846Z", "level": "DEBUG", "instance": "@EDU_ArabicBot", "action": "UPDATE", "update": "{\"update_id\": 431473861, \"message\": {\"message_id\": 1106, \"from\": {\"id\": 5700964012, \"is_bot\": false, \"first_name\": \"Abduvohid Abdujalilov\", \"username\": \"abduvohid_dev\", \"language_code\": \"en\"}, \"chat\": {\"id\": 5700964012, \"first_name\": \"Abduvohid Abdujalilov\", \"username\": \"abduvohid_dev\", \"type\": \"private\"}, \"date\": 1747478330, \"text\": \"/control_panel\", \"entities\": [{\"offset\": 0, \"length\": 14, \"type\": \"bot_command\"}]}}"}
{"timestamp": "2025-05-17T10:38:52.421292Z", "level": "DEBUG", "instance": "@EDU_ArabicBot", "action": "UPDATE", "update": "{\"update_id\": 431473862, \"message\": {\"message_id\": 1108, \"from\": {\"id\": 5700964012, \"is_bot\": false, \"first_name\": \"Abduvohid Abdujalilov\", \"username\": \"abduvohid_dev\", \"language_code\": \"en\"}, \"chat\": {\"id\": 5700964012, \"first_name\": \"Abduvohid Abdujalilov\", \"username\": \"abduvohid_dev\", \"type\": \"private\"}, \"date\": 1747478332, \"text\": \"/control_panel\", \"entities\": [{\"offset\": 0, \"length\": 14, \"type\": \"bot_command\"}]}}"}
{"timestamp": "2025-05-17T10:38:53.541833Z", "level": "DEBUG", "instance": "@EDU_ArabicBot", "action": "UPDATE", "update": "{\"update_id\": 431473863, \"callback_query\": {\"id\": \"6038709914930342378\", \"from\": {\"id\": 5700964012, \"is_bot\": false, \"first_name\": \"Abduvohid Abdujalilov\", \"username\": \"abduvohid_dev\", \"language_code\": \"en\"}, \"message\": {\"message_id\": 1109, \"from\": {\"id\": 8098660158, \"is_bot\": true, \"first_name\": \"EduArabic\", \"username\": \"EDU_ArabicBot\"}, \"chat\": {\"id\": 5700964012, \"first_name\": \"Abduvohid Abdujalilov\", \"username\": \"abduvohid_dev\", \"type\": \"private\"}, \"date\": 1747478332, \"text\": \"Welcome to the control panel!\\n\\nCommands:\\n/set_admin - Set account as admin (/set_admin 12345)\\n/unset_admin - Unset account as admin (/unset_admin 12345)\\n/set_bot_name - Set bot name (/set_bot_name en MYBOT or /set_bot_name all MYBOT)\", \"entities\": [{\"offset\": 31, \"length\": 8, \"type\": \"bold\"}, {\"offset\": 41, \"length\": 10, \"type\": \"bot_command\"}, {\"offset\": 76, \"length\": 16, \"type\": \"code\"}, {\"offset\": 94, \"length\": 12, \"type\": \"bot_command\"}, {\"offset\": 133, \"length\": 18, \"type\": \"code\"}, {\"offset\": 153, \"length\": 13, \"type\": \"bot_command\"}, {\"offset\": 183, \"length\": 22, \"type\": \"code\"}, {\"offset\": 209, \"length\": 23, \"type\": \"code\"}], \"reply_markup\": {\"inline_keyboard\": [[{\"text\": \"\\ud83d\\udcd1\\ufe0f Advertisements (0)\", \"callback_data\": \"advertisement\"}, {\"text\": \"\\ud83d\\udcef\\ufe0f Broadcasts (0)\", \"callback_data\": \"broadcast\"}], [{\"text\": \"\\ud83d\\uddc3 Commands (1)\", \"callback_data\": \"command\"}, {\"text\": \"\\ud83d\\udc64 Join requests (0)\", \"callback_data\": \"join_requests\"}], [{\"text\": \"\\ud83d\\udde3 Languages (0)\", \"callback_data\": \"language\"}, {\"text\": \"\\ud83d\\udeaa Required joins (0)\", \"callback_data\": \"required_join\"}], [{\"text\": \"\\ud83e\\uddf5 Referrals (0)\", \"callback_data\": \"referral\"}, {\"text\": \"\\ud83d\\udcca Statistics\", \"callback_data\": \"statistics\"}]]}}, \"chat_instance\": \"1528666451426664229\", \"data\": \"advertisement\"}}"}
{"timestamp": "2025-05-17T10:38:57.201627Z", "level": "DEBUG", "instance": "@EDU_ArabicBot", "action": "UPDATE", "update": "{\"update_id\": 431473864, \"callback_query\": {\"id\": \"6038709914508005060\", \"from\": {\"id\": 5700964012, \"is_bot\": false, \"first_name\": \"Abduvohid Abdujalilov\", \"username\": \"abduvohid_dev\", \"language_code\": \"en\"}, \"message\": {\"message_id\": 1109, \"from\": {\"id\": 8098660158, \"is_bot\": true, \"first_name\": \"EduArabic\", \"username\": \"EDU_ArabicBot\"}, \"chat\": {\"id\": 5700964012, \"first_name\": \"Abduvohid Abdujalilov\", \"username\": \"abduvohid_dev\", \"type\": \"private\"}, \"date\": 1747478332, \"edit_date\": 1747478333, \"text\": \"\\ud83d\\udcd1\\ufe0f Advertisements:\", \"entities\": [{\"offset\": 4, \"length\": 14, \"type\": \"bold\"}], \"reply_markup\": {\"inline_keyboard\": [[{\"text\": \"\\u2b05\\ufe0f Back\", \"callback_data\": \"control_panel\"}, {\"text\": \"\\ud83c\\udd95 Create\", \"callback_data\": \"advertisement_create\"}]]}}, \"chat_instance\": \"1528666451426664229\", \"data\": \"advertisement_create\"}}"}
{"timestamp": "2025-05-17T10:39:01.876519Z", "level": "DEBUG", "instance": "@EDU_ArabicBot", "action": "UPDATE", "update": "{\"update_id\": 431473865, \"message\": {\"message_id\": 1111, \"from\": {\"id\": 5700964012, \"is_bot\": false, \"first_name\": \"Abduvohid Abdujalilov\", \"username\": \"abduvohid_dev\", \"language_code\": \"en\"}, \"chat\": {\"id\": 5700964012, \"first_name\": \"Abduvohid Abdujalilov\", \"username\": \"abduvohid_dev\", \"type\": \"private\"}, \"date\": 1747478341, \"text\": \"Salom\"}}"}
{"timestamp": "2025-05-17T10:39:02.020306Z", "level": "DEBUG", "instance": "@EDU_ArabicBot", "action": "ADVERTISEMENT_CREATE", "advertisement_id": 1, "advertisement_name": "Salom", "user_id": 5700964012}
{"timestamp": "2025-05-17T10:39:18.309953Z", "level": "DEBUG", "instance": "@EDU_ArabicBot", "action": "UPDATE", "update": "{\"update_id\": 431473866, \"callback_query\": {\"id\": \"6038709914094788994\", \"from\": {\"id\": 5700964012, \"is_bot\": false, \"first_name\": \"Abduvohid Abdujalilov\", \"username\": \"abduvohid_dev\", \"language_code\": \"en\"}, \"message\": {\"message_id\": 1113, \"from\": {\"id\": 8098660158, \"is_bot\": true, \"first_name\": \"EduArabic\", \"username\": \"EDU_ArabicBot\"}, \"chat\": {\"id\": 5700964012, \"first_name\": \"Abduvohid Abdujalilov\", \"username\": \"abduvohid_dev\", \"type\": \"private\"}, \"date\": 1747478342, \"text\": \" 1) Salom \\n\\u2139\\ufe0f Kind: -\\n\\ud83d\\udc40 Views: 0\\n\\ud83d\\udcc5 Created at: 2025-05-17 15:39:01.880452\", \"entities\": [{\"offset\": 0, \"length\": 10, \"type\": \"strikethrough\"}, {\"offset\": 14, \"length\": 4, \"type\": \"bold\"}, {\"offset\": 25, \"length\": 5, \"type\": \"bold\"}, {\"offset\": 37, \"length\": 10, \"type\": \"bold\"}], \"reply_markup\": {\"inline_keyboard\": [[{\"text\": \"\\ud83d\\udd0c Enabled: No\", \"callback_data\": \"advertisement_is_enabled_toggle_1_0\"}, {\"text\": \"\\ud83d\\udd20 Kind: -\", \"callback_data\": \"advertisement_kind_toggle_1_0\"}], [{\"text\": \"\\u2709\\ufe0f Messages (0)\", \"callback_data\": \"messages_2_1\"}, {\"text\": \"\\ud83d\\uddd1 Delete\", \"callback_data\": \"advertisement_delete_1\"}], [{\"text\": \"\\u25c0 Back\", \"callback_data\": \"advertisement\"}, {\"text\": \"\\ud83d\\udc40 Clear views\", \"callback_data\": \"advertisement_message_seen_clear_1\"}]]}}, \"chat_instance\": \"1528666451426664229\", \"data\": \"advertisement_is_enabled_toggle_1_0\"}}"}
{"timestamp": "2025-05-17T10:39:19.733098Z", "level": "DEBUG", "instance": "@EDU_ArabicBot", "action": "UPDATE", "update": "{\"update_id\": 431473867, \"callback_query\": {\"id\": \"6038709915411932553\", \"from\": {\"id\": 5700964012, \"is_bot\": false, \"first_name\": \"Abduvohid Abdujalilov\", \"username\": \"abduvohid_dev\", \"language_code\": \"en\"}, \"message\": {\"message_id\": 1113, \"from\": {\"id\": 8098660158, \"is_bot\": true, \"first_name\": \"EduArabic\", \"username\": \"EDU_ArabicBot\"}, \"chat\": {\"id\": 5700964012, \"first_name\": \"Abduvohid Abdujalilov\", \"username\": \"abduvohid_dev\", \"type\": \"private\"}, \"date\": 1747478342, \"edit_date\": 1747478358, \"text\": \"1) Salom \\n\\u2139\\ufe0f Kind: -\\n\\ud83d\\udc40 Views: 0\\n\\ud83d\\udcc5 Created at: 2025-05-17 15:39:01.880452\", \"entities\": [{\"offset\": 13, \"length\": 4, \"type\": \"bold\"}, {\"offset\": 24, \"length\": 5, \"type\": \"bold\"}, {\"offset\": 36, \"length\": 10, \"type\": \"bold\"}], \"reply_markup\": {\"inline_keyboard\": [[{\"text\": \"\\ud83d\\udd0c Enabled: Yes\", \"callback_data\": \"advertisement_is_enabled_toggle_1_1\"}, {\"text\": \"\\ud83d\\udd20 Kind: -\", \"callback_data\": \"advertisement_kind_toggle_1_0\"}], [{\"text\": \"\\u2709\\ufe0f Messages (0)\", \"callback_data\": \"messages_2_1\"}, {\"text\": \"\\ud83d\\uddd1 Delete\", \"callback_data\": \"advertisement_delete_1\"}], [{\"text\": \"\\u25c0 Back\", \"callback_data\": \"advertisement\"}, {\"text\": \"\\ud83d\\udc40 Clear views\", \"callback_data\": \"advertisement_message_seen_clear_1\"}]]}}, \"chat_instance\": \"1528666451426664229\", \"data\": \"advertisement_is_enabled_toggle_1_1\"}}"}
{"timestamp": "2025-05-17T10:39:21.242368Z", "level": "DEBUG", "instance": "@EDU_ArabicBot", "action": "UPDATE", "update": "{\"update_id\": 431473868, \"callback_query\": {\"id\": \"6038709916735533544\", \"from\": {\"id\": 5700964012, \"is_bot\": false, \"first_name\": \"Abduvohid Abdujalilov\", \"username\": \"abduvohid_dev\", \"language_code\": \"en\"}, \"message\": {\"message_id\": 1113, \"from\": {\"id\": 8098660158, \"is_bot\": true, \"first_name\": \"EduArabic\", \"username\": \"EDU_ArabicBot\"}, \"chat\": {\"id\": 5700964012, \"first_name\": \"Abduvohid Abdujalilov\", \"username\": \"abduvohid_dev\", \"type\": \"private\"}, \"date\": 1747478342, \"edit_date\": 1747478360, \"text\": \" 1) Salom \\n\\u2139\\ufe0f Kind: -\\n\\ud83d\\udc40 Views: 0\\n\\ud83d\\udcc5 Created at: 2025-05-17 15:39:01.880452\", \"entities\": [{\"offset\": 0, \"length\": 10, \"type\": \"strikethrough\"}, {\"offset\": 14, \"length\": 4, \"type\": \"bold\"}, {\"offset\": 25, \"length\": 5, \"type\": \"bold\"}, {\"offset\": 37, \"length\": 10, \"type\": \"bold\"}], \"reply_markup\": {\"inline_keyboard\": [[{\"text\": \"\\ud83d\\udd0c Enabled: No\", \"callback_data\": \"advertisement_is_enabled_toggle_1_0\"}, {\"text\": \"\\ud83d\\udd20 Kind: -\", \"callback_data\": \"advertisement_kind_toggle_1_0\"}], [{\"text\": \"\\u2709\\ufe0f Messages (0)\", \"callback_data\": \"messages_2_1\"}, {\"text\": \"\\ud83d\\uddd1 Delete\", \"callback_data\": \"advertisement_delete_1\"}], [{\"text\": \"\\u25c0 Back\", \"callback_data\": \"advertisement\"}, {\"text\": \"\\ud83d\\udc40 Clear views\", \"callback_data\": \"advertisement_message_seen_clear_1\"}]]}}, \"chat_instance\": \"1528666451426664229\", \"data\": \"advertisement_is_enabled_toggle_1_0\"}}"}
{"timestamp": "2025-05-17T10:39:25.561896Z", "level": "DEBUG", "instance": "@EDU_ArabicBot", "action": "UPDATE", "update": "{\"update_id\": 431473869, \"message\": {\"message_id\": 1114, \"from\": {\"id\": 5700964012, \"is_bot\": false, \"first_name\": \"Abduvohid Abdujalilov\", \"username\": \"abduvohid_dev\", \"language_code\": \"en\"}, \"chat\": {\"id\": 5700964012, \"first_name\": \"Abduvohid Abdujalilov\", \"username\": \"abduvohid_dev\", \"type\": \"private\"}, \"date\": 1747478365, \"text\": \"/start\", \"entities\": [{\"offset\": 0, \"length\": 6, \"type\": \"bot_command\"}]}}"}
{"timestamp": "2025-05-17T10:39:34.094583Z", "level": "DEBUG", "instance": "@EDU_ArabicBot", "action": "UPDATE", "update": "{\"update_id\": 431473870, \"message\": {\"message_id\": 1115, \"from\": {\"id\": 5700964012, \"is_bot\": false, \"first_name\": \"Abduvohid Abdujalilov\", \"username\": \"abduvohid_dev\", \"language_code\": \"en\"}, \"chat\": {\"id\": 5700964012, \"first_name\": \"Abduvohid Abdujalilov\", \"username\": \"abduvohid_dev\", \"type\": \"private\"}, \"date\": 1747478374, \"text\": \"/start\", \"entities\": [{\"offset\": 0, \"length\": 6, \"type\": \"bot_command\"}]}}"}
{"timestamp": "2025-05-17T10:39:44.525100Z", "level": "DEBUG", "instance": "@EDU_ArabicBot", "action": "UPDATE", "update": "{\"update_id\": 431473871, \"message\": {\"message_id\": 1116, \"from\": {\"id\": 5700964012, \"is_bot\": false, \"first_name\": \"Abduvohid Abdujalilov\", \"username\": \"abduvohid_dev\", \"language_code\": \"en\"}, \"chat\": {\"id\": 5700964012, \"first_name\": \"Abduvohid Abdujalilov\", \"username\": \"abduvohid_dev\", \"type\": \"private\"}, \"date\": 1747478384, \"text\": \"https://youtube.com/shorts/gokqotvspBM?si=3o4xfn89mykUpbW6\", \"entities\": [{\"offset\": 0, \"length\": 58, \"type\": \"url\"}], \"link_preview_options\": {\"url\": \"https://youtube.com/shorts/gokqotvspBM?si=3o4xfn89mykUpbW6\"}}}"}
{"timestamp": "2025-05-17T10:40:34.119081Z", "level": "ERROR", "instance": "@EDU_ArabicBot", "action": "YOUTUBE_VIDEO_FAILED", "chat_id": 5700964012, "user_id": 5700964012, "id": "gokqotvspBM", "stack_trace": "Traceback (most recent call last):\n  File \"/home/mediabot/features/youtube/model.py\", line 32, in download_telegram\n    return (json_response[\"file_id\"], json_response[\"recognize_result\"],)\n            ~~~~~~~~~~~~~^^^^^^^^^^^\nKeyError: 'file_id'\n\nDuring handling of the above exception, another exception occurred:\n\nTraceback (most recent call last):\n  File \"/home/mediabot/features/youtube/model.py\", line 32, in download_telegram\n    return (json_response[\"file_id\"], json_response[\"recognize_result\"],)\n            ~~~~~~~~~~~~~^^^^^^^^^^^\nKeyError: 'file_id'\n\nDuring handling of the above exception, another exception occurred:\n\nTraceback (most recent call last):\n  File \"/home/mediabot/features/youtube/model.py\", line 32, in download_telegram\n    return (json_response[\"file_id\"], json_response[\"recognize_result\"],)\n            ~~~~~~~~~~~~~^^^^^^^^^^^\nKeyError: 'file_id'\n\nDuring handling of the above exception, another exception occurred:\n\nTraceback (most recent call last):\n  File \"/home/mediabot/features/youtube/model.py\", line 32, in download_telegram\n    return (json_response[\"file_id\"], json_response[\"recognize_result\"],)\n            ~~~~~~~~~~~~~^^^^^^^^^^^\nKeyError: 'file_id'\n\nDuring handling of the above exception, another exception occurred:\n\nTraceback (most recent call last):\n  File \"/home/mediabot/features/youtube/handlers.py\", line 115, in _youtube_video_download\n    (file_id, recognize_result,) = await YouTube.download_telegram(id, context.instance.token, recognize=recognize)\n                                   ^^^^^^^^^^^^^^^^^^^^^^^^^^^^^^^^^^^^^^^^^^^^^^^^^^^^^^^^^^^^^^^^^^^^^^^^^^^^^^^^\n  File \"/home/mediabot/features/youtube/model.py\", line 35, in download_telegram\n    return await YouTube.download_telegram(id, telegram_bot_token, recognize, attempt + 1)\n           ^^^^^^^^^^^^^^^^^^^^^^^^^^^^^^^^^^^^^^^^^^^^^^^^^^^^^^^^^^^^^^^^^^^^^^^^^^^^^^^\n  File \"/home/mediabot/features/youtube/model.py\", line 35, in download_telegram\n    return await YouTube.download_telegram(id, telegram_bot_token, recognize, attempt + 1)\n           ^^^^^^^^^^^^^^^^^^^^^^^^^^^^^^^^^^^^^^^^^^^^^^^^^^^^^^^^^^^^^^^^^^^^^^^^^^^^^^^\n  File \"/home/mediabot/features/youtube/model.py\", line 35, in download_telegram\n    return await YouTube.download_telegram(id, telegram_bot_token, recognize, attempt + 1)\n           ^^^^^^^^^^^^^^^^^^^^^^^^^^^^^^^^^^^^^^^^^^^^^^^^^^^^^^^^^^^^^^^^^^^^^^^^^^^^^^^\n  File \"/home/mediabot/features/youtube/model.py\", line 36, in download_telegram\n    raise Exception(\"Max attempts reached\")\nException: Max attempts reached\n"}
{"timestamp": "2025-05-17T10:40:34.392809Z", "level": "INFO", "instance": "@EDU_ArabicBot", "action": "YOUTUBE_LINK", "chat_id": 5700964012, "user_id": 5700964012, "link": "https://youtube.com/shorts/gokqotvspBM?si=3o4xfn89mykUpbW6"}
{"timestamp": "2025-05-17T10:42:41.136559Z", "level": "DEBUG", "instance": "@EDU_ArabicBot", "action": "UPDATE", "update": "{\"update_id\": 431473872, \"message\": {\"message_id\": 1119, \"from\": {\"id\": 5700964012, \"is_bot\": false, \"first_name\": \"Abduvohid Abdujalilov\", \"username\": \"abduvohid_dev\", \"language_code\": \"en\"}, \"chat\": {\"id\": 5700964012, \"first_name\": \"Abduvohid Abdujalilov\", \"username\": \"abduvohid_dev\", \"type\": \"private\"}, \"date\": 1747478560, \"text\": \"/popular_tracks\", \"entities\": [{\"offset\": 0, \"length\": 15, \"type\": \"bot_command\"}]}}"}
{"timestamp": "2025-05-17T10:42:46.115255Z", "level": "DEBUG", "instance": "@EDU_ArabicBot", "action": "UPDATE", "update": "{\"update_id\": 431473873, \"message\": {\"message_id\": 1121, \"from\": {\"id\": 5700964012, \"is_bot\": false, \"first_name\": \"Abduvohid Abdujalilov\", \"username\": \"abduvohid_dev\", \"language_code\": \"en\"}, \"chat\": {\"id\": 5700964012, \"first_name\": \"Abduvohid Abdujalilov\", \"username\": \"abduvohid_dev\", \"type\": \"private\"}, \"date\": 1747478566, \"text\": \"/sys_features\", \"entities\": [{\"offset\": 0, \"length\": 13, \"type\": \"bot_command\"}]}}"}
{"timestamp": "2025-05-17T10:42:52.845035Z", "level": "DEBUG", "instance": "@EDU_ArabicBot", "action": "UPDATE", "update": "{\"update_id\": 431473874, \"message\": {\"message_id\": 1122, \"from\": {\"id\": 5700964012, \"is_bot\": false, \"first_name\": \"Abduvohid Abdujalilov\", \"username\": \"abduvohid_dev\", \"language_code\": \"en\"}, \"chat\": {\"id\": 5700964012, \"first_name\": \"Abduvohid Abdujalilov\", \"username\": \"abduvohid_dev\", \"type\": \"private\"}, \"date\": 1747478572, \"text\": \"/sys_features\", \"entities\": [{\"offset\": 0, \"length\": 13, \"type\": \"bot_command\"}]}}"}
{"timestamp": "2025-05-17T10:42:53.425273Z", "level": "DEBUG", "instance": "@EDU_ArabicBot", "action": "UPDATE", "update": "{\"update_id\": 431473875, \"message\": {\"message_id\": 1123, \"from\": {\"id\": 5700964012, \"is_bot\": false, \"first_name\": \"Abduvohid Abdujalilov\", \"username\": \"abduvohid_dev\", \"language_code\": \"en\"}, \"chat\": {\"id\": 5700964012, \"first_name\": \"Abduvohid Abdujalilov\", \"username\": \"abduvohid_dev\", \"type\": \"private\"}, \"date\": 1747478573, \"text\": \"/sys_features\", \"entities\": [{\"offset\": 0, \"length\": 13, \"type\": \"bot_command\"}]}}"}
{"timestamp": "2025-05-17T10:42:54.082817Z", "level": "DEBUG", "instance": "@EDU_ArabicBot", "action": "UPDATE", "update": "{\"update_id\": 431473876, \"message\": {\"message_id\": 1124, \"from\": {\"id\": 5700964012, \"is_bot\": false, \"first_name\": \"Abduvohid Abdujalilov\", \"username\": \"abduvohid_dev\", \"language_code\": \"en\"}, \"chat\": {\"id\": 5700964012, \"first_name\": \"Abduvohid Abdujalilov\", \"username\": \"abduvohid_dev\", \"type\": \"private\"}, \"date\": 1747478573, \"text\": \"/sys_features\", \"entities\": [{\"offset\": 0, \"length\": 13, \"type\": \"bot_command\"}]}}"}
{"timestamp": "2025-05-17T10:42:54.673672Z", "level": "DEBUG", "instance": "@EDU_ArabicBot", "action": "UPDATE", "update": "{\"update_id\": 431473877, \"message\": {\"message_id\": 1125, \"from\": {\"id\": 5700964012, \"is_bot\": false, \"first_name\": \"Abduvohid Abdujalilov\", \"username\": \"abduvohid_dev\", \"language_code\": \"en\"}, \"chat\": {\"id\": 5700964012, \"first_name\": \"Abduvohid Abdujalilov\", \"username\": \"abduvohid_dev\", \"type\": \"private\"}, \"date\": 1747478574, \"text\": \"/sys_features\", \"entities\": [{\"offset\": 0, \"length\": 13, \"type\": \"bot_command\"}]}}"}
{"timestamp": "2025-05-17T10:43:12.195428Z", "level": "DEBUG", "instance": "@EDU_ArabicBot", "action": "UPDATE", "update": "{\"update_id\": 431473878, \"message\": {\"message_id\": 1126, \"from\": {\"id\": 5700964012, \"is_bot\": false, \"first_name\": \"Abduvohid Abdujalilov\", \"username\": \"abduvohid_dev\", \"language_code\": \"en\"}, \"chat\": {\"id\": 5700964012, \"first_name\": \"Abduvohid Abdujalilov\", \"username\": \"abduvohid_dev\", \"type\": \"private\"}, \"date\": 1747478591, \"text\": \"/sys_features\", \"entities\": [{\"offset\": 0, \"length\": 13, \"type\": \"bot_command\"}]}}"}
{"timestamp": "2025-05-17T10:43:13.804018Z", "level": "DEBUG", "instance": "@EDU_ArabicBot", "action": "UPDATE", "update": "{\"update_id\": 431473879, \"message\": {\"message_id\": 1127, \"from\": {\"id\": 5700964012, \"is_bot\": false, \"first_name\": \"Abduvohid Abdujalilov\", \"username\": \"abduvohid_dev\", \"language_code\": \"en\"}, \"chat\": {\"id\": 5700964012, \"first_name\": \"Abduvohid Abdujalilov\", \"username\": \"abduvohid_dev\", \"type\": \"private\"}, \"date\": 1747478593, \"text\": \"/sys_features\", \"entities\": [{\"offset\": 0, \"length\": 13, \"type\": \"bot_command\"}]}}"}
{"timestamp": "2025-05-17T10:43:16.676392Z", "level": "DEBUG", "instance": "@EDU_ArabicBot", "action": "UPDATE", "update": "{\"update_id\": 431473880, \"message\": {\"message_id\": 1128, \"from\": {\"id\": 5700964012, \"is_bot\": false, \"first_name\": \"Abduvohid Abdujalilov\", \"username\": \"abduvohid_dev\", \"language_code\": \"en\"}, \"chat\": {\"id\": 5700964012, \"first_name\": \"Abduvohid Abdujalilov\", \"username\": \"abduvohid_dev\", \"type\": \"private\"}, \"date\": 1747478596, \"text\": \"/sys_features\", \"entities\": [{\"offset\": 0, \"length\": 13, \"type\": \"bot_command\"}]}}"}
{"timestamp": "2025-05-17T10:43:17.526418Z", "level": "DEBUG", "instance": "@EDU_ArabicBot", "action": "UPDATE", "update": "{\"update_id\": 431473881, \"message\": {\"message_id\": 1129, \"from\": {\"id\": 5700964012, \"is_bot\": false, \"first_name\": \"Abduvohid Abdujalilov\", \"username\": \"abduvohid_dev\", \"language_code\": \"en\"}, \"chat\": {\"id\": 5700964012, \"first_name\": \"Abduvohid Abdujalilov\", \"username\": \"abduvohid_dev\", \"type\": \"private\"}, \"date\": 1747478597, \"text\": \"/sys_features\", \"entities\": [{\"offset\": 0, \"length\": 13, \"type\": \"bot_command\"}]}}"}
{"timestamp": "2025-05-17T10:43:18.371085Z", "level": "DEBUG", "instance": "@EDU_ArabicBot", "action": "UPDATE", "update": "{\"update_id\": 431473882, \"message\": {\"message_id\": 1130, \"from\": {\"id\": 5700964012, \"is_bot\": false, \"first_name\": \"Abduvohid Abdujalilov\", \"username\": \"abduvohid_dev\", \"language_code\": \"en\"}, \"chat\": {\"id\": 5700964012, \"first_name\": \"Abduvohid Abdujalilov\", \"username\": \"abduvohid_dev\", \"type\": \"private\"}, \"date\": 1747478598, \"text\": \"/sys_features\", \"entities\": [{\"offset\": 0, \"length\": 13, \"type\": \"bot_command\"}]}}"}
{"timestamp": "2025-05-17T10:44:53.347905Z", "level": "DEBUG", "instance": "@EDU_ArabicBot", "action": "UPDATE", "update": "{\"update_id\": 431473883, \"message\": {\"message_id\": 1131, \"from\": {\"id\": 5700964012, \"is_bot\": false, \"first_name\": \"Abduvohid Abdujalilov\", \"username\": \"abduvohid_dev\", \"language_code\": \"en\"}, \"chat\": {\"id\": 5700964012, \"first_name\": \"Abduvohid Abdujalilov\", \"username\": \"abduvohid_dev\", \"type\": \"private\"}, \"date\": 1747478693, \"text\": \"/control_panel\", \"entities\": [{\"offset\": 0, \"length\": 14, \"type\": \"bot_command\"}]}}"}
{"timestamp": "2025-05-17T10:44:55.704420Z", "level": "DEBUG", "instance": "@EDU_ArabicBot", "action": "UPDATE", "update": "{\"update_id\": 431473884, \"callback_query\": {\"id\": \"6038709914506023609\", \"from\": {\"id\": 5700964012, \"is_bot\": false, \"first_name\": \"Abduvohid Abdujalilov\", \"username\": \"abduvohid_dev\", \"language_code\": \"en\"}, \"message\": {\"message_id\": 1132, \"from\": {\"id\": 8098660158, \"is_bot\": true, \"first_name\": \"EduArabic\", \"username\": \"EDU_ArabicBot\"}, \"chat\": {\"id\": 5700964012, \"first_name\": \"Abduvohid Abdujalilov\", \"username\": \"abduvohid_dev\", \"type\": \"private\"}, \"date\": 1747478693, \"text\": \"Welcome to the control panel!\\n\\nCommands:\\n/set_admin - Set account as admin (/set_admin 12345)\\n/unset_admin - Unset account as admin (/unset_admin 12345)\\n/set_bot_name - Set bot name (/set_bot_name en MYBOT or /set_bot_name all MYBOT)\", \"entities\": [{\"offset\": 31, \"length\": 8, \"type\": \"bold\"}, {\"offset\": 41, \"length\": 10, \"type\": \"bot_command\"}, {\"offset\": 76, \"length\": 16, \"type\": \"code\"}, {\"offset\": 94, \"length\": 12, \"type\": \"bot_command\"}, {\"offset\": 133, \"length\": 18, \"type\": \"code\"}, {\"offset\": 153, \"length\": 13, \"type\": \"bot_command\"}, {\"offset\": 183, \"length\": 22, \"type\": \"code\"}, {\"offset\": 209, \"length\": 23, \"type\": \"code\"}], \"reply_markup\": {\"inline_keyboard\": [[{\"text\": \"\\ud83d\\udcd1\\ufe0f Advertisements (1)\", \"callback_data\": \"advertisement\"}, {\"text\": \"\\ud83d\\udcef\\ufe0f Broadcasts (0)\", \"callback_data\": \"broadcast\"}], [{\"text\": \"\\ud83d\\uddc3 Commands (1)\", \"callback_data\": \"command\"}, {\"text\": \"\\ud83d\\udc64 Join requests (0)\", \"callback_data\": \"join_requests\"}], [{\"text\": \"\\ud83d\\udde3 Languages (0)\", \"callback_data\": \"language\"}, {\"text\": \"\\ud83d\\udeaa Required joins (0)\", \"callback_data\": \"required_join\"}], [{\"text\": \"\\ud83e\\uddf5 Referrals (0)\", \"callback_data\": \"referral\"}, {\"text\": \"\\ud83d\\udcca Statistics\", \"callback_data\": \"statistics\"}]]}}, \"chat_instance\": \"1528666451426664229\", \"data\": \"broadcast\"}}"}
{"timestamp": "2025-05-17T10:44:58.254956Z", "level": "DEBUG", "instance": "@EDU_ArabicBot", "action": "UPDATE", "update": "{\"update_id\": 431473885, \"callback_query\": {\"id\": \"6038709913869733114\", \"from\": {\"id\": 5700964012, \"is_bot\": false, \"first_name\": \"Abduvohid Abdujalilov\", \"username\": \"abduvohid_dev\", \"language_code\": \"en\"}, \"message\": {\"message_id\": 1132, \"from\": {\"id\": 8098660158, \"is_bot\": true, \"first_name\": \"EduArabic\", \"username\": \"EDU_ArabicBot\"}, \"chat\": {\"id\": 5700964012, \"first_name\": \"Abduvohid Abdujalilov\", \"username\": \"abduvohid_dev\", \"type\": \"private\"}, \"date\": 1747478693, \"text\": \"Welcome to the control panel!\\n\\nCommands:\\n/set_admin - Set account as admin (/set_admin 12345)\\n/unset_admin - Unset account as admin (/unset_admin 12345)\\n/set_bot_name - Set bot name (/set_bot_name en MYBOT or /set_bot_name all MYBOT)\", \"entities\": [{\"offset\": 31, \"length\": 8, \"type\": \"bold\"}, {\"offset\": 41, \"length\": 10, \"type\": \"bot_command\"}, {\"offset\": 76, \"length\": 16, \"type\": \"code\"}, {\"offset\": 94, \"length\": 12, \"type\": \"bot_command\"}, {\"offset\": 133, \"length\": 18, \"type\": \"code\"}, {\"offset\": 153, \"length\": 13, \"type\": \"bot_command\"}, {\"offset\": 183, \"length\": 22, \"type\": \"code\"}, {\"offset\": 209, \"length\": 23, \"type\": \"code\"}], \"reply_markup\": {\"inline_keyboard\": [[{\"text\": \"\\ud83d\\udcd1\\ufe0f Advertisements (1)\", \"callback_data\": \"advertisement\"}, {\"text\": \"\\ud83d\\udcef\\ufe0f Broadcasts (0)\", \"callback_data\": \"broadcast\"}], [{\"text\": \"\\ud83d\\uddc3 Commands (1)\", \"callback_data\": \"command\"}, {\"text\": \"\\ud83d\\udc64 Join requests (0)\", \"callback_data\": \"join_requests\"}], [{\"text\": \"\\ud83d\\udde3 Languages (0)\", \"callback_data\": \"language\"}, {\"text\": \"\\ud83d\\udeaa Required joins (0)\", \"callback_data\": \"required_join\"}], [{\"text\": \"\\ud83e\\uddf5 Referrals (0)\", \"callback_data\": \"referral\"}, {\"text\": \"\\ud83d\\udcca Statistics\", \"callback_data\": \"statistics\"}]]}}, \"chat_instance\": \"1528666451426664229\", \"data\": \"command\"}}"}
{"timestamp": "2025-05-17T10:45:02.548325Z", "level": "DEBUG", "instance": "@EDU_ArabicBot", "action": "UPDATE", "update": "{\"update_id\": 431473886, \"callback_query\": {\"id\": \"6038709917120282359\", \"from\": {\"id\": 5700964012, \"is_bot\": false, \"first_name\": \"Abduvohid Abdujalilov\", \"username\": \"abduvohid_dev\", \"language_code\": \"en\"}, \"message\": {\"message_id\": 1132, \"from\": {\"id\": 8098660158, \"is_bot\": true, \"first_name\": \"EduArabic\", \"username\": \"EDU_ArabicBot\"}, \"chat\": {\"id\": 5700964012, \"first_name\": \"Abduvohid Abdujalilov\", \"username\": \"abduvohid_dev\", \"type\": \"private\"}, \"date\": 1747478693, \"edit_date\": 1747478698, \"text\": \"\\ud83d\\uddc3 Commands:\\n\\n1)  /start \\nMessages: 0\\nCreated at: 2025-05-17 15:36:03.239905\", \"entities\": [{\"offset\": 3, \"length\": 8, \"type\": \"bold\"}, {\"offset\": 18, \"length\": 6, \"type\": \"bot_command\"}, {\"offset\": 18, \"length\": 6, \"type\": \"bold\"}, {\"offset\": 26, \"length\": 9, \"type\": \"bold\"}, {\"offset\": 38, \"length\": 11, \"type\": \"bold\"}], \"reply_markup\": {\"inline_keyboard\": [[{\"text\": \"\\u270f\\ufe0f 1\", \"callback_data\": \"command_1\"}], [{\"text\": \"\\u2b05\\ufe0f Back\", \"callback_data\": \"control_panel\"}, {\"text\": \"\\ud83c\\udd95 Create\", \"callback_data\": \"command_create\"}]]}}, \"chat_instance\": \"1528666451426664229\", \"data\": \"command_1\"}}"}
{"timestamp": "2025-05-17T10:45:05.881086Z", "level": "DEBUG", "instance": "@EDU_ArabicBot", "action": "UPDATE", "update": "{\"update_id\": 431473887, \"callback_query\": {\"id\": \"6038709916247772223\", \"from\": {\"id\": 5700964012, \"is_bot\": false, \"first_name\": \"Abduvohid Abdujalilov\", \"username\": \"abduvohid_dev\", \"language_code\": \"en\"}, \"message\": {\"message_id\": 1132, \"from\": {\"id\": 8098660158, \"is_bot\": true, \"first_name\": \"EduArabic\", \"username\": \"EDU_ArabicBot\"}, \"chat\": {\"id\": 5700964012, \"first_name\": \"Abduvohid Abdujalilov\", \"username\": \"abduvohid_dev\", \"type\": \"private\"}, \"date\": 1747478693, \"edit_date\": 1747478702, \"text\": \"Command:  /start\\nCreated at: 2025-05-17 15:36:03.239905\", \"entities\": [{\"offset\": 0, \"length\": 7, \"type\": \"bold\"}, {\"offset\": 10, \"length\": 6, \"type\": \"bot_command\"}, {\"offset\": 17, \"length\": 10, \"type\": \"bold\"}], \"reply_markup\": {\"inline_keyboard\": [[{\"text\": \"\\u274c Disable\", \"callback_data\": \"command_is_enabled_toggle_1_1\"}, {\"text\": \"\\ud83d\\udce9 Messages (0)\", \"callback_data\": \"messages_0_1\"}], [{\"text\": \"\\u2b05\\ufe0f Back\", \"callback_data\": \"command\"}, {\"text\": \"\\ud83d\\uddd1 Delete\", \"callback_data\": \"command_delete_1\"}]]}}, \"chat_instance\": \"1528666451426664229\", \"data\": \"messages_0_1\"}}"}
{"timestamp": "2025-05-17T10:45:08.721093Z", "level": "DEBUG", "instance": "@EDU_ArabicBot", "action": "UPDATE", "update": "{\"update_id\": 431473888, \"callback_query\": {\"id\": \"6038709914090929271\", \"from\": {\"id\": 5700964012, \"is_bot\": false, \"first_name\": \"Abduvohid Abdujalilov\", \"username\": \"abduvohid_dev\", \"language_code\": \"en\"}, \"message\": {\"message_id\": 1132, \"from\": {\"id\": 8098660158, \"is_bot\": true, \"first_name\": \"EduArabic\", \"username\": \"EDU_ArabicBot\"}, \"chat\": {\"id\": 5700964012, \"first_name\": \"Abduvohid Abdujalilov\", \"username\": \"abduvohid_dev\", \"type\": \"private\"}, \"date\": 1747478693, \"edit_date\": 1747478706, \"text\": \"\\u2709\\ufe0f Messages:\", \"entities\": [{\"offset\": 3, \"length\": 8, \"type\": \"bold\"}], \"reply_markup\": {\"inline_keyboard\": [[{\"text\": \"\\u2b05\\ufe0f Back\", \"callback_data\": \"command_1\"}, {\"text\": \"\\u2795 Add message\", \"callback_data\": \"message_add_0_1\"}]]}}, \"chat_instance\": \"1528666451426664229\", \"data\": \"message_add_0_1\"}}"}
{"timestamp": "2025-05-17T10:45:15.727704Z", "level": "DEBUG", "instance": "@EDU_ArabicBot", "action": "UPDATE", "update": "{\"update_id\": 431473889, \"message\": {\"message_id\": 1134, \"from\": {\"id\": 5700964012, \"is_bot\": false, \"first_name\": \"Abduvohid Abdujalilov\", \"username\": \"abduvohid_dev\", \"language_code\": \"en\"}, \"chat\": {\"id\": 5700964012, \"first_name\": \"Abduvohid Abdujalilov\", \"username\": \"abduvohid_dev\", \"type\": \"private\"}, \"date\": 1747478715, \"text\": \"salom bro ishlar yaxshimi\"}}"}
{"timestamp": "2025-05-17T10:45:18.164071Z", "level": "DEBUG", "instance": "@EDU_ArabicBot", "action": "UPDATE", "update": "{\"update_id\": 431473890, \"message\": {\"message_id\": 1136, \"from\": {\"id\": 5700964012, \"is_bot\": false, \"first_name\": \"Abduvohid Abdujalilov\", \"username\": \"abduvohid_dev\", \"language_code\": \"en\"}, \"chat\": {\"id\": 5700964012, \"first_name\": \"Abduvohid Abdujalilov\", \"username\": \"abduvohid_dev\", \"type\": \"private\"}, \"date\": 1747478718, \"text\": \"/start\", \"entities\": [{\"offset\": 0, \"length\": 6, \"type\": \"bot_command\"}]}}"}
{"timestamp": "2025-05-17T10:45:19.816773Z", "level": "DEBUG", "instance": "@EDU_ArabicBot", "action": "UPDATE", "update": "{\"update_id\": 431473891, \"message\": {\"message_id\": 1138, \"from\": {\"id\": 5700964012, \"is_bot\": false, \"first_name\": \"Abduvohid Abdujalilov\", \"username\": \"abduvohid_dev\", \"language_code\": \"en\"}, \"chat\": {\"id\": 5700964012, \"first_name\": \"Abduvohid Abdujalilov\", \"username\": \"abduvohid_dev\", \"type\": \"private\"}, \"date\": 1747478719, \"text\": \"/start\", \"entities\": [{\"offset\": 0, \"length\": 6, \"type\": \"bot_command\"}]}}"}
{"timestamp": "2025-05-17T10:45:30.618052Z", "level": "DEBUG", "instance": "@EDU_ArabicBot", "action": "UPDATE", "update": "{\"update_id\": 431473892, \"message\": {\"message_id\": 1140, \"from\": {\"id\": 5700964012, \"is_bot\": false, \"first_name\": \"Abduvohid Abdujalilov\", \"username\": \"abduvohid_dev\", \"language_code\": \"en\"}, \"chat\": {\"id\": 5700964012, \"first_name\": \"Abduvohid Abdujalilov\", \"username\": \"abduvohid_dev\", \"type\": \"private\"}, \"date\": 1747478730, \"text\": \"/sys_features\", \"entities\": [{\"offset\": 0, \"length\": 13, \"type\": \"bot_command\"}]}}"}
{"timestamp": "2025-05-17T10:48:39.180838Z", "level": "DEBUG", "instance": "@EDU_ArabicBot", "action": "UPDATE", "update": "{\"update_id\": 431473893, \"message\": {\"message_id\": 1141, \"from\": {\"id\": 5700964012, \"is_bot\": false, \"first_name\": \"Abduvohid Abdujalilov\", \"username\": \"abduvohid_dev\", \"language_code\": \"en\"}, \"chat\": {\"id\": 5700964012, \"first_name\": \"Abduvohid Abdujalilov\", \"username\": \"abduvohid_dev\", \"type\": \"private\"}, \"date\": 1747478919, \"text\": \"/sys_features\", \"entities\": [{\"offset\": 0, \"length\": 13, \"type\": \"bot_command\"}]}}"}
{"timestamp": "2025-05-17T10:48:40.233602Z", "level": "DEBUG", "instance": "@EDU_ArabicBot", "action": "UPDATE", "update": "{\"update_id\": 431473894, \"message\": {\"message_id\": 1142, \"from\": {\"id\": 5700964012, \"is_bot\": false, \"first_name\": \"Abduvohid Abdujalilov\", \"username\": \"abduvohid_dev\", \"language_code\": \"en\"}, \"chat\": {\"id\": 5700964012, \"first_name\": \"Abduvohid Abdujalilov\", \"username\": \"abduvohid_dev\", \"type\": \"private\"}, \"date\": 1747478920, \"text\": \"/sys_features\", \"entities\": [{\"offset\": 0, \"length\": 13, \"type\": \"bot_command\"}]}}"}
{"timestamp": "2025-05-17T10:48:48.036752Z", "level": "DEBUG", "instance": "@EDU_ArabicBot", "action": "UPDATE", "update": "{\"update_id\": 431473895, \"message\": {\"message_id\": 1143, \"from\": {\"id\": 5700964012, \"is_bot\": false, \"first_name\": \"Abduvohid Abdujalilov\", \"username\": \"abduvohid_dev\", \"language_code\": \"en\"}, \"chat\": {\"id\": 5700964012, \"first_name\": \"Abduvohid Abdujalilov\", \"username\": \"abduvohid_dev\", \"type\": \"private\"}, \"date\": 1747478927, \"text\": \"/sys_features\", \"entities\": [{\"offset\": 0, \"length\": 13, \"type\": \"bot_command\"}]}}"}
{"timestamp": "2025-05-17T10:48:48.887979Z", "level": "DEBUG", "instance": "@EDU_ArabicBot", "action": "UPDATE", "update": "{\"update_id\": 431473896, \"message\": {\"message_id\": 1144, \"from\": {\"id\": 5700964012, \"is_bot\": false, \"first_name\": \"Abduvohid Abdujalilov\", \"username\": \"abduvohid_dev\", \"language_code\": \"en\"}, \"chat\": {\"id\": 5700964012, \"first_name\": \"Abduvohid Abdujalilov\", \"username\": \"abduvohid_dev\", \"type\": \"private\"}, \"date\": 1747478928, \"text\": \"/sys_features\", \"entities\": [{\"offset\": 0, \"length\": 13, \"type\": \"bot_command\"}]}}"}
{"timestamp": "2025-05-17T10:48:49.388916Z", "level": "DEBUG", "instance": "@EDU_ArabicBot", "action": "UPDATE", "update": "{\"update_id\": 431473897, \"message\": {\"message_id\": 1145, \"from\": {\"id\": 5700964012, \"is_bot\": false, \"first_name\": \"Abduvohid Abdujalilov\", \"username\": \"abduvohid_dev\", \"language_code\": \"en\"}, \"chat\": {\"id\": 5700964012, \"first_name\": \"Abduvohid Abdujalilov\", \"username\": \"abduvohid_dev\", \"type\": \"private\"}, \"date\": 1747478929, \"text\": \"/sys_features\", \"entities\": [{\"offset\": 0, \"length\": 13, \"type\": \"bot_command\"}]}}"}
{"timestamp": "2025-05-17T10:48:50.221689Z", "level": "DEBUG", "instance": "@EDU_ArabicBot", "action": "UPDATE", "update": "{\"update_id\": 431473898, \"message\": {\"message_id\": 1146, \"from\": {\"id\": 5700964012, \"is_bot\": false, \"first_name\": \"Abduvohid Abdujalilov\", \"username\": \"abduvohid_dev\", \"language_code\": \"en\"}, \"chat\": {\"id\": 5700964012, \"first_name\": \"Abduvohid Abdujalilov\", \"username\": \"abduvohid_dev\", \"type\": \"private\"}, \"date\": 1747478930, \"text\": \"/sys_features\", \"entities\": [{\"offset\": 0, \"length\": 13, \"type\": \"bot_command\"}]}}"}
{"timestamp": "2025-05-17T10:48:50.921774Z", "level": "DEBUG", "instance": "@EDU_ArabicBot", "action": "UPDATE", "update": "{\"update_id\": 431473899, \"message\": {\"message_id\": 1147, \"from\": {\"id\": 5700964012, \"is_bot\": false, \"first_name\": \"Abduvohid Abdujalilov\", \"username\": \"abduvohid_dev\", \"language_code\": \"en\"}, \"chat\": {\"id\": 5700964012, \"first_name\": \"Abduvohid Abdujalilov\", \"username\": \"abduvohid_dev\", \"type\": \"private\"}, \"date\": 1747478930, \"text\": \"/sys_features\", \"entities\": [{\"offset\": 0, \"length\": 13, \"type\": \"bot_command\"}]}}"}
{"timestamp": "2025-05-17T10:48:52.512556Z", "level": "DEBUG", "instance": "@EDU_ArabicBot", "action": "UPDATE", "update": "{\"update_id\": 431473900, \"message\": {\"message_id\": 1148, \"from\": {\"id\": 5700964012, \"is_bot\": false, \"first_name\": \"Abduvohid Abdujalilov\", \"username\": \"abduvohid_dev\", \"language_code\": \"en\"}, \"chat\": {\"id\": 5700964012, \"first_name\": \"Abduvohid Abdujalilov\", \"username\": \"abduvohid_dev\", \"type\": \"private\"}, \"date\": 1747478932, \"text\": \"/start\", \"entities\": [{\"offset\": 0, \"length\": 6, \"type\": \"bot_command\"}]}}"}
{"timestamp": "2025-05-17T10:49:02.126496Z", "level": "DEBUG", "instance": "@EDU_ArabicBot", "action": "UPDATE", "update": "{\"update_id\": 431473901, \"message\": {\"message_id\": 1150, \"from\": {\"id\": 5700964012, \"is_bot\": false, \"first_name\": \"Abduvohid Abdujalilov\", \"username\": \"abduvohid_dev\", \"language_code\": \"en\"}, \"chat\": {\"id\": 5700964012, \"first_name\": \"Abduvohid Abdujalilov\", \"username\": \"abduvohid_dev\", \"type\": \"private\"}, \"date\": 1747478941, \"text\": \"/control_panel\", \"entities\": [{\"offset\": 0, \"length\": 14, \"type\": \"bot_command\"}]}}"}
{"timestamp": "2025-05-17T10:49:06.001266Z", "level": "DEBUG", "instance": "@EDU_ArabicBot", "action": "UPDATE", "update": "{\"update_id\": 431473902, \"callback_query\": {\"id\": \"6038709913607539857\", \"from\": {\"id\": 5700964012, \"is_bot\": false, \"first_name\": \"Abduvohid Abdujalilov\", \"username\": \"abduvohid_dev\", \"language_code\": \"en\"}, \"message\": {\"message_id\": 1151, \"from\": {\"id\": 8098660158, \"is_bot\": true, \"first_name\": \"EduArabic\", \"username\": \"EDU_ArabicBot\"}, \"chat\": {\"id\": 5700964012, \"first_name\": \"Abduvohid Abdujalilov\", \"username\": \"abduvohid_dev\", \"type\": \"private\"}, \"date\": 1747478942, \"text\": \"Welcome to the control panel!\\n\\nCommands:\\n/set_admin - Set account as admin (/set_admin 12345)\\n/unset_admin - Unset account as admin (/unset_admin 12345)\\n/set_bot_name - Set bot name (/set_bot_name en MYBOT or /set_bot_name all MYBOT)\", \"entities\": [{\"offset\": 31, \"length\": 8, \"type\": \"bold\"}, {\"offset\": 41, \"length\": 10, \"type\": \"bot_command\"}, {\"offset\": 76, \"length\": 16, \"type\": \"code\"}, {\"offset\": 94, \"length\": 12, \"type\": \"bot_command\"}, {\"offset\": 133, \"length\": 18, \"type\": \"code\"}, {\"offset\": 153, \"length\": 13, \"type\": \"bot_command\"}, {\"offset\": 183, \"length\": 22, \"type\": \"code\"}, {\"offset\": 209, \"length\": 23, \"type\": \"code\"}], \"reply_markup\": {\"inline_keyboard\": [[{\"text\": \"\\ud83d\\udcd1\\ufe0f Advertisements (1)\", \"callback_data\": \"advertisement\"}, {\"text\": \"\\ud83d\\udcef\\ufe0f Broadcasts (0)\", \"callback_data\": \"broadcast\"}], [{\"text\": \"\\ud83d\\uddc3 Commands (1)\", \"callback_data\": \"command\"}, {\"text\": \"\\ud83d\\udc64 Join requests (0)\", \"callback_data\": \"join_requests\"}], [{\"text\": \"\\ud83d\\udde3 Languages (0)\", \"callback_data\": \"language\"}, {\"text\": \"\\ud83d\\udeaa Required joins (0)\", \"callback_data\": \"required_join\"}], [{\"text\": \"\\ud83e\\uddf5 Referrals (0)\", \"callback_data\": \"referral\"}, {\"text\": \"\\ud83d\\udcca Statistics\", \"callback_data\": \"statistics\"}]]}}, \"chat_instance\": \"1528666451426664229\", \"data\": \"broadcast\"}}"}
{"timestamp": "2025-05-17T10:49:08.064207Z", "level": "DEBUG", "instance": "@EDU_ArabicBot", "action": "UPDATE", "update": "{\"update_id\": 431473903, \"callback_query\": {\"id\": \"6038709915042386994\", \"from\": {\"id\": 5700964012, \"is_bot\": false, \"first_name\": \"Abduvohid Abdujalilov\", \"username\": \"abduvohid_dev\", \"language_code\": \"en\"}, \"message\": {\"message_id\": 1151, \"from\": {\"id\": 8098660158, \"is_bot\": true, \"first_name\": \"EduArabic\", \"username\": \"EDU_ArabicBot\"}, \"chat\": {\"id\": 5700964012, \"first_name\": \"Abduvohid Abdujalilov\", \"username\": \"abduvohid_dev\", \"type\": \"private\"}, \"date\": 1747478942, \"edit_date\": 1747478946, \"text\": \"\\ud83d\\udcef\\ufe0f Broadcasts:\", \"entities\": [{\"offset\": 4, \"length\": 10, \"type\": \"bold\"}], \"reply_markup\": {\"inline_keyboard\": [[{\"text\": \"\\u2b05\\ufe0f Back\", \"callback_data\": \"control_panel\"}, {\"text\": \"\\ud83c\\udd95 Create\", \"callback_data\": \"broadcast_create\"}]]}}, \"chat_instance\": \"1528666451426664229\", \"data\": \"broadcast_create\"}}"}
{"timestamp": "2025-05-17T10:49:13.992844Z", "level": "DEBUG", "instance": "@EDU_ArabicBot", "action": "UPDATE", "update": "{\"update_id\": 431473904, \"message\": {\"message_id\": 1153, \"from\": {\"id\": 5700964012, \"is_bot\": false, \"first_name\": \"Abduvohid Abdujalilov\", \"username\": \"abduvohid_dev\", \"language_code\": \"en\"}, \"chat\": {\"id\": 5700964012, \"first_name\": \"Abduvohid Abdujalilov\", \"username\": \"abduvohid_dev\", \"type\": \"private\"}, \"date\": 1747478953, \"text\": \"Bro\"}}"}
{"timestamp": "2025-05-17T10:49:16.992625Z", "level": "DEBUG", "instance": "@EDU_ArabicBot", "action": "UPDATE", "update": "{\"update_id\": 431473905, \"message\": {\"message_id\": 1155, \"from\": {\"id\": 5700964012, \"is_bot\": false, \"first_name\": \"Abduvohid Abdujalilov\", \"username\": \"abduvohid_dev\", \"language_code\": \"en\"}, \"chat\": {\"id\": 5700964012, \"first_name\": \"Abduvohid Abdujalilov\", \"username\": \"abduvohid_dev\", \"type\": \"private\"}, \"date\": 1747478956, \"text\": \"salom\"}}"}
{"timestamp": "2025-05-17T10:49:21.413062Z", "level": "DEBUG", "instance": "@EDU_ArabicBot", "action": "UPDATE", "update": "{\"update_id\": 431473906, \"message\": {\"message_id\": 1157, \"from\": {\"id\": 5700964012, \"is_bot\": false, \"first_name\": \"Abduvohid Abdujalilov\", \"username\": \"abduvohid_dev\", \"language_code\": \"en\"}, \"chat\": {\"id\": 5700964012, \"first_name\": \"Abduvohid Abdujalilov\", \"username\": \"abduvohid_dev\", \"type\": \"private\"}, \"date\": 1747478961, \"text\": \"\\u274c\"}}"}
{"timestamp": "2025-05-17T10:49:25.280378Z", "level": "DEBUG", "instance": "@EDU_ArabicBot", "action": "UPDATE", "update": "{\"update_id\": 431473907, \"message\": {\"message_id\": 1159, \"from\": {\"id\": 5700964012, \"is_bot\": false, \"first_name\": \"Abduvohid Abdujalilov\", \"username\": \"abduvohid_dev\", \"language_code\": \"en\"}, \"chat\": {\"id\": 5700964012, \"first_name\": \"Abduvohid Abdujalilov\", \"username\": \"abduvohid_dev\", \"type\": \"private\"}, \"date\": 1747478965, \"text\": \"12\"}}"}
{"timestamp": "2025-05-17T10:49:27.533871Z", "level": "DEBUG", "instance": "@EDU_ArabicBot", "action": "UPDATE", "update": "{\"update_id\": 431473908, \"message\": {\"message_id\": 1161, \"from\": {\"id\": 5700964012, \"is_bot\": false, \"first_name\": \"Abduvohid Abdujalilov\", \"username\": \"abduvohid_dev\", \"language_code\": \"en\"}, \"chat\": {\"id\": 5700964012, \"first_name\": \"Abduvohid Abdujalilov\", \"username\": \"abduvohid_dev\", \"type\": \"private\"}, \"date\": 1747478967, \"text\": \"Yes\"}}"}
{"timestamp": "2025-05-17T10:49:28.570700Z", "level": "DEBUG", "instance": "@EDU_ArabicBot", "action": "UPDATE", "update": "{\"update_id\": 431473909, \"message\": {\"message_id\": 1163, \"from\": {\"id\": 5700964012, \"is_bot\": false, \"first_name\": \"Abduvohid Abdujalilov\", \"username\": \"abduvohid_dev\", \"language_code\": \"en\"}, \"chat\": {\"id\": 5700964012, \"first_name\": \"Abduvohid Abdujalilov\", \"username\": \"abduvohid_dev\", \"type\": \"private\"}, \"date\": 1747478968, \"text\": \"Yes\"}}"}
{"timestamp": "2025-05-17T10:49:33.316058Z", "level": "DEBUG", "instance": "@EDU_ArabicBot", "action": "UPDATE", "update": "{\"update_id\": 431473910, \"callback_query\": {\"id\": \"6038709914032581482\", \"from\": {\"id\": 5700964012, \"is_bot\": false, \"first_name\": \"Abduvohid Abdujalilov\", \"username\": \"abduvohid_dev\", \"language_code\": \"en\"}, \"message\": {\"message_id\": 1164, \"from\": {\"id\": 8098660158, \"is_bot\": true, \"first_name\": \"EduArabic\", \"username\": \"EDU_ArabicBot\"}, \"chat\": {\"id\": 5700964012, \"first_name\": \"Abduvohid Abdujalilov\", \"username\": \"abduvohid_dev\", \"type\": \"private\"}, \"date\": 1747478968, \"text\": \"1) Bro [0/12 ~0.00%] [\\ud83d\\udd15 \\ud83d\\udc65]\\nStatus: \\u23f8 Pause\\nLanguage: -\\nCursor: -\\nCreated at: 2025-05-17 15:49:28.574164\\n------------------------------------------------------\", \"entities\": [{\"offset\": 29, \"length\": 7, \"type\": \"bold\"}, {\"offset\": 45, \"length\": 9, \"type\": \"bold\"}, {\"offset\": 57, \"length\": 7, \"type\": \"bold\"}, {\"offset\": 67, \"length\": 11, \"type\": \"bold\"}], \"reply_markup\": {\"inline_keyboard\": [[{\"text\": \"Status: \\u23f8 Pause\", \"callback_data\": \"broadcast_status_toggle_1\"}, {\"text\": \"\\ud83d\\udce9 Show message\", \"callback_data\": \"broadcast_message_show_34\"}], [{\"text\": \"\\ud83d\\uddd1 Delete\", \"callback_data\": \"broadcast_delete_1\"}, {\"text\": \"\\ud83d\\udd04 Refresh\", \"callback_data\": \"broadcast_1\"}], [{\"text\": \"\\u2b05 Back\", \"callback_data\": \"broadcast\"}]]}}, \"chat_instance\": \"1528666451426664229\", \"data\": \"broadcast_message_show_34\"}}"}
{"timestamp": "2025-05-17T10:49:36.397430Z", "level": "DEBUG", "instance": "@EDU_ArabicBot", "action": "UPDATE", "update": "{\"update_id\": 431473911, \"callback_query\": {\"id\": \"6038709917673710919\", \"from\": {\"id\": 5700964012, \"is_bot\": false, \"first_name\": \"Abduvohid Abdujalilov\", \"username\": \"abduvohid_dev\", \"language_code\": \"en\"}, \"message\": {\"message_id\": 1164, \"from\": {\"id\": 8098660158, \"is_bot\": true, \"first_name\": \"EduArabic\", \"username\": \"EDU_ArabicBot\"}, \"chat\": {\"id\": 5700964012, \"first_name\": \"Abduvohid Abdujalilov\", \"username\": \"abduvohid_dev\", \"type\": \"private\"}, \"date\": 1747478968, \"text\": \"1) Bro [0/12 ~0.00%] [\\ud83d\\udd15 \\ud83d\\udc65]\\nStatus: \\u23f8 Pause\\nLanguage: -\\nCursor: -\\nCreated at: 2025-05-17 15:49:28.574164\\n------------------------------------------------------\", \"entities\": [{\"offset\": 29, \"length\": 7, \"type\": \"bold\"}, {\"offset\": 45, \"length\": 9, \"type\": \"bold\"}, {\"offset\": 57, \"length\": 7, \"type\": \"bold\"}, {\"offset\": 67, \"length\": 11, \"type\": \"bold\"}], \"reply_markup\": {\"inline_keyboard\": [[{\"text\": \"Status: \\u23f8 Pause\", \"callback_data\": \"broadcast_status_toggle_1\"}, {\"text\": \"\\ud83d\\udce9 Show message\", \"callback_data\": \"broadcast_message_show_34\"}], [{\"text\": \"\\ud83d\\uddd1 Delete\", \"callback_data\": \"broadcast_delete_1\"}, {\"text\": \"\\ud83d\\udd04 Refresh\", \"callback_data\": \"broadcast_1\"}], [{\"text\": \"\\u2b05 Back\", \"callback_data\": \"broadcast\"}]]}}, \"chat_instance\": \"1528666451426664229\", \"data\": \"broadcast_1\"}}"}
{"timestamp": "2025-05-17T10:49:36.686546Z", "level": "ERROR", "instance": "@EDU_ArabicBot", "action": "UNKNOWN_ERROR", "stack_trace": "Traceback (most recent call last):\n  File \"/usr/local/lib/python3.12/site-packages/telegram/ext/_application.py\", line 1264, in process_update\n    await coroutine\n  File \"/usr/local/lib/python3.12/site-packages/telegram/ext/_handlers/basehandler.py\", line 157, in handle_update\n    return await self.callback(update, context)\n           ^^^^^^^^^^^^^^^^^^^^^^^^^^^^^^^^^^^^\n  File \"/home/mediabot/decorators.py\", line 15, in wrapped\n    return await func(update, context, *args, **kwargs)\n           ^^^^^^^^^^^^^^^^^^^^^^^^^^^^^^^^^^^^^^^^^^^^\n  File \"/home/mediabot/features/broadcast/handlers.py\", line 217, in broadcast_handle_broadcast_callback_query\n    await update.callback_query.edit_message_text(broadcast_text, reply_markup=reply_markup)\n  File \"/usr/local/lib/python3.12/site-packages/telegram/_callbackquery.py\", line 264, in edit_message_text\n    return await self._get_message().edit_text(\n           ^^^^^^^^^^^^^^^^^^^^^^^^^^^^^^^^^^^^\n  File \"/usr/local/lib/python3.12/site-packages/telegram/_message.py\", line 3436, in edit_text\n    return await self.get_bot().edit_message_text(\n           ^^^^^^^^^^^^^^^^^^^^^^^^^^^^^^^^^^^^^^^\n  File \"/usr/local/lib/python3.12/site-packages/telegram/ext/_extbot.py\", line 1618, in edit_message_text\n    return await super().edit_message_text(\n           ^^^^^^^^^^^^^^^^^^^^^^^^^^^^^^^^\n  File \"/usr/local/lib/python3.12/site-packages/telegram/_bot.py\", line 542, in decorator\n    result = await func(self, *args, **kwargs)\n             ^^^^^^^^^^^^^^^^^^^^^^^^^^^^^^^^^\n  File \"/usr/local/lib/python3.12/site-packages/telegram/_bot.py\", line 3868, in edit_message_text\n    return await self._send_message(\n           ^^^^^^^^^^^^^^^^^^^^^^^^^\n  File \"/usr/local/lib/python3.12/site-packages/telegram/ext/_extbot.py\", line 581, in _send_message\n    result = await super()._send_message(\n             ^^^^^^^^^^^^^^^^^^^^^^^^^^^^\n  File \"/usr/local/lib/python3.12/site-packages/telegram/_bot.py\", line 736, in _send_message\n    result = await self._post(\n             ^^^^^^^^^^^^^^^^^\n  File \"/usr/local/lib/python3.12/site-packages/telegram/_bot.py\", line 630, in _post\n    return await self._do_post(\n           ^^^^^^^^^^^^^^^^^^^^\n  File \"/usr/local/lib/python3.12/site-packages/telegram/ext/_extbot.py\", line 347, in _do_post\n    return await super()._do_post(\n           ^^^^^^^^^^^^^^^^^^^^^^^\n  File \"/usr/local/lib/python3.12/site-packages/telegram/_bot.py\", line 658, in _do_post\n    return await request.post(\n           ^^^^^^^^^^^^^^^^^^^\n  File \"/usr/local/lib/python3.12/site-packages/telegram/request/_baserequest.py\", line 200, in post\n    result = await self._request_wrapper(\n             ^^^^^^^^^^^^^^^^^^^^^^^^^^^^\n  File \"/usr/local/lib/python3.12/site-packages/telegram/request/_baserequest.py\", line 379, in _request_wrapper\n    raise BadRequest(message)\ntelegram.error.BadRequest: Message is not modified: specified new message content and reply markup are exactly the same as a current content and reply markup of the message\n"}
{"timestamp": "2025-05-17T10:49:38.065259Z", "level": "DEBUG", "instance": "@EDU_ArabicBot", "action": "UPDATE", "update": "{\"update_id\": 431473912, \"callback_query\": {\"id\": \"6038709913858364975\", \"from\": {\"id\": 5700964012, \"is_bot\": false, \"first_name\": \"Abduvohid Abdujalilov\", \"username\": \"abduvohid_dev\", \"language_code\": \"en\"}, \"message\": {\"message_id\": 1164, \"from\": {\"id\": 8098660158, \"is_bot\": true, \"first_name\": \"EduArabic\", \"username\": \"EDU_ArabicBot\"}, \"chat\": {\"id\": 5700964012, \"first_name\": \"Abduvohid Abdujalilov\", \"username\": \"abduvohid_dev\", \"type\": \"private\"}, \"date\": 1747478968, \"text\": \"1) Bro [0/12 ~0.00%] [\\ud83d\\udd15 \\ud83d\\udc65]\\nStatus: \\u23f8 Pause\\nLanguage: -\\nCursor: -\\nCreated at: 2025-05-17 15:49:28.574164\\n------------------------------------------------------\", \"entities\": [{\"offset\": 29, \"length\": 7, \"type\": \"bold\"}, {\"offset\": 45, \"length\": 9, \"type\": \"bold\"}, {\"offset\": 57, \"length\": 7, \"type\": \"bold\"}, {\"offset\": 67, \"length\": 11, \"type\": \"bold\"}], \"reply_markup\": {\"inline_keyboard\": [[{\"text\": \"Status: \\u23f8 Pause\", \"callback_data\": \"broadcast_status_toggle_1\"}, {\"text\": \"\\ud83d\\udce9 Show message\", \"callback_data\": \"broadcast_message_show_34\"}], [{\"text\": \"\\ud83d\\uddd1 Delete\", \"callback_data\": \"broadcast_delete_1\"}, {\"text\": \"\\ud83d\\udd04 Refresh\", \"callback_data\": \"broadcast_1\"}], [{\"text\": \"\\u2b05 Back\", \"callback_data\": \"broadcast\"}]]}}, \"chat_instance\": \"1528666451426664229\", \"data\": \"broadcast_delete_1\"}}"}
{"timestamp": "2025-05-17T10:49:42.156139Z", "level": "DEBUG", "instance": "@EDU_ArabicBot", "action": "UPDATE", "update": "{\"update_id\": 431473913, \"callback_query\": {\"id\": \"6038709915579459724\", \"from\": {\"id\": 5700964012, \"is_bot\": false, \"first_name\": \"Abduvohid Abdujalilov\", \"username\": \"abduvohid_dev\", \"language_code\": \"en\"}, \"message\": {\"message_id\": 1164, \"from\": {\"id\": 8098660158, \"is_bot\": true, \"first_name\": \"EduArabic\", \"username\": \"EDU_ArabicBot\"}, \"chat\": {\"id\": 5700964012, \"first_name\": \"Abduvohid Abdujalilov\", \"username\": \"abduvohid_dev\", \"type\": \"private\"}, \"date\": 1747478968, \"edit_date\": 1747478978, \"text\": \"\\ud83d\\udcef\\ufe0f Broadcasts:\", \"entities\": [{\"offset\": 4, \"length\": 10, \"type\": \"bold\"}], \"reply_markup\": {\"inline_keyboard\": [[{\"text\": \"\\u2b05\\ufe0f Back\", \"callback_data\": \"control_panel\"}, {\"text\": \"\\ud83c\\udd95 Create\", \"callback_data\": \"broadcast_create\"}]]}}, \"chat_instance\": \"1528666451426664229\", \"data\": \"control_panel\"}}"}
{"timestamp": "2025-05-17T10:49:46.300904Z", "level": "DEBUG", "instance": "@EDU_ArabicBot", "action": "UPDATE", "update": "{\"update_id\": 431473914, \"callback_query\": {\"id\": \"6038709917286700926\", \"from\": {\"id\": 5700964012, \"is_bot\": false, \"first_name\": \"Abduvohid Abdujalilov\", \"username\": \"abduvohid_dev\", \"language_code\": \"en\"}, \"message\": {\"message_id\": 1164, \"from\": {\"id\": 8098660158, \"is_bot\": true, \"first_name\": \"EduArabic\", \"username\": \"EDU_ArabicBot\"}, \"chat\": {\"id\": 5700964012, \"first_name\": \"Abduvohid Abdujalilov\", \"username\": \"abduvohid_dev\", \"type\": \"private\"}, \"date\": 1747478968, \"edit_date\": 1747478982, \"text\": \"Welcome to the control panel!\\n\\nCommands:\\n/set_admin - Set account as admin (/set_admin 12345)\\n/unset_admin - Unset account as admin (/unset_admin 12345)\\n/set_bot_name - Set bot name (/set_bot_name en MYBOT or /set_bot_name all MYBOT)\", \"entities\": [{\"offset\": 31, \"length\": 8, \"type\": \"bold\"}, {\"offset\": 41, \"length\": 10, \"type\": \"bot_command\"}, {\"offset\": 76, \"length\": 16, \"type\": \"code\"}, {\"offset\": 94, \"length\": 12, \"type\": \"bot_command\"}, {\"offset\": 133, \"length\": 18, \"type\": \"code\"}, {\"offset\": 153, \"length\": 13, \"type\": \"bot_command\"}, {\"offset\": 183, \"length\": 22, \"type\": \"code\"}, {\"offset\": 209, \"length\": 23, \"type\": \"code\"}], \"reply_markup\": {\"inline_keyboard\": [[{\"text\": \"\\ud83d\\udcd1\\ufe0f Advertisements (1)\", \"callback_data\": \"advertisement\"}, {\"text\": \"\\ud83d\\udcef\\ufe0f Broadcasts (0)\", \"callback_data\": \"broadcast\"}], [{\"text\": \"\\ud83d\\uddc3 Commands (1)\", \"callback_data\": \"command\"}, {\"text\": \"\\ud83d\\udc64 Join requests (0)\", \"callback_data\": \"join_requests\"}], [{\"text\": \"\\ud83d\\udde3 Languages (0)\", \"callback_data\": \"language\"}, {\"text\": \"\\ud83d\\udeaa Required joins (0)\", \"callback_data\": \"required_join\"}], [{\"text\": \"\\ud83e\\uddf5 Referrals (0)\", \"callback_data\": \"referral\"}, {\"text\": \"\\ud83d\\udcca Statistics\", \"callback_data\": \"statistics\"}]]}}, \"chat_instance\": \"1528666451426664229\", \"data\": \"command\"}}"}
{"timestamp": "2025-05-17T10:49:50.331720Z", "level": "DEBUG", "instance": "@EDU_ArabicBot", "action": "UPDATE", "update": "{\"update_id\": 431473915, \"callback_query\": {\"id\": \"6038709913905073227\", \"from\": {\"id\": 5700964012, \"is_bot\": false, \"first_name\": \"Abduvohid Abdujalilov\", \"username\": \"abduvohid_dev\", \"language_code\": \"en\"}, \"message\": {\"message_id\": 1164, \"from\": {\"id\": 8098660158, \"is_bot\": true, \"first_name\": \"EduArabic\", \"username\": \"EDU_ArabicBot\"}, \"chat\": {\"id\": 5700964012, \"first_name\": \"Abduvohid Abdujalilov\", \"username\": \"abduvohid_dev\", \"type\": \"private\"}, \"date\": 1747478968, \"edit_date\": 1747478986, \"text\": \"\\ud83d\\uddc3 Commands:\\n\\n1)  /start \\nMessages: 1\\nCreated at: 2025-05-17 15:36:03.239905\", \"entities\": [{\"offset\": 3, \"length\": 8, \"type\": \"bold\"}, {\"offset\": 18, \"length\": 6, \"type\": \"bot_command\"}, {\"offset\": 18, \"length\": 6, \"type\": \"bold\"}, {\"offset\": 26, \"length\": 9, \"type\": \"bold\"}, {\"offset\": 38, \"length\": 11, \"type\": \"bold\"}], \"reply_markup\": {\"inline_keyboard\": [[{\"text\": \"\\u270f\\ufe0f 1\", \"callback_data\": \"command_1\"}], [{\"text\": \"\\u2b05\\ufe0f Back\", \"callback_data\": \"control_panel\"}, {\"text\": \"\\ud83c\\udd95 Create\", \"callback_data\": \"command_create\"}]]}}, \"chat_instance\": \"1528666451426664229\", \"data\": \"command_1\"}}"}
